2020-10-04 03:31:33,130:INFO: Loading the datasets...
2020-10-04 03:32:12,530:INFO: Loading the datasets...
2020-10-04 03:34:00,970:INFO: Loading the datasets...
2020-10-04 03:34:14,032:INFO: Loading the datasets...
2020-10-04 03:34:16,073:INFO: - done.
2020-10-04 03:35:54,913:INFO: Loading the datasets...
2020-10-04 03:35:56,946:INFO: - done.
2020-10-04 03:36:17,025:INFO: Loading the datasets...
2020-10-04 03:36:19,051:INFO: - done.
2020-10-04 03:36:20,517:INFO: Starting training for 10 epoch(s)
2020-10-04 03:36:20,518:INFO: Epoch 1/10
2020-10-04 03:36:54,494:INFO: Loading the datasets...
2020-10-04 03:36:56,524:INFO: - done.
2020-10-04 03:36:58,007:INFO: Starting training for 10 epoch(s)
2020-10-04 03:36:58,007:INFO: Epoch 1/10
2020-10-04 03:37:19,947:INFO: - Train metrics: accuracy: 0.363 ; loss: 1.716
2020-10-04 03:37:22,927:INFO: - Eval metrics : accuracy: 0.489 ; loss: 1.419
2020-10-04 03:37:22,954:INFO: - Found new best accuracy
2020-10-04 03:37:22,958:INFO: Epoch 2/10
2020-10-04 03:37:43,688:INFO: - Train metrics: accuracy: 0.506 ; loss: 1.384
2020-10-04 03:37:46,663:INFO: - Eval metrics : accuracy: 0.552 ; loss: 1.254
2020-10-04 03:37:46,673:INFO: - Found new best accuracy
2020-10-04 03:37:46,675:INFO: Epoch 3/10
2020-10-04 03:38:07,546:INFO: - Train metrics: accuracy: 0.635 ; loss: 1.099
2020-10-04 03:38:10,520:INFO: - Eval metrics : accuracy: 0.576 ; loss: 1.191
2020-10-04 03:38:10,531:INFO: - Found new best accuracy
2020-10-04 03:38:10,533:INFO: Epoch 4/10
2020-10-04 03:38:31,387:INFO: - Train metrics: accuracy: 0.582 ; loss: 1.131
2020-10-04 03:38:34,360:INFO: - Eval metrics : accuracy: 0.598 ; loss: 1.132
2020-10-04 03:38:34,365:INFO: - Found new best accuracy
2020-10-04 03:38:34,366:INFO: Epoch 5/10
2020-10-04 03:38:55,008:INFO: - Train metrics: accuracy: 0.648 ; loss: 0.995
2020-10-04 03:38:57,983:INFO: - Eval metrics : accuracy: 0.600 ; loss: 1.126
2020-10-04 03:38:57,993:INFO: - Found new best accuracy
2020-10-04 03:38:57,996:INFO: Epoch 6/10
2020-10-04 03:39:18,712:INFO: - Train metrics: accuracy: 0.652 ; loss: 0.952
2020-10-04 03:39:21,687:INFO: - Eval metrics : accuracy: 0.621 ; loss: 1.070
2020-10-04 03:39:21,707:INFO: - Found new best accuracy
2020-10-04 03:39:21,709:INFO: Epoch 7/10
2020-10-04 03:39:42,283:INFO: - Train metrics: accuracy: 0.691 ; loss: 0.859
2020-10-04 03:39:45,256:INFO: - Eval metrics : accuracy: 0.627 ; loss: 1.067
2020-10-04 03:39:45,278:INFO: - Found new best accuracy
2020-10-04 03:39:45,279:INFO: Epoch 8/10
2020-10-04 03:40:08,304:INFO: - Train metrics: accuracy: 0.672 ; loss: 0.899
2020-10-04 03:40:11,281:INFO: - Eval metrics : accuracy: 0.633 ; loss: 1.063
2020-10-04 03:40:11,303:INFO: - Found new best accuracy
2020-10-04 03:40:11,305:INFO: Epoch 9/10
2020-10-04 03:40:56,561:INFO: - Train metrics: accuracy: 0.668 ; loss: 0.913
2020-10-04 03:40:59,537:INFO: - Eval metrics : accuracy: 0.624 ; loss: 1.085
2020-10-04 03:40:59,552:INFO: Epoch 10/10
2020-10-04 03:41:33,311:INFO: - Train metrics: accuracy: 0.674 ; loss: 0.854
2020-10-04 03:41:36,287:INFO: - Eval metrics : accuracy: 0.626 ; loss: 1.091
2020-10-04 03:48:43,992:INFO: Loading the datasets...
2020-10-04 03:48:46,187:INFO: - done.
2020-10-04 03:48:47,668:INFO: Starting training for 10 epoch(s)
2020-10-04 03:48:47,668:INFO: Epoch 1/10
2020-10-04 03:53:52,990:INFO: Loading the datasets...
2020-10-04 03:53:55,018:INFO: - done.
2020-10-04 03:53:56,516:INFO: Starting training for 10 epoch(s)
2020-10-04 03:53:56,516:INFO: Epoch 1/10
2020-10-04 03:56:29,729:INFO: Loading the datasets...
2020-10-04 03:56:31,758:INFO: - done.
2020-10-04 03:56:33,240:INFO: Starting training for 10 epoch(s)
2020-10-04 03:56:33,240:INFO: Epoch 1/10
2020-10-04 03:56:56,865:INFO: Loading the datasets...
2020-10-04 03:56:58,898:INFO: - done.
2020-10-04 03:57:00,387:INFO: Starting training for 10 epoch(s)
2020-10-04 03:57:00,387:INFO: Epoch 1/10
2020-10-04 03:57:21,270:INFO: - Train metrics: accuracy: 0.361 ; loss: 1.721
2020-10-04 03:57:24,222:INFO: - Eval metrics : accuracy: 0.492 ; loss: 1.409
2020-10-04 03:57:24,241:INFO: - Found new best accuracy
2020-10-04 03:57:24,242:INFO: Epoch 2/10
2020-10-04 03:58:00,039:INFO: Loading the datasets...
2020-10-04 03:58:02,072:INFO: - done.
2020-10-04 03:58:03,553:INFO: Starting training for 10 epoch(s)
2020-10-04 03:58:03,553:INFO: Epoch 1/10
2020-10-04 03:58:25,251:INFO: - Train metrics: accuracy: 0.373 ; loss: 1.713
2020-10-04 03:58:28,212:INFO: - Eval metrics : accuracy: 0.490 ; loss: 1.429
2020-10-04 03:58:28,235:INFO: - Found new best accuracy
2020-10-04 03:58:28,235:INFO: Epoch 2/10
2020-10-04 03:58:41,912:INFO: Loading the datasets...
2020-10-04 03:58:43,934:INFO: - done.
2020-10-04 03:58:45,433:INFO: Starting training for 10 epoch(s)
2020-10-04 03:58:45,434:INFO: Epoch 1/10
2020-10-04 03:59:06,227:INFO: - Train metrics: accuracy: 0.365 ; loss: 1.711
2020-10-04 03:59:09,180:INFO: - Eval metrics : accuracy: 0.493 ; loss: 1.409
2020-10-04 03:59:09,201:INFO: - Found new best accuracy
2020-10-04 03:59:09,202:INFO: Epoch 2/10
2020-10-04 03:59:28,997:INFO: - Train metrics: accuracy: 0.508 ; loss: 1.356
2020-10-04 03:59:31,948:INFO: - Eval metrics : accuracy: 0.560 ; loss: 1.242
2020-10-04 03:59:31,953:INFO: - Found new best accuracy
2020-10-04 03:59:31,954:INFO: Epoch 3/10
2020-10-04 03:59:51,607:INFO: - Train metrics: accuracy: 0.627 ; loss: 1.088
2020-10-04 03:59:54,555:INFO: - Eval metrics : accuracy: 0.586 ; loss: 1.164
2020-10-04 03:59:54,574:INFO: - Found new best accuracy
2020-10-04 03:59:54,576:INFO: Epoch 4/10
2020-10-04 04:00:14,316:INFO: - Train metrics: accuracy: 0.617 ; loss: 1.120
2020-10-04 04:00:17,267:INFO: - Eval metrics : accuracy: 0.607 ; loss: 1.112
2020-10-04 04:00:17,287:INFO: - Found new best accuracy
2020-10-04 04:00:17,287:INFO: Epoch 5/10
2020-10-04 04:00:36,911:INFO: - Train metrics: accuracy: 0.662 ; loss: 0.972
2020-10-04 04:00:39,860:INFO: - Eval metrics : accuracy: 0.615 ; loss: 1.091
2020-10-04 04:00:39,897:INFO: - Found new best accuracy
2020-10-04 04:00:39,897:INFO: Epoch 6/10
2020-10-04 04:00:59,548:INFO: - Train metrics: accuracy: 0.668 ; loss: 0.914
2020-10-04 04:01:02,499:INFO: - Eval metrics : accuracy: 0.615 ; loss: 1.098
2020-10-04 04:01:02,509:INFO: Epoch 7/10
2020-10-04 04:01:22,247:INFO: - Train metrics: accuracy: 0.695 ; loss: 0.831
2020-10-04 04:01:25,197:INFO: - Eval metrics : accuracy: 0.632 ; loss: 1.057
2020-10-04 04:01:25,210:INFO: - Found new best accuracy
2020-10-04 04:01:25,210:INFO: Epoch 8/10
2020-10-04 04:01:44,863:INFO: - Train metrics: accuracy: 0.697 ; loss: 0.883
2020-10-04 04:01:47,809:INFO: - Eval metrics : accuracy: 0.641 ; loss: 1.058
2020-10-04 04:01:47,824:INFO: - Found new best accuracy
2020-10-04 04:01:47,824:INFO: Epoch 9/10
2020-10-04 04:02:07,695:INFO: - Train metrics: accuracy: 0.654 ; loss: 0.929
2020-10-04 04:02:10,922:INFO: - Eval metrics : accuracy: 0.629 ; loss: 1.082
2020-10-04 04:02:10,928:INFO: Epoch 10/10
2020-10-04 04:02:31,809:INFO: - Train metrics: accuracy: 0.709 ; loss: 0.810
2020-10-04 04:02:35,100:INFO: - Eval metrics : accuracy: 0.635 ; loss: 1.062
2020-10-04 04:09:55,816:INFO: Loading the datasets...
2020-10-04 04:09:57,847:INFO: - done.
2020-10-04 04:09:59,335:INFO: Starting training for 10 epoch(s)
2020-10-04 04:09:59,336:INFO: Epoch 1/10
2020-10-04 04:10:21,071:INFO: - Train metrics: accuracy: 0.365 ; loss: 1.719
2020-10-04 04:10:24,195:INFO: - Eval metrics : accuracy: 0.481 ; loss: 1.447
2020-10-04 04:10:24,216:INFO: - Found new best accuracy
2020-10-04 04:10:24,219:INFO: Epoch 2/10
2020-10-04 04:10:44,494:INFO: - Train metrics: accuracy: 0.479 ; loss: 1.383
2020-10-04 04:10:47,451:INFO: - Eval metrics : accuracy: 0.555 ; loss: 1.253
2020-10-04 04:10:47,479:INFO: - Found new best accuracy
2020-10-04 04:10:47,480:INFO: Epoch 3/10
2020-10-04 04:11:06,903:INFO: - Train metrics: accuracy: 0.629 ; loss: 1.114
2020-10-04 04:11:09,862:INFO: - Eval metrics : accuracy: 0.572 ; loss: 1.199
2020-10-04 04:11:09,868:INFO: - Found new best accuracy
2020-10-04 04:11:09,868:INFO: Epoch 4/10
2020-10-04 04:12:45,093:INFO: Loading the datasets...
2020-10-04 04:12:47,119:INFO: - done.
2020-10-04 04:12:51,824:INFO: Loading the datasets...
2020-10-04 04:12:53,859:INFO: - done.
2020-10-04 04:12:55,342:INFO: Starting training for 10 epoch(s)
2020-10-04 04:12:55,342:INFO: Epoch 1/10
2020-10-04 04:13:16,543:INFO: - Train metrics: accuracy: 0.365 ; loss: 1.726
2020-10-04 04:13:19,524:INFO: - Eval metrics : accuracy: 0.490 ; loss: 1.423
2020-10-04 04:13:19,591:INFO: - Found new best accuracy
2020-10-04 04:13:19,594:INFO: Epoch 2/10
2020-10-04 04:13:40,233:INFO: - Train metrics: accuracy: 0.500 ; loss: 1.384
2020-10-04 04:13:43,211:INFO: - Eval metrics : accuracy: 0.550 ; loss: 1.259
2020-10-04 04:13:43,221:INFO: - Found new best accuracy
2020-10-04 04:13:43,225:INFO: Epoch 3/10
2020-10-04 04:14:03,896:INFO: - Train metrics: accuracy: 0.631 ; loss: 1.099
2020-10-04 04:14:06,873:INFO: - Eval metrics : accuracy: 0.587 ; loss: 1.174
2020-10-04 04:14:06,884:INFO: - Found new best accuracy
2020-10-04 04:14:06,887:INFO: Epoch 4/10
2020-10-04 04:14:27,349:INFO: - Train metrics: accuracy: 0.617 ; loss: 1.126
2020-10-04 04:14:30,323:INFO: - Eval metrics : accuracy: 0.601 ; loss: 1.122
2020-10-04 04:14:30,334:INFO: - Found new best accuracy
2020-10-04 04:14:30,337:INFO: Epoch 5/10
2020-10-04 04:23:07,159:INFO: Loading the datasets...
2020-10-04 04:23:09,188:INFO: - done.
2020-10-04 04:23:51,869:INFO: Loading the datasets...
2020-10-04 04:23:53,904:INFO: - done.
2020-10-04 04:23:55,388:INFO: Starting training for 30 epoch(s)
2020-10-04 04:23:55,388:INFO: Epoch 1/30
2020-10-04 04:24:14,413:INFO: - Train metrics: accuracy: 0.166 ; loss: 2.222
2020-10-04 04:24:17,359:INFO: - Eval metrics : accuracy: 0.270 ; loss: 1.981
2020-10-04 04:24:17,373:INFO: - Found new best accuracy
2020-10-04 04:24:17,373:INFO: Epoch 2/30
2020-10-04 04:24:35,064:INFO: - Train metrics: accuracy: 0.273 ; loss: 1.884
2020-10-04 04:24:38,008:INFO: - Eval metrics : accuracy: 0.385 ; loss: 1.690
2020-10-04 04:24:38,018:INFO: - Found new best accuracy
2020-10-04 04:24:38,021:INFO: Epoch 3/30
2020-10-04 04:24:55,792:INFO: - Train metrics: accuracy: 0.453 ; loss: 1.517
2020-10-04 04:24:58,735:INFO: - Eval metrics : accuracy: 0.423 ; loss: 1.585
2020-10-04 04:24:58,744:INFO: - Found new best accuracy
2020-10-04 04:24:58,747:INFO: Epoch 4/30
2020-10-04 04:25:09,492:INFO: Loading the datasets...
2020-10-04 04:25:11,521:INFO: - done.
2020-10-04 04:25:13,005:INFO: Starting training for 30 epoch(s)
2020-10-04 04:25:13,005:INFO: Epoch 1/30
2020-10-04 04:25:44,570:INFO: Loading the datasets...
2020-10-04 04:25:46,598:INFO: - done.
2020-10-04 04:25:48,098:INFO: Starting training for 30 epoch(s)
2020-10-04 04:25:48,098:INFO: Epoch 1/30
2020-10-04 04:26:25,675:INFO: Loading the datasets...
2020-10-04 04:26:27,709:INFO: - done.
2020-10-04 04:26:29,213:INFO: Starting training for 30 epoch(s)
2020-10-04 04:26:29,213:INFO: Epoch 1/30
2020-10-04 04:26:35,446:INFO: Loading the datasets...
2020-10-04 04:26:37,485:INFO: - done.
2020-10-04 04:26:38,965:INFO: Starting training for 30 epoch(s)
2020-10-04 04:26:38,965:INFO: Epoch 1/30
2020-10-04 04:26:59,000:INFO: - Train metrics: accuracy: 0.166 ; loss: 2.222
2020-10-04 04:27:01,968:INFO: - Eval metrics : accuracy: 0.271 ; loss: 1.981
2020-10-04 04:27:01,984:INFO: - Found new best accuracy
2020-10-04 04:27:01,984:INFO: Epoch 2/30
2020-10-04 04:27:20,482:INFO: - Train metrics: accuracy: 0.270 ; loss: 1.885
2020-10-04 04:27:23,454:INFO: - Eval metrics : accuracy: 0.385 ; loss: 1.693
2020-10-04 04:27:23,464:INFO: - Found new best accuracy
2020-10-04 04:27:23,467:INFO: Epoch 3/30
2020-10-04 04:27:42,183:INFO: - Train metrics: accuracy: 0.447 ; loss: 1.517
2020-10-04 04:27:45,153:INFO: - Eval metrics : accuracy: 0.422 ; loss: 1.586
2020-10-04 04:27:45,163:INFO: - Found new best accuracy
2020-10-04 04:27:45,165:INFO: Epoch 4/30
2020-10-04 04:28:03,905:INFO: - Train metrics: accuracy: 0.439 ; loss: 1.576
2020-10-04 04:28:06,878:INFO: - Eval metrics : accuracy: 0.478 ; loss: 1.450
2020-10-04 04:28:06,888:INFO: - Found new best accuracy
2020-10-04 04:28:06,890:INFO: Epoch 5/30
2020-10-04 04:28:25,825:INFO: - Train metrics: accuracy: 0.523 ; loss: 1.360
2020-10-04 04:28:28,792:INFO: - Eval metrics : accuracy: 0.518 ; loss: 1.361
2020-10-04 04:28:28,802:INFO: - Found new best accuracy
2020-10-04 04:28:28,805:INFO: Epoch 6/30
2020-10-04 04:28:47,469:INFO: - Train metrics: accuracy: 0.531 ; loss: 1.292
2020-10-04 04:28:50,435:INFO: - Eval metrics : accuracy: 0.541 ; loss: 1.278
2020-10-04 04:28:50,449:INFO: - Found new best accuracy
2020-10-04 04:28:50,449:INFO: Epoch 7/30
2020-10-04 04:29:09,185:INFO: - Train metrics: accuracy: 0.594 ; loss: 1.179
2020-10-04 04:29:12,159:INFO: - Eval metrics : accuracy: 0.547 ; loss: 1.265
2020-10-04 04:29:12,173:INFO: - Found new best accuracy
2020-10-04 04:29:12,174:INFO: Epoch 8/30
2020-10-04 04:29:30,835:INFO: - Train metrics: accuracy: 0.547 ; loss: 1.272
2020-10-04 04:29:33,802:INFO: - Eval metrics : accuracy: 0.568 ; loss: 1.214
2020-10-04 04:29:33,811:INFO: - Found new best accuracy
2020-10-04 04:29:33,814:INFO: Epoch 9/30
2020-10-04 04:29:52,644:INFO: - Train metrics: accuracy: 0.561 ; loss: 1.245
2020-10-04 04:29:55,611:INFO: - Eval metrics : accuracy: 0.576 ; loss: 1.184
2020-10-04 04:29:55,625:INFO: - Found new best accuracy
2020-10-04 04:29:55,626:INFO: Epoch 10/30
2020-10-04 04:30:14,210:INFO: - Train metrics: accuracy: 0.555 ; loss: 1.151
2020-10-04 04:30:17,213:INFO: - Eval metrics : accuracy: 0.594 ; loss: 1.151
2020-10-04 04:30:17,228:INFO: - Found new best accuracy
2020-10-04 04:30:17,229:INFO: Epoch 11/30
2020-10-04 04:30:35,914:INFO: - Train metrics: accuracy: 0.576 ; loss: 1.157
2020-10-04 04:30:38,880:INFO: - Eval metrics : accuracy: 0.598 ; loss: 1.142
2020-10-04 04:30:38,890:INFO: - Found new best accuracy
2020-10-04 04:30:38,892:INFO: Epoch 12/30
2020-10-04 04:30:57,711:INFO: - Train metrics: accuracy: 0.645 ; loss: 1.045
2020-10-04 04:31:00,677:INFO: - Eval metrics : accuracy: 0.595 ; loss: 1.146
2020-10-04 04:31:00,697:INFO: Epoch 13/30
2020-10-04 04:31:19,408:INFO: - Train metrics: accuracy: 0.590 ; loss: 1.069
2020-10-04 04:31:22,375:INFO: - Eval metrics : accuracy: 0.607 ; loss: 1.125
2020-10-04 04:31:22,472:INFO: - Found new best accuracy
2020-10-04 04:31:22,474:INFO: Epoch 14/30
2020-10-04 04:31:41,206:INFO: - Train metrics: accuracy: 0.623 ; loss: 1.023
2020-10-04 04:31:44,173:INFO: - Eval metrics : accuracy: 0.605 ; loss: 1.116
2020-10-04 04:31:44,187:INFO: Epoch 15/30
2020-10-04 04:32:02,919:INFO: - Train metrics: accuracy: 0.658 ; loss: 0.952
2020-10-04 04:32:05,893:INFO: - Eval metrics : accuracy: 0.615 ; loss: 1.097
2020-10-04 04:32:05,933:INFO: - Found new best accuracy
2020-10-04 04:32:05,934:INFO: Epoch 16/30
2020-10-04 04:32:23,797:INFO: - Train metrics: accuracy: 0.676 ; loss: 0.895
2020-10-04 04:32:26,765:INFO: - Eval metrics : accuracy: 0.620 ; loss: 1.081
2020-10-04 04:32:26,774:INFO: - Found new best accuracy
2020-10-04 04:32:26,777:INFO: Epoch 17/30
2020-10-04 04:32:44,373:INFO: - Train metrics: accuracy: 0.648 ; loss: 1.006
2020-10-04 04:32:47,338:INFO: - Eval metrics : accuracy: 0.622 ; loss: 1.093
2020-10-04 04:32:47,354:INFO: - Found new best accuracy
2020-10-04 04:32:47,354:INFO: Epoch 18/30
2020-10-04 04:33:05,022:INFO: - Train metrics: accuracy: 0.672 ; loss: 0.934
2020-10-04 04:33:07,997:INFO: - Eval metrics : accuracy: 0.613 ; loss: 1.113
2020-10-04 04:33:08,007:INFO: Epoch 19/30
2020-10-04 04:33:25,688:INFO: - Train metrics: accuracy: 0.678 ; loss: 0.900
2020-10-04 04:33:28,656:INFO: - Eval metrics : accuracy: 0.624 ; loss: 1.084
2020-10-04 04:33:28,667:INFO: - Found new best accuracy
2020-10-04 04:33:28,668:INFO: Epoch 20/30
2020-10-04 04:33:46,319:INFO: - Train metrics: accuracy: 0.691 ; loss: 0.860
2020-10-04 04:33:49,284:INFO: - Eval metrics : accuracy: 0.625 ; loss: 1.072
2020-10-04 04:33:49,297:INFO: - Found new best accuracy
2020-10-04 04:33:49,298:INFO: Epoch 21/30
2020-10-04 04:34:07,006:INFO: - Train metrics: accuracy: 0.691 ; loss: 0.841
2020-10-04 04:34:09,972:INFO: - Eval metrics : accuracy: 0.631 ; loss: 1.070
2020-10-04 04:34:09,981:INFO: - Found new best accuracy
2020-10-04 04:34:09,981:INFO: Epoch 22/30
2020-10-04 04:34:27,659:INFO: - Train metrics: accuracy: 0.711 ; loss: 0.794
2020-10-04 04:34:30,627:INFO: - Eval metrics : accuracy: 0.632 ; loss: 1.092
2020-10-04 04:34:30,636:INFO: - Found new best accuracy
2020-10-04 04:34:30,639:INFO: Epoch 23/30
2020-10-04 04:34:48,281:INFO: - Train metrics: accuracy: 0.744 ; loss: 0.779
2020-10-04 04:34:51,252:INFO: - Eval metrics : accuracy: 0.638 ; loss: 1.072
2020-10-04 04:34:51,268:INFO: - Found new best accuracy
2020-10-04 04:34:51,269:INFO: Epoch 24/30
2020-10-04 04:35:08,983:INFO: - Train metrics: accuracy: 0.738 ; loss: 0.723
2020-10-04 04:35:11,951:INFO: - Eval metrics : accuracy: 0.634 ; loss: 1.082
2020-10-04 04:35:11,958:INFO: Epoch 25/30
2020-10-04 04:35:29,584:INFO: - Train metrics: accuracy: 0.709 ; loss: 0.797
2020-10-04 04:35:32,554:INFO: - Eval metrics : accuracy: 0.636 ; loss: 1.087
2020-10-04 04:35:32,563:INFO: Epoch 26/30
2020-10-04 04:35:50,236:INFO: - Train metrics: accuracy: 0.734 ; loss: 0.735
2020-10-04 04:35:53,202:INFO: - Eval metrics : accuracy: 0.631 ; loss: 1.120
2020-10-04 04:35:53,213:INFO: Epoch 27/30
2020-10-04 04:36:10,971:INFO: - Train metrics: accuracy: 0.740 ; loss: 0.752
2020-10-04 04:36:13,941:INFO: - Eval metrics : accuracy: 0.629 ; loss: 1.137
2020-10-04 04:36:13,950:INFO: Epoch 28/30
2020-10-04 04:36:31,641:INFO: - Train metrics: accuracy: 0.764 ; loss: 0.699
2020-10-04 04:36:34,609:INFO: - Eval metrics : accuracy: 0.625 ; loss: 1.154
2020-10-04 04:36:34,617:INFO: Epoch 29/30
2020-10-04 04:36:52,233:INFO: - Train metrics: accuracy: 0.740 ; loss: 0.709
2020-10-04 04:36:55,200:INFO: - Eval metrics : accuracy: 0.631 ; loss: 1.159
2020-10-04 04:36:55,210:INFO: Epoch 30/30
2020-10-04 04:37:12,850:INFO: - Train metrics: accuracy: 0.768 ; loss: 0.670
2020-10-04 04:37:15,818:INFO: - Eval metrics : accuracy: 0.624 ; loss: 1.181
2020-10-06 06:46:52,853:INFO: Loading the datasets...
2020-10-06 06:46:54,590:INFO: - done.
2020-10-06 06:47:32,630:INFO: Loading the datasets...
2020-10-06 06:47:34,028:INFO: - done.
2020-10-06 06:47:47,695:INFO: Starting training for 30 epoch(s)
2020-10-06 06:47:47,696:INFO: Epoch 1/30
2020-10-06 06:48:22,029:INFO: - Train metrics: accuracy: 0.166 ; loss: 2.221
2020-10-06 06:48:24,992:INFO: - Eval metrics : accuracy: 0.270 ; loss: 1.980
2020-10-06 06:48:25,012:INFO: - Found new best accuracy
2020-10-06 06:48:25,013:INFO: Epoch 2/30
2020-10-06 06:48:42,692:INFO: - Train metrics: accuracy: 0.307 ; loss: 1.883
2020-10-06 06:48:45,653:INFO: - Eval metrics : accuracy: 0.385 ; loss: 1.687
2020-10-06 06:48:45,663:INFO: - Found new best accuracy
2020-10-06 06:48:45,666:INFO: Epoch 3/30
2020-10-06 06:49:03,128:INFO: - Train metrics: accuracy: 0.395 ; loss: 1.669
2020-10-06 06:49:06,085:INFO: - Eval metrics : accuracy: 0.443 ; loss: 1.532
2020-10-06 06:49:06,095:INFO: - Found new best accuracy
2020-10-06 06:49:06,098:INFO: Epoch 4/30
2020-10-07 03:15:09,072:INFO: Loading the datasets...
2020-10-07 03:15:10,904:INFO: - done.
2020-10-07 03:15:23,142:INFO: Starting training for 30 epoch(s)
2020-10-07 03:15:23,142:INFO: Epoch 1/30
2020-10-07 03:15:53,983:INFO: - Train metrics: accuracy: 0.174 ; loss: 2.126
2020-10-07 03:15:56,954:INFO: - Eval metrics : accuracy: 0.329 ; loss: 1.822
2020-10-07 03:15:56,993:INFO: - Found new best accuracy
2020-10-07 03:15:57,003:INFO: Epoch 2/30
2020-10-07 03:16:19,286:INFO: - Train metrics: accuracy: 0.324 ; loss: 1.869
2020-10-07 03:16:22,251:INFO: - Eval metrics : accuracy: 0.420 ; loss: 1.609
2020-10-07 03:16:22,273:INFO: - Found new best accuracy
2020-10-07 03:16:22,274:INFO: Epoch 3/30
2020-10-07 03:16:44,253:INFO: - Train metrics: accuracy: 0.379 ; loss: 1.640
2020-10-07 03:16:47,219:INFO: - Eval metrics : accuracy: 0.471 ; loss: 1.461
2020-10-07 03:16:47,234:INFO: - Found new best accuracy
2020-10-07 03:16:47,236:INFO: Epoch 4/30
2020-10-07 03:17:09,402:INFO: - Train metrics: accuracy: 0.461 ; loss: 1.498
2020-10-07 03:17:12,367:INFO: - Eval metrics : accuracy: 0.477 ; loss: 1.430
2020-10-07 03:17:12,377:INFO: - Found new best accuracy
2020-10-07 03:17:12,380:INFO: Epoch 5/30
2020-10-07 03:17:34,422:INFO: - Train metrics: accuracy: 0.473 ; loss: 1.440
2020-10-07 03:17:37,386:INFO: - Eval metrics : accuracy: 0.539 ; loss: 1.302
2020-10-07 03:17:37,399:INFO: - Found new best accuracy
2020-10-07 03:17:37,402:INFO: Epoch 6/30
2020-10-07 03:17:59,630:INFO: - Train metrics: accuracy: 0.486 ; loss: 1.461
2020-10-07 03:18:02,595:INFO: - Eval metrics : accuracy: 0.547 ; loss: 1.277
2020-10-07 03:18:02,619:INFO: - Found new best accuracy
2020-10-07 03:18:02,620:INFO: Epoch 7/30
2020-10-07 03:18:24,772:INFO: - Train metrics: accuracy: 0.498 ; loss: 1.384
2020-10-07 03:18:27,737:INFO: - Eval metrics : accuracy: 0.564 ; loss: 1.224
2020-10-07 03:18:27,759:INFO: - Found new best accuracy
2020-10-07 03:18:27,760:INFO: Epoch 8/30
2020-10-07 03:18:50,038:INFO: - Train metrics: accuracy: 0.533 ; loss: 1.298
2020-10-07 03:18:53,005:INFO: - Eval metrics : accuracy: 0.575 ; loss: 1.200
2020-10-07 03:18:53,021:INFO: - Found new best accuracy
2020-10-07 03:18:53,022:INFO: Epoch 9/30
2020-10-07 03:19:15,167:INFO: - Train metrics: accuracy: 0.545 ; loss: 1.294
2020-10-07 03:19:18,131:INFO: - Eval metrics : accuracy: 0.577 ; loss: 1.184
2020-10-07 03:19:18,147:INFO: - Found new best accuracy
2020-10-07 03:19:18,147:INFO: Epoch 10/30
2020-10-07 03:19:40,031:INFO: - Train metrics: accuracy: 0.557 ; loss: 1.289
2020-10-07 03:19:42,996:INFO: - Eval metrics : accuracy: 0.592 ; loss: 1.159
2020-10-07 03:19:43,005:INFO: - Found new best accuracy
2020-10-07 03:19:43,005:INFO: Epoch 11/30
2020-10-07 03:20:05,248:INFO: - Train metrics: accuracy: 0.557 ; loss: 1.312
2020-10-07 03:20:08,218:INFO: - Eval metrics : accuracy: 0.594 ; loss: 1.148
2020-10-07 03:20:08,228:INFO: - Found new best accuracy
2020-10-07 03:20:08,230:INFO: Epoch 12/30
2020-10-07 03:20:30,420:INFO: - Train metrics: accuracy: 0.592 ; loss: 1.119
2020-10-07 03:20:33,387:INFO: - Eval metrics : accuracy: 0.607 ; loss: 1.120
2020-10-07 03:20:33,398:INFO: - Found new best accuracy
2020-10-07 03:20:33,401:INFO: Epoch 13/30
2020-10-07 03:20:55,593:INFO: - Train metrics: accuracy: 0.602 ; loss: 1.142
2020-10-07 03:20:58,556:INFO: - Eval metrics : accuracy: 0.612 ; loss: 1.104
2020-10-07 03:20:58,577:INFO: - Found new best accuracy
2020-10-07 03:20:58,579:INFO: Epoch 14/30
2020-10-07 03:21:20,786:INFO: - Train metrics: accuracy: 0.572 ; loss: 1.206
2020-10-07 03:21:23,760:INFO: - Eval metrics : accuracy: 0.611 ; loss: 1.109
2020-10-07 03:21:23,767:INFO: Epoch 15/30
2020-10-07 03:21:45,789:INFO: - Train metrics: accuracy: 0.604 ; loss: 1.100
2020-10-07 03:21:48,755:INFO: - Eval metrics : accuracy: 0.609 ; loss: 1.106
2020-10-07 03:21:48,765:INFO: Epoch 16/30
2020-10-07 03:22:10,969:INFO: - Train metrics: accuracy: 0.584 ; loss: 1.133
2020-10-07 03:22:13,932:INFO: - Eval metrics : accuracy: 0.620 ; loss: 1.077
2020-10-07 03:22:13,942:INFO: - Found new best accuracy
2020-10-07 03:22:13,946:INFO: Epoch 17/30
2020-10-07 03:22:36,170:INFO: - Train metrics: accuracy: 0.561 ; loss: 1.191
2020-10-07 03:22:39,199:INFO: - Eval metrics : accuracy: 0.624 ; loss: 1.072
2020-10-07 03:22:39,209:INFO: - Found new best accuracy
2020-10-07 03:22:39,212:INFO: Epoch 18/30
2020-10-07 03:23:01,413:INFO: - Train metrics: accuracy: 0.617 ; loss: 1.049
2020-10-07 03:23:04,376:INFO: - Eval metrics : accuracy: 0.632 ; loss: 1.053
2020-10-07 03:23:04,387:INFO: - Found new best accuracy
2020-10-07 03:23:04,389:INFO: Epoch 19/30
2020-10-07 03:23:26,596:INFO: - Train metrics: accuracy: 0.592 ; loss: 1.144
2020-10-07 03:23:29,560:INFO: - Eval metrics : accuracy: 0.644 ; loss: 1.033
2020-10-07 03:23:29,573:INFO: - Found new best accuracy
2020-10-07 03:23:29,573:INFO: Epoch 20/30
2020-10-07 03:23:51,748:INFO: - Train metrics: accuracy: 0.590 ; loss: 1.105
2020-10-07 03:23:54,718:INFO: - Eval metrics : accuracy: 0.632 ; loss: 1.043
2020-10-07 03:23:54,732:INFO: Epoch 21/30
2020-10-07 03:24:16,833:INFO: - Train metrics: accuracy: 0.576 ; loss: 1.175
2020-10-07 03:24:19,796:INFO: - Eval metrics : accuracy: 0.634 ; loss: 1.057
2020-10-07 03:24:19,810:INFO: Epoch 22/30
2020-10-07 03:24:41,785:INFO: - Train metrics: accuracy: 0.562 ; loss: 1.233
2020-10-07 03:24:44,751:INFO: - Eval metrics : accuracy: 0.650 ; loss: 1.000
2020-10-07 03:24:44,765:INFO: - Found new best accuracy
2020-10-07 03:24:44,770:INFO: Epoch 23/30
2020-10-07 03:25:07,012:INFO: - Train metrics: accuracy: 0.607 ; loss: 1.094
2020-10-07 03:25:09,977:INFO: - Eval metrics : accuracy: 0.647 ; loss: 1.012
2020-10-07 03:25:09,986:INFO: Epoch 24/30
2020-10-07 03:25:32,139:INFO: - Train metrics: accuracy: 0.613 ; loss: 1.119
2020-10-07 03:25:35,103:INFO: - Eval metrics : accuracy: 0.639 ; loss: 1.026
2020-10-07 03:25:35,112:INFO: Epoch 25/30
2020-10-07 03:25:57,300:INFO: - Train metrics: accuracy: 0.598 ; loss: 1.140
2020-10-07 03:26:00,264:INFO: - Eval metrics : accuracy: 0.656 ; loss: 0.993
2020-10-07 03:26:00,285:INFO: - Found new best accuracy
2020-10-07 03:26:00,287:INFO: Epoch 26/30
2020-10-07 03:26:22,489:INFO: - Train metrics: accuracy: 0.617 ; loss: 1.105
2020-10-07 03:26:25,458:INFO: - Eval metrics : accuracy: 0.654 ; loss: 0.991
2020-10-07 03:26:25,472:INFO: Epoch 27/30
2020-10-07 03:26:47,723:INFO: - Train metrics: accuracy: 0.674 ; loss: 0.914
2020-10-07 03:26:50,686:INFO: - Eval metrics : accuracy: 0.642 ; loss: 1.009
2020-10-07 03:26:50,701:INFO: Epoch 28/30
2020-10-07 03:27:12,818:INFO: - Train metrics: accuracy: 0.621 ; loss: 1.090
2020-10-07 03:27:15,780:INFO: - Eval metrics : accuracy: 0.660 ; loss: 0.974
2020-10-07 03:27:15,805:INFO: - Found new best accuracy
2020-10-07 03:27:15,806:INFO: Epoch 29/30
2020-10-07 03:27:38,015:INFO: - Train metrics: accuracy: 0.645 ; loss: 1.038
2020-10-07 03:27:40,978:INFO: - Eval metrics : accuracy: 0.663 ; loss: 0.973
2020-10-07 03:27:40,982:INFO: - Found new best accuracy
2020-10-07 03:27:40,984:INFO: Epoch 30/30
2020-10-07 03:28:03,164:INFO: - Train metrics: accuracy: 0.623 ; loss: 1.028
2020-10-07 03:28:06,128:INFO: - Eval metrics : accuracy: 0.664 ; loss: 0.967
2020-10-07 03:28:06,138:INFO: - Found new best accuracy
2020-10-07 03:30:47,957:INFO: Loading the datasets...
2020-10-07 03:30:49,361:INFO: - done.
2020-10-07 03:30:50,853:INFO: Starting training for 100 epoch(s)
2020-10-07 03:32:28,176:INFO: Loading the datasets...
2020-10-07 03:32:29,582:INFO: - done.
2020-10-07 03:32:31,076:INFO: Starting training for 100 epoch(s)
2020-10-07 03:32:31,077:INFO: Restoring parameters from experiments/cifar10_lenet5_2/experiments/cifar10_lenet5_2/last.pth.tar.pth.tar
2020-10-07 03:33:13,878:INFO: Loading the datasets...
2020-10-07 03:33:15,281:INFO: - done.
2020-10-07 03:33:16,770:INFO: Starting training for 100 epoch(s)
2020-10-07 03:33:16,770:INFO: Epoch 1/100
2020-10-07 03:33:39,685:INFO: - Train metrics: accuracy: 0.203 ; loss: 2.135
2020-10-07 03:33:42,654:INFO: - Eval metrics : accuracy: 0.328 ; loss: 1.821
2020-10-07 03:33:42,677:INFO: - Found new best accuracy
2020-10-07 03:33:42,677:INFO: Epoch 2/100
2020-10-07 03:34:04,365:INFO: - Train metrics: accuracy: 0.326 ; loss: 1.869
2020-10-07 03:34:07,329:INFO: - Eval metrics : accuracy: 0.422 ; loss: 1.594
2020-10-07 03:34:07,339:INFO: - Found new best accuracy
2020-10-07 03:34:07,342:INFO: Epoch 3/100
2020-10-07 03:34:28,971:INFO: - Train metrics: accuracy: 0.365 ; loss: 1.682
2020-10-07 03:34:31,937:INFO: - Eval metrics : accuracy: 0.469 ; loss: 1.467
2020-10-07 03:34:31,956:INFO: - Found new best accuracy
2020-10-07 03:34:31,956:INFO: Epoch 4/100
2020-10-07 03:34:53,623:INFO: - Train metrics: accuracy: 0.480 ; loss: 1.498
2020-10-07 03:34:56,592:INFO: - Eval metrics : accuracy: 0.488 ; loss: 1.417
2020-10-07 03:34:56,612:INFO: - Found new best accuracy
2020-10-07 03:34:56,613:INFO: Epoch 5/100
2020-10-07 03:35:18,379:INFO: - Train metrics: accuracy: 0.482 ; loss: 1.429
2020-10-07 03:35:21,344:INFO: - Eval metrics : accuracy: 0.530 ; loss: 1.320
2020-10-07 03:35:21,366:INFO: - Found new best accuracy
2020-10-07 03:35:21,367:INFO: Epoch 6/100
2020-10-07 03:35:42,956:INFO: - Train metrics: accuracy: 0.475 ; loss: 1.478
2020-10-07 03:35:45,922:INFO: - Eval metrics : accuracy: 0.553 ; loss: 1.255
2020-10-07 03:35:45,937:INFO: - Found new best accuracy
2020-10-07 03:35:45,937:INFO: Epoch 7/100
2020-10-07 03:36:07,892:INFO: - Train metrics: accuracy: 0.490 ; loss: 1.371
2020-10-07 03:36:10,860:INFO: - Eval metrics : accuracy: 0.564 ; loss: 1.235
2020-10-07 03:36:10,870:INFO: - Found new best accuracy
2020-10-07 03:36:10,873:INFO: Epoch 8/100
2020-10-07 03:36:32,761:INFO: - Train metrics: accuracy: 0.521 ; loss: 1.376
2020-10-07 03:36:35,730:INFO: - Eval metrics : accuracy: 0.557 ; loss: 1.237
2020-10-07 03:36:35,739:INFO: Epoch 9/100
2020-10-07 03:36:57,628:INFO: - Train metrics: accuracy: 0.529 ; loss: 1.279
2020-10-07 03:37:00,592:INFO: - Eval metrics : accuracy: 0.575 ; loss: 1.185
2020-10-07 03:37:00,603:INFO: - Found new best accuracy
2020-10-07 03:37:00,604:INFO: Epoch 10/100
2020-10-07 03:37:22,409:INFO: - Train metrics: accuracy: 0.570 ; loss: 1.241
2020-10-07 03:37:25,379:INFO: - Eval metrics : accuracy: 0.585 ; loss: 1.170
2020-10-07 03:37:25,395:INFO: - Found new best accuracy
2020-10-07 03:37:25,396:INFO: Epoch 11/100
2020-10-07 03:37:47,222:INFO: - Train metrics: accuracy: 0.521 ; loss: 1.299
2020-10-07 03:37:50,187:INFO: - Eval metrics : accuracy: 0.589 ; loss: 1.151
2020-10-07 03:37:50,195:INFO: - Found new best accuracy
2020-10-07 03:37:50,195:INFO: Epoch 12/100
2020-10-07 03:38:12,014:INFO: - Train metrics: accuracy: 0.576 ; loss: 1.162
2020-10-07 03:38:14,980:INFO: - Eval metrics : accuracy: 0.601 ; loss: 1.131
2020-10-07 03:38:14,992:INFO: - Found new best accuracy
2020-10-07 03:38:14,993:INFO: Epoch 13/100
2020-10-07 03:38:36,739:INFO: - Train metrics: accuracy: 0.588 ; loss: 1.167
2020-10-07 03:38:39,704:INFO: - Eval metrics : accuracy: 0.610 ; loss: 1.101
2020-10-07 03:38:39,714:INFO: - Found new best accuracy
2020-10-07 03:38:39,717:INFO: Epoch 14/100
2020-10-07 03:39:01,552:INFO: - Train metrics: accuracy: 0.561 ; loss: 1.213
2020-10-07 03:39:04,515:INFO: - Eval metrics : accuracy: 0.615 ; loss: 1.093
2020-10-07 03:39:04,531:INFO: - Found new best accuracy
2020-10-07 03:39:04,532:INFO: Epoch 15/100
2020-10-07 03:39:26,226:INFO: - Train metrics: accuracy: 0.605 ; loss: 1.082
2020-10-07 03:39:29,191:INFO: - Eval metrics : accuracy: 0.615 ; loss: 1.089
2020-10-07 03:39:29,203:INFO: - Found new best accuracy
2020-10-07 03:39:29,204:INFO: Epoch 16/100
2020-10-07 03:39:50,488:INFO: - Train metrics: accuracy: 0.582 ; loss: 1.184
2020-10-07 03:39:53,452:INFO: - Eval metrics : accuracy: 0.628 ; loss: 1.057
2020-10-07 03:39:53,470:INFO: - Found new best accuracy
2020-10-07 03:39:53,471:INFO: Epoch 17/100
2020-10-07 03:40:15,202:INFO: - Train metrics: accuracy: 0.578 ; loss: 1.215
2020-10-07 03:40:18,166:INFO: - Eval metrics : accuracy: 0.624 ; loss: 1.066
2020-10-07 03:40:18,181:INFO: Epoch 18/100
2020-10-07 03:40:39,962:INFO: - Train metrics: accuracy: 0.633 ; loss: 1.080
2020-10-07 03:40:42,926:INFO: - Eval metrics : accuracy: 0.630 ; loss: 1.055
2020-10-07 03:40:42,942:INFO: - Found new best accuracy
2020-10-07 03:40:42,945:INFO: Epoch 19/100
2020-10-07 03:41:04,846:INFO: - Train metrics: accuracy: 0.605 ; loss: 1.139
2020-10-07 03:41:07,814:INFO: - Eval metrics : accuracy: 0.642 ; loss: 1.018
2020-10-07 03:41:07,823:INFO: - Found new best accuracy
2020-10-07 03:41:07,823:INFO: Epoch 20/100
2020-10-07 03:41:29,586:INFO: - Train metrics: accuracy: 0.600 ; loss: 1.108
2020-10-07 03:41:32,551:INFO: - Eval metrics : accuracy: 0.636 ; loss: 1.032
2020-10-07 03:41:32,565:INFO: Epoch 21/100
2020-10-07 03:41:54,277:INFO: - Train metrics: accuracy: 0.605 ; loss: 1.136
2020-10-07 03:41:57,245:INFO: - Eval metrics : accuracy: 0.640 ; loss: 1.024
2020-10-07 03:41:57,257:INFO: Epoch 22/100
2020-10-07 03:42:19,068:INFO: - Train metrics: accuracy: 0.625 ; loss: 1.143
2020-10-07 03:42:22,034:INFO: - Eval metrics : accuracy: 0.636 ; loss: 1.028
2020-10-07 03:42:22,048:INFO: Epoch 23/100
2020-10-07 03:42:43,916:INFO: - Train metrics: accuracy: 0.602 ; loss: 1.078
2020-10-07 03:42:46,881:INFO: - Eval metrics : accuracy: 0.639 ; loss: 1.024
2020-10-07 03:42:46,890:INFO: Epoch 24/100
2020-10-07 03:43:08,701:INFO: - Train metrics: accuracy: 0.629 ; loss: 1.073
2020-10-07 03:43:11,666:INFO: - Eval metrics : accuracy: 0.633 ; loss: 1.035
2020-10-07 03:43:11,675:INFO: Epoch 25/100
2020-10-07 03:43:33,534:INFO: - Train metrics: accuracy: 0.619 ; loss: 1.102
2020-10-07 03:43:36,499:INFO: - Eval metrics : accuracy: 0.643 ; loss: 1.030
2020-10-07 03:43:36,515:INFO: - Found new best accuracy
2020-10-07 03:43:36,517:INFO: Epoch 26/100
2020-10-07 03:43:58,364:INFO: - Train metrics: accuracy: 0.592 ; loss: 1.139
2020-10-07 03:44:01,329:INFO: - Eval metrics : accuracy: 0.651 ; loss: 0.990
2020-10-07 03:44:01,348:INFO: - Found new best accuracy
2020-10-07 03:44:01,348:INFO: Epoch 27/100
2020-10-07 03:44:23,170:INFO: - Train metrics: accuracy: 0.656 ; loss: 0.944
2020-10-07 03:44:26,140:INFO: - Eval metrics : accuracy: 0.635 ; loss: 1.022
2020-10-07 03:44:26,149:INFO: Epoch 28/100
2020-10-07 03:44:47,958:INFO: - Train metrics: accuracy: 0.646 ; loss: 1.086
2020-10-07 03:44:50,928:INFO: - Eval metrics : accuracy: 0.654 ; loss: 0.981
2020-10-07 03:44:50,940:INFO: - Found new best accuracy
2020-10-07 03:44:50,941:INFO: Epoch 29/100
2020-10-07 03:45:12,701:INFO: - Train metrics: accuracy: 0.627 ; loss: 1.060
2020-10-07 03:45:15,667:INFO: - Eval metrics : accuracy: 0.635 ; loss: 1.041
2020-10-07 03:45:15,682:INFO: Epoch 30/100
2020-10-07 03:45:37,532:INFO: - Train metrics: accuracy: 0.676 ; loss: 1.040
2020-10-07 03:45:40,498:INFO: - Eval metrics : accuracy: 0.664 ; loss: 0.965
2020-10-07 03:45:40,513:INFO: - Found new best accuracy
2020-10-07 03:45:40,513:INFO: Epoch 31/100
2020-10-07 03:46:02,401:INFO: - Train metrics: accuracy: 0.629 ; loss: 1.022
2020-10-07 03:46:05,365:INFO: - Eval metrics : accuracy: 0.651 ; loss: 0.991
2020-10-07 03:46:05,374:INFO: Epoch 32/100
2020-10-07 03:46:27,119:INFO: - Train metrics: accuracy: 0.701 ; loss: 0.895
2020-10-07 03:46:30,085:INFO: - Eval metrics : accuracy: 0.660 ; loss: 0.956
2020-10-07 03:46:30,098:INFO: Epoch 33/100
2020-10-07 03:46:51,886:INFO: - Train metrics: accuracy: 0.639 ; loss: 1.038
2020-10-07 03:46:54,851:INFO: - Eval metrics : accuracy: 0.663 ; loss: 0.964
2020-10-07 03:46:54,865:INFO: Epoch 34/100
2020-10-07 03:47:16,568:INFO: - Train metrics: accuracy: 0.660 ; loss: 1.001
2020-10-07 03:47:19,532:INFO: - Eval metrics : accuracy: 0.663 ; loss: 0.956
2020-10-07 03:47:19,545:INFO: Epoch 35/100
2020-10-07 03:47:41,216:INFO: - Train metrics: accuracy: 0.654 ; loss: 0.937
2020-10-07 03:47:44,181:INFO: - Eval metrics : accuracy: 0.664 ; loss: 0.934
2020-10-07 03:47:44,200:INFO: - Found new best accuracy
2020-10-07 03:47:44,201:INFO: Epoch 36/100
2020-10-07 03:48:06,077:INFO: - Train metrics: accuracy: 0.625 ; loss: 1.080
2020-10-07 03:48:09,041:INFO: - Eval metrics : accuracy: 0.663 ; loss: 0.944
2020-10-07 03:48:09,050:INFO: Epoch 37/100
2020-10-07 03:48:30,901:INFO: - Train metrics: accuracy: 0.637 ; loss: 0.993
2020-10-07 03:48:33,868:INFO: - Eval metrics : accuracy: 0.680 ; loss: 0.922
2020-10-07 03:48:33,885:INFO: - Found new best accuracy
2020-10-07 03:48:33,885:INFO: Epoch 38/100
2020-10-07 03:48:55,605:INFO: - Train metrics: accuracy: 0.660 ; loss: 0.974
2020-10-07 03:48:58,570:INFO: - Eval metrics : accuracy: 0.669 ; loss: 0.942
2020-10-07 03:48:58,579:INFO: Epoch 39/100
2020-10-07 03:49:20,410:INFO: - Train metrics: accuracy: 0.646 ; loss: 0.955
2020-10-07 03:49:23,376:INFO: - Eval metrics : accuracy: 0.668 ; loss: 0.944
2020-10-07 03:49:23,386:INFO: Epoch 40/100
2020-10-07 03:49:45,241:INFO: - Train metrics: accuracy: 0.648 ; loss: 0.995
2020-10-07 03:49:48,209:INFO: - Eval metrics : accuracy: 0.681 ; loss: 0.922
2020-10-07 03:49:48,226:INFO: - Found new best accuracy
2020-10-07 03:49:48,227:INFO: Epoch 41/100
2020-10-07 03:50:10,167:INFO: - Train metrics: accuracy: 0.670 ; loss: 0.944
2020-10-07 03:50:13,132:INFO: - Eval metrics : accuracy: 0.679 ; loss: 0.923
2020-10-07 03:50:13,141:INFO: Epoch 42/100
2020-10-07 03:50:34,979:INFO: - Train metrics: accuracy: 0.688 ; loss: 0.940
2020-10-07 03:50:37,947:INFO: - Eval metrics : accuracy: 0.670 ; loss: 0.926
2020-10-07 03:50:37,956:INFO: Epoch 43/100
2020-10-07 03:50:59,761:INFO: - Train metrics: accuracy: 0.691 ; loss: 0.962
2020-10-07 03:51:02,727:INFO: - Eval metrics : accuracy: 0.677 ; loss: 0.911
2020-10-07 03:51:02,743:INFO: Epoch 44/100
2020-10-07 03:51:24,654:INFO: - Train metrics: accuracy: 0.676 ; loss: 0.945
2020-10-07 03:51:27,625:INFO: - Eval metrics : accuracy: 0.686 ; loss: 0.893
2020-10-07 03:51:27,642:INFO: - Found new best accuracy
2020-10-07 03:51:27,643:INFO: Epoch 45/100
2020-10-07 03:51:49,449:INFO: - Train metrics: accuracy: 0.701 ; loss: 0.855
2020-10-07 03:51:52,417:INFO: - Eval metrics : accuracy: 0.685 ; loss: 0.893
2020-10-07 03:51:52,430:INFO: Epoch 46/100
2020-10-07 03:52:14,282:INFO: - Train metrics: accuracy: 0.637 ; loss: 0.974
2020-10-07 03:52:17,247:INFO: - Eval metrics : accuracy: 0.684 ; loss: 0.903
2020-10-07 03:52:17,260:INFO: Epoch 47/100
2020-10-07 03:52:39,084:INFO: - Train metrics: accuracy: 0.674 ; loss: 0.932
2020-10-07 03:52:42,053:INFO: - Eval metrics : accuracy: 0.686 ; loss: 0.898
2020-10-07 03:52:42,067:INFO: - Found new best accuracy
2020-10-07 03:52:42,069:INFO: Epoch 48/100
2020-10-07 03:53:05,396:INFO: - Train metrics: accuracy: 0.672 ; loss: 0.902
2020-10-07 03:53:08,363:INFO: - Eval metrics : accuracy: 0.683 ; loss: 0.896
2020-10-07 03:53:08,373:INFO: Epoch 49/100
2020-10-07 03:53:29,494:INFO: - Train metrics: accuracy: 0.672 ; loss: 0.937
2020-10-07 03:53:32,459:INFO: - Eval metrics : accuracy: 0.685 ; loss: 0.893
2020-10-07 03:53:32,473:INFO: Epoch 50/100
2020-10-07 03:53:53,627:INFO: - Train metrics: accuracy: 0.680 ; loss: 0.882
2020-10-07 03:53:56,599:INFO: - Eval metrics : accuracy: 0.691 ; loss: 0.891
2020-10-07 03:53:56,614:INFO: - Found new best accuracy
2020-10-07 03:53:56,615:INFO: Epoch 51/100
2020-10-07 03:54:17,861:INFO: - Train metrics: accuracy: 0.678 ; loss: 0.930
2020-10-07 03:54:21,709:INFO: - Eval metrics : accuracy: 0.688 ; loss: 0.895
2020-10-07 03:54:21,718:INFO: Epoch 52/100
2020-10-07 03:54:44,208:INFO: - Train metrics: accuracy: 0.689 ; loss: 0.900
2020-10-07 03:54:47,177:INFO: - Eval metrics : accuracy: 0.685 ; loss: 0.904
2020-10-07 03:54:47,190:INFO: Epoch 53/100
2020-10-07 03:55:08,377:INFO: - Train metrics: accuracy: 0.676 ; loss: 0.907
2020-10-07 03:55:11,349:INFO: - Eval metrics : accuracy: 0.692 ; loss: 0.878
2020-10-07 03:55:11,363:INFO: - Found new best accuracy
2020-10-07 03:55:11,365:INFO: Epoch 54/100
2020-10-07 03:55:35,272:INFO: - Train metrics: accuracy: 0.672 ; loss: 0.904
2020-10-07 03:55:38,242:INFO: - Eval metrics : accuracy: 0.684 ; loss: 0.895
2020-10-07 03:55:38,248:INFO: Epoch 55/100
2020-10-07 03:56:00,650:INFO: - Train metrics: accuracy: 0.678 ; loss: 0.928
2020-10-07 03:56:03,618:INFO: - Eval metrics : accuracy: 0.693 ; loss: 0.875
2020-10-07 03:56:03,631:INFO: - Found new best accuracy
2020-10-07 03:56:03,632:INFO: Epoch 56/100
2020-10-07 03:56:25,452:INFO: - Train metrics: accuracy: 0.674 ; loss: 0.896
2020-10-07 03:56:28,553:INFO: - Eval metrics : accuracy: 0.701 ; loss: 0.853
2020-10-07 03:56:28,562:INFO: - Found new best accuracy
2020-10-07 03:56:28,563:INFO: Epoch 57/100
2020-10-07 03:56:49,084:INFO: - Train metrics: accuracy: 0.725 ; loss: 0.823
2020-10-07 03:56:52,272:INFO: - Eval metrics : accuracy: 0.694 ; loss: 0.877
2020-10-07 03:56:52,280:INFO: Epoch 58/100
2020-10-07 03:57:12,619:INFO: - Train metrics: accuracy: 0.688 ; loss: 0.892
2020-10-07 03:57:15,585:INFO: - Eval metrics : accuracy: 0.700 ; loss: 0.863
2020-10-07 03:57:15,594:INFO: Epoch 59/100
2020-10-07 03:57:35,907:INFO: - Train metrics: accuracy: 0.686 ; loss: 0.893
2020-10-07 03:57:38,873:INFO: - Eval metrics : accuracy: 0.694 ; loss: 0.884
2020-10-07 03:57:38,882:INFO: Epoch 60/100
2020-10-07 03:57:59,197:INFO: - Train metrics: accuracy: 0.674 ; loss: 0.914
2020-10-07 03:58:02,167:INFO: - Eval metrics : accuracy: 0.703 ; loss: 0.857
2020-10-07 03:58:02,189:INFO: - Found new best accuracy
2020-10-07 03:58:02,190:INFO: Epoch 61/100
2020-10-07 03:58:22,479:INFO: - Train metrics: accuracy: 0.664 ; loss: 0.920
2020-10-07 03:58:25,448:INFO: - Eval metrics : accuracy: 0.690 ; loss: 0.876
2020-10-07 03:58:25,462:INFO: Epoch 62/100
2020-10-07 03:58:45,765:INFO: - Train metrics: accuracy: 0.689 ; loss: 0.908
2020-10-07 03:58:48,731:INFO: - Eval metrics : accuracy: 0.700 ; loss: 0.864
2020-10-07 03:58:48,743:INFO: Epoch 63/100
2020-10-07 03:59:09,039:INFO: - Train metrics: accuracy: 0.643 ; loss: 0.943
2020-10-07 03:59:12,004:INFO: - Eval metrics : accuracy: 0.697 ; loss: 0.860
2020-10-07 03:59:12,014:INFO: Epoch 64/100
2020-10-07 03:59:32,342:INFO: - Train metrics: accuracy: 0.699 ; loss: 0.852
2020-10-07 03:59:35,307:INFO: - Eval metrics : accuracy: 0.702 ; loss: 0.857
2020-10-07 03:59:35,316:INFO: Epoch 65/100
2020-10-07 03:59:56,893:INFO: - Train metrics: accuracy: 0.672 ; loss: 0.925
2020-10-07 04:00:00,410:INFO: - Eval metrics : accuracy: 0.705 ; loss: 0.836
2020-10-07 04:00:00,420:INFO: - Found new best accuracy
2020-10-07 04:00:00,421:INFO: Epoch 66/100
2020-10-07 04:00:24,239:INFO: - Train metrics: accuracy: 0.682 ; loss: 0.886
2020-10-07 04:00:27,272:INFO: - Eval metrics : accuracy: 0.687 ; loss: 0.887
2020-10-07 04:00:27,281:INFO: Epoch 67/100
2020-10-07 04:00:48,388:INFO: - Train metrics: accuracy: 0.672 ; loss: 0.937
2020-10-07 04:00:51,357:INFO: - Eval metrics : accuracy: 0.702 ; loss: 0.857
2020-10-07 04:00:51,372:INFO: Epoch 68/100
2020-10-07 04:01:12,455:INFO: - Train metrics: accuracy: 0.688 ; loss: 0.861
2020-10-07 04:01:15,419:INFO: - Eval metrics : accuracy: 0.688 ; loss: 0.886
2020-10-07 04:01:15,428:INFO: Epoch 69/100
2020-10-07 04:01:35,788:INFO: - Train metrics: accuracy: 0.693 ; loss: 0.861
2020-10-07 04:01:38,754:INFO: - Eval metrics : accuracy: 0.703 ; loss: 0.853
2020-10-07 04:01:38,763:INFO: Epoch 70/100
2020-10-07 04:01:59,076:INFO: - Train metrics: accuracy: 0.664 ; loss: 0.888
2020-10-07 04:02:02,043:INFO: - Eval metrics : accuracy: 0.700 ; loss: 0.862
2020-10-07 04:02:02,054:INFO: Epoch 71/100
2020-10-07 04:02:24,249:INFO: - Train metrics: accuracy: 0.688 ; loss: 0.885
2020-10-07 04:02:27,235:INFO: - Eval metrics : accuracy: 0.698 ; loss: 0.850
2020-10-07 04:02:27,243:INFO: Epoch 72/100
2020-10-07 04:02:48,358:INFO: - Train metrics: accuracy: 0.684 ; loss: 0.851
2020-10-07 04:02:51,330:INFO: - Eval metrics : accuracy: 0.690 ; loss: 0.882
2020-10-07 04:02:51,343:INFO: Epoch 73/100
2020-10-07 04:03:12,492:INFO: - Train metrics: accuracy: 0.684 ; loss: 0.880
2020-10-07 04:03:15,459:INFO: - Eval metrics : accuracy: 0.694 ; loss: 0.879
2020-10-07 04:03:15,468:INFO: Epoch 74/100
2020-10-07 04:03:36,617:INFO: - Train metrics: accuracy: 0.711 ; loss: 0.799
2020-10-07 04:03:39,582:INFO: - Eval metrics : accuracy: 0.708 ; loss: 0.840
2020-10-07 04:03:39,599:INFO: - Found new best accuracy
2020-10-07 04:03:39,602:INFO: Epoch 75/100
2020-10-07 04:04:00,574:INFO: - Train metrics: accuracy: 0.734 ; loss: 0.771
2020-10-07 04:04:03,546:INFO: - Eval metrics : accuracy: 0.704 ; loss: 0.845
2020-10-07 04:04:03,555:INFO: Epoch 76/100
2020-10-07 04:04:23,885:INFO: - Train metrics: accuracy: 0.693 ; loss: 0.886
2020-10-07 04:04:26,858:INFO: - Eval metrics : accuracy: 0.710 ; loss: 0.825
2020-10-07 04:04:26,871:INFO: - Found new best accuracy
2020-10-07 04:04:26,872:INFO: Epoch 77/100
2020-10-07 04:04:47,158:INFO: - Train metrics: accuracy: 0.682 ; loss: 0.902
2020-10-07 04:04:50,126:INFO: - Eval metrics : accuracy: 0.710 ; loss: 0.834
2020-10-07 04:04:50,136:INFO: - Found new best accuracy
2020-10-07 04:04:50,137:INFO: Epoch 78/100
2020-10-07 04:05:10,444:INFO: - Train metrics: accuracy: 0.688 ; loss: 0.880
2020-10-07 04:05:13,410:INFO: - Eval metrics : accuracy: 0.712 ; loss: 0.819
2020-10-07 04:05:13,420:INFO: - Found new best accuracy
2020-10-07 04:05:13,422:INFO: Epoch 79/100
2020-10-07 04:05:33,731:INFO: - Train metrics: accuracy: 0.725 ; loss: 0.830
2020-10-07 04:05:36,697:INFO: - Eval metrics : accuracy: 0.706 ; loss: 0.834
2020-10-07 04:05:36,706:INFO: Epoch 80/100
2020-10-07 04:05:57,038:INFO: - Train metrics: accuracy: 0.645 ; loss: 0.929
2020-10-07 04:06:00,008:INFO: - Eval metrics : accuracy: 0.710 ; loss: 0.829
2020-10-07 04:06:00,019:INFO: Epoch 81/100
2020-10-07 04:06:20,313:INFO: - Train metrics: accuracy: 0.705 ; loss: 0.782
2020-10-07 04:06:23,282:INFO: - Eval metrics : accuracy: 0.712 ; loss: 0.823
2020-10-07 04:06:23,298:INFO: - Found new best accuracy
2020-10-07 04:06:23,298:INFO: Epoch 82/100
2020-10-07 04:06:43,591:INFO: - Train metrics: accuracy: 0.703 ; loss: 0.826
2020-10-07 04:06:46,559:INFO: - Eval metrics : accuracy: 0.713 ; loss: 0.814
2020-10-07 04:06:46,569:INFO: - Found new best accuracy
2020-10-07 04:06:46,571:INFO: Epoch 83/100
2020-10-07 04:07:06,863:INFO: - Train metrics: accuracy: 0.744 ; loss: 0.757
2020-10-07 04:07:09,828:INFO: - Eval metrics : accuracy: 0.710 ; loss: 0.820
2020-10-07 04:07:09,837:INFO: Epoch 84/100
2020-10-07 04:07:30,151:INFO: - Train metrics: accuracy: 0.723 ; loss: 0.791
2020-10-07 04:07:33,121:INFO: - Eval metrics : accuracy: 0.705 ; loss: 0.827
2020-10-07 04:07:33,135:INFO: Epoch 85/100
2020-10-07 04:07:53,417:INFO: - Train metrics: accuracy: 0.711 ; loss: 0.816
2020-10-07 04:07:56,387:INFO: - Eval metrics : accuracy: 0.713 ; loss: 0.812
2020-10-07 04:07:56,395:INFO: - Found new best accuracy
2020-10-07 04:07:56,395:INFO: Epoch 86/100
2020-10-07 04:08:16,706:INFO: - Train metrics: accuracy: 0.707 ; loss: 0.816
2020-10-07 04:08:19,673:INFO: - Eval metrics : accuracy: 0.709 ; loss: 0.830
2020-10-07 04:08:19,684:INFO: Epoch 87/100
2020-10-07 04:08:40,010:INFO: - Train metrics: accuracy: 0.707 ; loss: 0.836
2020-10-07 04:08:42,979:INFO: - Eval metrics : accuracy: 0.711 ; loss: 0.812
2020-10-07 04:08:42,988:INFO: Epoch 88/100
2020-10-07 04:09:03,272:INFO: - Train metrics: accuracy: 0.695 ; loss: 0.821
2020-10-07 04:09:06,239:INFO: - Eval metrics : accuracy: 0.718 ; loss: 0.808
2020-10-07 04:09:06,253:INFO: - Found new best accuracy
2020-10-07 04:09:06,254:INFO: Epoch 89/100
2020-10-07 04:09:26,549:INFO: - Train metrics: accuracy: 0.674 ; loss: 0.931
2020-10-07 04:09:29,515:INFO: - Eval metrics : accuracy: 0.709 ; loss: 0.840
2020-10-07 04:09:29,523:INFO: Epoch 90/100
2020-10-07 04:09:50,456:INFO: - Train metrics: accuracy: 0.727 ; loss: 0.801
2020-10-07 04:09:53,422:INFO: - Eval metrics : accuracy: 0.716 ; loss: 0.801
2020-10-07 04:09:53,433:INFO: Epoch 91/100
2020-10-07 04:10:16,325:INFO: - Train metrics: accuracy: 0.713 ; loss: 0.837
2020-10-07 04:10:19,290:INFO: - Eval metrics : accuracy: 0.709 ; loss: 0.828
2020-10-07 04:10:19,304:INFO: Epoch 92/100
2020-10-07 04:10:40,538:INFO: - Train metrics: accuracy: 0.682 ; loss: 0.895
2020-10-07 04:10:43,503:INFO: - Eval metrics : accuracy: 0.715 ; loss: 0.817
2020-10-07 04:10:43,513:INFO: Epoch 93/100
2020-10-07 04:11:06,297:INFO: - Train metrics: accuracy: 0.711 ; loss: 0.826
2020-10-07 04:11:09,262:INFO: - Eval metrics : accuracy: 0.713 ; loss: 0.825
2020-10-07 04:11:09,271:INFO: Epoch 94/100
2020-10-07 04:11:30,533:INFO: - Train metrics: accuracy: 0.697 ; loss: 0.850
2020-10-07 04:11:33,498:INFO: - Eval metrics : accuracy: 0.698 ; loss: 0.848
2020-10-07 04:11:33,511:INFO: Epoch 95/100
2020-10-07 04:11:54,660:INFO: - Train metrics: accuracy: 0.719 ; loss: 0.850
2020-10-07 04:11:57,632:INFO: - Eval metrics : accuracy: 0.711 ; loss: 0.813
2020-10-07 04:11:57,641:INFO: Epoch 96/100
2020-10-07 04:12:18,862:INFO: - Train metrics: accuracy: 0.695 ; loss: 0.845
2020-10-07 04:12:21,830:INFO: - Eval metrics : accuracy: 0.713 ; loss: 0.821
2020-10-07 04:12:21,866:INFO: Epoch 97/100
2020-10-07 04:12:43,097:INFO: - Train metrics: accuracy: 0.713 ; loss: 0.807
2020-10-07 04:12:46,066:INFO: - Eval metrics : accuracy: 0.718 ; loss: 0.801
2020-10-07 04:12:46,078:INFO: - Found new best accuracy
2020-10-07 04:12:46,079:INFO: Epoch 98/100
2020-10-07 04:13:07,323:INFO: - Train metrics: accuracy: 0.715 ; loss: 0.815
2020-10-07 04:13:10,287:INFO: - Eval metrics : accuracy: 0.711 ; loss: 0.813
2020-10-07 04:13:10,296:INFO: Epoch 99/100
2020-10-07 04:13:31,447:INFO: - Train metrics: accuracy: 0.672 ; loss: 0.862
2020-10-07 04:13:34,410:INFO: - Eval metrics : accuracy: 0.715 ; loss: 0.805
2020-10-07 04:13:34,422:INFO: Epoch 100/100
2020-10-07 04:13:57,264:INFO: - Train metrics: accuracy: 0.711 ; loss: 0.833
2020-10-07 04:14:00,229:INFO: - Eval metrics : accuracy: 0.718 ; loss: 0.804
