2020-10-06 09:30:55,558:INFO: Loading the datasets...
2020-10-06 09:30:57,277:INFO: - done.
2020-10-06 09:30:58,811:INFO: Starting training for 30 epoch(s)
2020-10-06 09:30:58,812:INFO: Epoch 1/30
2020-10-06 09:31:16,766:INFO: - Train metrics: accuracy: 0.348 ; loss: 1.748
2020-10-06 09:31:19,639:INFO: - Eval metrics : accuracy: 0.435 ; loss: 1.595
2020-10-06 09:31:19,724:INFO: - Found new best accuracy
2020-10-06 09:31:19,726:INFO: Epoch 2/30
2020-10-06 09:31:37,363:INFO: - Train metrics: accuracy: 0.453 ; loss: 1.589
2020-10-06 09:31:40,245:INFO: - Eval metrics : accuracy: 0.451 ; loss: 1.539
2020-10-06 09:31:40,345:INFO: - Found new best accuracy
2020-10-06 09:31:40,348:INFO: Epoch 3/30
2020-10-06 09:31:58,085:INFO: - Train metrics: accuracy: 0.459 ; loss: 1.561
2020-10-06 09:32:01,014:INFO: - Eval metrics : accuracy: 0.473 ; loss: 1.483
2020-10-06 09:32:01,126:INFO: - Found new best accuracy
2020-10-06 09:32:01,127:INFO: Epoch 4/30
2020-10-06 09:32:18,672:INFO: - Train metrics: accuracy: 0.445 ; loss: 1.569
2020-10-06 09:32:21,530:INFO: - Eval metrics : accuracy: 0.485 ; loss: 1.458
2020-10-06 09:32:21,612:INFO: - Found new best accuracy
2020-10-06 09:32:21,613:INFO: Epoch 5/30
2020-10-06 09:32:39,277:INFO: - Train metrics: accuracy: 0.510 ; loss: 1.418
2020-10-06 09:32:42,135:INFO: - Eval metrics : accuracy: 0.483 ; loss: 1.456
2020-10-06 09:32:42,201:INFO: Epoch 6/30
2020-10-06 09:32:59,828:INFO: - Train metrics: accuracy: 0.506 ; loss: 1.376
2020-10-06 09:33:02,683:INFO: - Eval metrics : accuracy: 0.502 ; loss: 1.417
2020-10-06 09:33:02,749:INFO: - Found new best accuracy
2020-10-06 09:33:02,749:INFO: Epoch 7/30
2020-10-06 09:33:20,311:INFO: - Train metrics: accuracy: 0.512 ; loss: 1.380
2020-10-06 09:33:23,172:INFO: - Eval metrics : accuracy: 0.500 ; loss: 1.419
2020-10-06 09:33:23,225:INFO: Epoch 8/30
2020-10-06 09:33:40,740:INFO: - Train metrics: accuracy: 0.539 ; loss: 1.278
2020-10-06 09:33:43,595:INFO: - Eval metrics : accuracy: 0.502 ; loss: 1.416
2020-10-06 09:33:43,672:INFO: Epoch 9/30
2020-10-06 09:34:01,278:INFO: - Train metrics: accuracy: 0.543 ; loss: 1.271
2020-10-06 09:34:04,133:INFO: - Eval metrics : accuracy: 0.500 ; loss: 1.428
2020-10-06 09:34:04,217:INFO: Epoch 10/30
2020-10-06 09:34:21,817:INFO: - Train metrics: accuracy: 0.520 ; loss: 1.338
2020-10-06 09:34:24,673:INFO: - Eval metrics : accuracy: 0.518 ; loss: 1.399
2020-10-06 09:34:24,769:INFO: - Found new best accuracy
2020-10-06 09:34:24,772:INFO: Epoch 11/30
2020-10-06 09:34:42,100:INFO: - Train metrics: accuracy: 0.523 ; loss: 1.337
2020-10-06 09:34:44,956:INFO: - Eval metrics : accuracy: 0.507 ; loss: 1.429
2020-10-06 09:34:45,014:INFO: Epoch 12/30
2020-10-06 09:35:02,373:INFO: - Train metrics: accuracy: 0.576 ; loss: 1.253
2020-10-06 09:35:05,233:INFO: - Eval metrics : accuracy: 0.512 ; loss: 1.426
2020-10-06 09:35:05,319:INFO: Epoch 13/30
2020-10-06 09:35:22,883:INFO: - Train metrics: accuracy: 0.594 ; loss: 1.230
2020-10-06 09:35:25,737:INFO: - Eval metrics : accuracy: 0.505 ; loss: 1.423
2020-10-06 09:35:25,814:INFO: Epoch 14/30
2020-10-06 09:35:43,090:INFO: - Train metrics: accuracy: 0.559 ; loss: 1.224
2020-10-06 09:35:45,967:INFO: - Eval metrics : accuracy: 0.512 ; loss: 1.421
2020-10-06 09:35:46,051:INFO: Epoch 15/30
2020-10-06 09:36:03,622:INFO: - Train metrics: accuracy: 0.588 ; loss: 1.168
2020-10-06 09:36:06,515:INFO: - Eval metrics : accuracy: 0.515 ; loss: 1.429
2020-10-06 09:36:06,578:INFO: Epoch 16/30
2020-10-06 09:36:24,193:INFO: - Train metrics: accuracy: 0.568 ; loss: 1.262
2020-10-06 09:36:27,159:INFO: - Eval metrics : accuracy: 0.516 ; loss: 1.442
2020-10-06 09:36:27,252:INFO: Epoch 17/30
2020-10-06 09:36:45,030:INFO: - Train metrics: accuracy: 0.617 ; loss: 1.094
2020-10-06 09:36:47,984:INFO: - Eval metrics : accuracy: 0.521 ; loss: 1.419
2020-10-06 09:36:48,073:INFO: - Found new best accuracy
2020-10-06 09:36:48,074:INFO: Epoch 18/30
2020-10-06 09:37:06,163:INFO: - Train metrics: accuracy: 0.617 ; loss: 1.129
2020-10-06 09:37:09,129:INFO: - Eval metrics : accuracy: 0.510 ; loss: 1.452
2020-10-06 09:37:09,199:INFO: Epoch 19/30
2020-10-06 09:37:27,388:INFO: - Train metrics: accuracy: 0.613 ; loss: 1.095
2020-10-06 09:37:30,357:INFO: - Eval metrics : accuracy: 0.518 ; loss: 1.479
2020-10-06 09:37:30,422:INFO: Epoch 20/30
2020-10-06 09:37:48,188:INFO: - Train metrics: accuracy: 0.611 ; loss: 1.152
2020-10-06 09:37:51,617:INFO: - Eval metrics : accuracy: 0.518 ; loss: 1.450
2020-10-06 09:37:51,667:INFO: Epoch 21/30
2020-10-06 09:38:10,855:INFO: - Train metrics: accuracy: 0.631 ; loss: 1.100
2020-10-06 09:38:13,721:INFO: - Eval metrics : accuracy: 0.527 ; loss: 1.458
2020-10-06 09:38:13,829:INFO: - Found new best accuracy
2020-10-06 09:38:13,830:INFO: Epoch 22/30
2020-10-06 09:38:31,290:INFO: - Train metrics: accuracy: 0.625 ; loss: 1.110
2020-10-06 09:38:34,190:INFO: - Eval metrics : accuracy: 0.523 ; loss: 1.441
2020-10-06 09:38:34,269:INFO: Epoch 23/30
2020-10-06 09:38:52,517:INFO: - Train metrics: accuracy: 0.643 ; loss: 1.040
2020-10-06 09:38:55,495:INFO: - Eval metrics : accuracy: 0.523 ; loss: 1.466
2020-10-06 09:38:55,553:INFO: Epoch 24/30
2020-10-06 09:39:14,468:INFO: - Train metrics: accuracy: 0.646 ; loss: 0.993
2020-10-06 09:39:17,447:INFO: - Eval metrics : accuracy: 0.515 ; loss: 1.484
2020-10-06 09:39:17,508:INFO: Epoch 25/30
2020-10-06 09:39:35,708:INFO: - Train metrics: accuracy: 0.605 ; loss: 1.045
2020-10-06 09:39:38,657:INFO: - Eval metrics : accuracy: 0.513 ; loss: 1.505
2020-10-06 09:39:38,742:INFO: Epoch 26/30
2020-10-06 09:39:56,359:INFO: - Train metrics: accuracy: 0.633 ; loss: 1.029
2020-10-06 09:39:59,325:INFO: - Eval metrics : accuracy: 0.517 ; loss: 1.479
2020-10-06 09:39:59,385:INFO: Epoch 27/30
2020-10-06 09:40:18,059:INFO: - Train metrics: accuracy: 0.691 ; loss: 0.925
2020-10-06 09:40:21,015:INFO: - Eval metrics : accuracy: 0.522 ; loss: 1.507
2020-10-06 09:40:21,079:INFO: Epoch 28/30
2020-10-06 09:40:38,200:INFO: - Train metrics: accuracy: 0.646 ; loss: 1.147
2020-10-06 09:40:41,055:INFO: - Eval metrics : accuracy: 0.530 ; loss: 1.491
2020-10-06 09:40:41,144:INFO: - Found new best accuracy
2020-10-06 09:40:41,144:INFO: Epoch 29/30
2020-10-06 09:40:58,240:INFO: - Train metrics: accuracy: 0.668 ; loss: 1.018
2020-10-06 09:41:01,093:INFO: - Eval metrics : accuracy: 0.524 ; loss: 1.508
2020-10-06 09:41:01,174:INFO: Epoch 30/30
2020-10-06 09:41:18,496:INFO: - Train metrics: accuracy: 0.639 ; loss: 0.969
2020-10-06 09:41:21,360:INFO: - Eval metrics : accuracy: 0.525 ; loss: 1.526
2020-10-07 10:16:59,926:INFO: Loading the datasets...
2020-10-07 10:17:01,667:INFO: - done.
2020-10-07 10:17:15,035:INFO: Starting training for 150 epoch(s)
2020-10-07 10:17:15,035:INFO: Epoch 1/150
2020-10-07 10:17:40,752:INFO: - Train metrics: accuracy: 0.283 ; loss: 1.880
2020-10-07 10:17:43,614:INFO: - Eval metrics : accuracy: 0.330 ; loss: 1.838
2020-10-07 10:17:43,718:INFO: - Found new best accuracy
2020-10-07 10:17:43,727:INFO: Epoch 2/150
2020-10-07 10:18:05,675:INFO: - Train metrics: accuracy: 0.330 ; loss: 1.873
2020-10-07 10:18:08,536:INFO: - Eval metrics : accuracy: 0.319 ; loss: 1.863
2020-10-07 10:18:08,640:INFO: Epoch 3/150
2020-10-07 10:18:29,678:INFO: - Train metrics: accuracy: 0.363 ; loss: 1.772
2020-10-07 10:18:32,552:INFO: - Eval metrics : accuracy: 0.300 ; loss: 1.949
2020-10-07 10:18:32,613:INFO: Epoch 4/150
2020-10-07 10:18:54,531:INFO: - Train metrics: accuracy: 0.330 ; loss: 1.892
2020-10-07 10:18:57,388:INFO: - Eval metrics : accuracy: 0.339 ; loss: 1.809
2020-10-07 10:18:57,468:INFO: - Found new best accuracy
2020-10-07 10:18:57,469:INFO: Epoch 5/150
2020-10-07 10:19:18,240:INFO: - Train metrics: accuracy: 0.367 ; loss: 1.753
2020-10-07 10:19:21,115:INFO: - Eval metrics : accuracy: 0.344 ; loss: 1.822
2020-10-07 10:19:21,237:INFO: - Found new best accuracy
2020-10-07 10:19:21,241:INFO: Epoch 6/150
2020-10-07 10:19:43,685:INFO: - Train metrics: accuracy: 0.365 ; loss: 1.776
2020-10-07 10:19:46,569:INFO: - Eval metrics : accuracy: 0.367 ; loss: 1.760
2020-10-07 10:19:46,660:INFO: - Found new best accuracy
2020-10-07 10:19:46,661:INFO: Epoch 7/150
2020-10-07 10:20:08,610:INFO: - Train metrics: accuracy: 0.377 ; loss: 1.725
2020-10-07 10:20:11,468:INFO: - Eval metrics : accuracy: 0.320 ; loss: 1.838
2020-10-07 10:20:11,562:INFO: Epoch 8/150
2020-10-07 10:20:33,359:INFO: - Train metrics: accuracy: 0.367 ; loss: 1.696
2020-10-07 10:20:36,212:INFO: - Eval metrics : accuracy: 0.320 ; loss: 1.874
2020-10-07 10:20:36,282:INFO: Epoch 9/150
2020-10-07 10:20:57,974:INFO: - Train metrics: accuracy: 0.365 ; loss: 1.719
2020-10-07 10:21:00,830:INFO: - Eval metrics : accuracy: 0.359 ; loss: 1.792
2020-10-07 10:21:00,901:INFO: Epoch 10/150
2020-10-07 10:21:22,146:INFO: - Train metrics: accuracy: 0.332 ; loss: 1.763
2020-10-07 10:21:24,999:INFO: - Eval metrics : accuracy: 0.339 ; loss: 1.794
2020-10-07 10:21:25,057:INFO: Epoch 11/150
2020-10-07 10:21:46,051:INFO: - Train metrics: accuracy: 0.400 ; loss: 1.712
2020-10-07 10:21:48,904:INFO: - Eval metrics : accuracy: 0.330 ; loss: 1.820
2020-10-07 10:21:48,967:INFO: Epoch 12/150
2020-10-07 10:22:09,698:INFO: - Train metrics: accuracy: 0.391 ; loss: 1.741
2020-10-07 10:22:12,552:INFO: - Eval metrics : accuracy: 0.330 ; loss: 1.813
2020-10-07 10:22:12,609:INFO: Epoch 13/150
2020-10-07 10:22:34,245:INFO: - Train metrics: accuracy: 0.373 ; loss: 1.755
2020-10-07 10:22:37,099:INFO: - Eval metrics : accuracy: 0.340 ; loss: 1.791
2020-10-07 10:22:37,167:INFO: Epoch 14/150
2020-10-07 10:22:58,754:INFO: - Train metrics: accuracy: 0.389 ; loss: 1.749
2020-10-07 10:23:01,608:INFO: - Eval metrics : accuracy: 0.346 ; loss: 1.817
2020-10-07 10:23:01,678:INFO: Epoch 15/150
2020-10-07 10:23:23,205:INFO: - Train metrics: accuracy: 0.369 ; loss: 1.684
2020-10-07 10:23:26,060:INFO: - Eval metrics : accuracy: 0.346 ; loss: 1.796
2020-10-07 10:23:26,128:INFO: Epoch 16/150
2020-10-07 10:23:47,543:INFO: - Train metrics: accuracy: 0.375 ; loss: 1.694
2020-10-07 10:23:50,400:INFO: - Eval metrics : accuracy: 0.320 ; loss: 1.828
2020-10-07 10:23:50,462:INFO: Epoch 17/150
2020-10-07 10:24:11,533:INFO: - Train metrics: accuracy: 0.361 ; loss: 1.753
2020-10-07 10:24:14,391:INFO: - Eval metrics : accuracy: 0.337 ; loss: 1.812
2020-10-07 10:24:14,459:INFO: Epoch 18/150
2020-10-07 10:24:35,940:INFO: - Train metrics: accuracy: 0.402 ; loss: 1.773
2020-10-07 10:24:38,792:INFO: - Eval metrics : accuracy: 0.332 ; loss: 1.811
2020-10-07 10:24:38,852:INFO: Epoch 19/150
2020-10-07 10:25:00,345:INFO: - Train metrics: accuracy: 0.402 ; loss: 1.670
2020-10-07 10:25:03,204:INFO: - Eval metrics : accuracy: 0.354 ; loss: 1.795
2020-10-07 10:25:03,260:INFO: Epoch 20/150
2020-10-07 10:25:24,457:INFO: - Train metrics: accuracy: 0.406 ; loss: 1.674
2020-10-07 10:25:27,309:INFO: - Eval metrics : accuracy: 0.355 ; loss: 1.792
2020-10-07 10:25:27,377:INFO: Epoch 21/150
2020-10-07 10:25:48,406:INFO: - Train metrics: accuracy: 0.406 ; loss: 1.701
2020-10-07 10:25:51,263:INFO: - Eval metrics : accuracy: 0.331 ; loss: 1.819
2020-10-07 10:25:51,305:INFO: Epoch 22/150
2020-10-07 10:26:12,058:INFO: - Train metrics: accuracy: 0.393 ; loss: 1.715
2020-10-07 10:26:14,914:INFO: - Eval metrics : accuracy: 0.350 ; loss: 1.860
2020-10-07 10:26:14,969:INFO: Epoch 23/150
2020-10-07 10:26:35,713:INFO: - Train metrics: accuracy: 0.412 ; loss: 1.634
2020-10-07 10:26:38,569:INFO: - Eval metrics : accuracy: 0.337 ; loss: 1.838
2020-10-07 10:26:38,629:INFO: Epoch 24/150
2020-10-07 10:26:59,362:INFO: - Train metrics: accuracy: 0.398 ; loss: 1.654
2020-10-07 10:27:02,216:INFO: - Eval metrics : accuracy: 0.334 ; loss: 1.828
2020-10-07 10:27:02,278:INFO: Epoch 25/150
2020-10-07 10:27:23,053:INFO: - Train metrics: accuracy: 0.402 ; loss: 1.699
2020-10-07 10:27:25,910:INFO: - Eval metrics : accuracy: 0.330 ; loss: 1.835
2020-10-07 10:27:25,963:INFO: Epoch 26/150
2020-10-07 10:27:46,330:INFO: - Train metrics: accuracy: 0.375 ; loss: 1.667
2020-10-07 10:27:49,198:INFO: - Eval metrics : accuracy: 0.351 ; loss: 1.799
2020-10-07 10:27:49,247:INFO: Epoch 27/150
2020-10-07 10:28:10,220:INFO: - Train metrics: accuracy: 0.400 ; loss: 1.698
2020-10-07 10:28:13,117:INFO: - Eval metrics : accuracy: 0.321 ; loss: 1.812
2020-10-07 10:28:13,172:INFO: Epoch 28/150
2020-10-07 10:28:34,514:INFO: - Train metrics: accuracy: 0.424 ; loss: 1.719
2020-10-07 10:28:37,372:INFO: - Eval metrics : accuracy: 0.349 ; loss: 1.784
2020-10-07 10:28:37,443:INFO: Epoch 29/150
2020-10-07 10:28:59,162:INFO: - Train metrics: accuracy: 0.422 ; loss: 1.647
2020-10-07 10:29:02,018:INFO: - Eval metrics : accuracy: 0.321 ; loss: 1.866
2020-10-07 10:29:02,089:INFO: Epoch 30/150
2020-10-07 10:29:24,445:INFO: - Train metrics: accuracy: 0.391 ; loss: 1.658
2020-10-07 10:29:27,298:INFO: - Eval metrics : accuracy: 0.331 ; loss: 1.813
2020-10-07 10:29:27,365:INFO: Epoch 31/150
2020-10-07 10:29:49,319:INFO: - Train metrics: accuracy: 0.434 ; loss: 1.632
2020-10-07 10:29:52,192:INFO: - Eval metrics : accuracy: 0.315 ; loss: 1.818
2020-10-07 10:29:52,251:INFO: Epoch 32/150
2020-10-07 10:30:14,362:INFO: - Train metrics: accuracy: 0.445 ; loss: 1.543
2020-10-07 10:30:17,219:INFO: - Eval metrics : accuracy: 0.324 ; loss: 1.829
2020-10-07 10:30:17,270:INFO: Epoch 33/150
2020-10-07 10:30:39,064:INFO: - Train metrics: accuracy: 0.432 ; loss: 1.571
2020-10-07 10:30:41,921:INFO: - Eval metrics : accuracy: 0.326 ; loss: 1.832
2020-10-07 10:30:41,967:INFO: Epoch 34/150
2020-10-07 10:31:03,328:INFO: - Train metrics: accuracy: 0.412 ; loss: 1.673
2020-10-07 10:31:06,211:INFO: - Eval metrics : accuracy: 0.348 ; loss: 1.792
2020-10-07 10:31:06,287:INFO: Epoch 35/150
2020-10-07 10:31:28,098:INFO: - Train metrics: accuracy: 0.412 ; loss: 1.612
2020-10-07 10:31:30,954:INFO: - Eval metrics : accuracy: 0.339 ; loss: 1.799
2020-10-07 10:31:31,014:INFO: Epoch 36/150
2020-10-07 10:31:53,133:INFO: - Train metrics: accuracy: 0.369 ; loss: 1.733
2020-10-07 10:31:56,056:INFO: - Eval metrics : accuracy: 0.313 ; loss: 1.849
2020-10-07 10:31:56,185:INFO: Epoch 37/150
2020-10-07 10:32:18,192:INFO: - Train metrics: accuracy: 0.430 ; loss: 1.651
2020-10-07 10:32:21,047:INFO: - Eval metrics : accuracy: 0.295 ; loss: 2.465
2020-10-07 10:32:21,110:INFO: Epoch 38/150
2020-10-07 10:32:43,079:INFO: - Train metrics: accuracy: 0.428 ; loss: 1.611
2020-10-07 10:32:45,968:INFO: - Eval metrics : accuracy: 0.346 ; loss: 1.788
2020-10-07 10:32:46,043:INFO: Epoch 39/150
2020-10-07 10:33:07,783:INFO: - Train metrics: accuracy: 0.402 ; loss: 1.652
2020-10-07 10:33:10,633:INFO: - Eval metrics : accuracy: 0.331 ; loss: 1.817
2020-10-07 10:33:10,696:INFO: Epoch 40/150
2020-10-07 10:33:32,530:INFO: - Train metrics: accuracy: 0.381 ; loss: 1.716
2020-10-07 10:33:35,386:INFO: - Eval metrics : accuracy: 0.305 ; loss: 1.858
2020-10-07 10:33:35,455:INFO: Epoch 41/150
2020-10-07 10:33:57,627:INFO: - Train metrics: accuracy: 0.400 ; loss: 1.568
2020-10-07 10:34:00,481:INFO: - Eval metrics : accuracy: 0.331 ; loss: 1.794
2020-10-07 10:34:00,542:INFO: Epoch 42/150
2020-10-07 10:34:22,329:INFO: - Train metrics: accuracy: 0.408 ; loss: 1.640
2020-10-07 10:34:25,187:INFO: - Eval metrics : accuracy: 0.342 ; loss: 1.812
2020-10-07 10:34:25,265:INFO: Epoch 43/150
2020-10-07 10:34:47,037:INFO: - Train metrics: accuracy: 0.408 ; loss: 1.605
2020-10-07 10:34:49,897:INFO: - Eval metrics : accuracy: 0.337 ; loss: 1.806
2020-10-07 10:34:49,948:INFO: Epoch 44/150
2020-10-07 10:35:11,705:INFO: - Train metrics: accuracy: 0.455 ; loss: 1.585
2020-10-07 10:35:14,557:INFO: - Eval metrics : accuracy: 0.333 ; loss: 1.829
2020-10-07 10:35:14,641:INFO: Epoch 45/150
2020-10-07 10:35:36,379:INFO: - Train metrics: accuracy: 0.424 ; loss: 1.594
2020-10-07 10:35:39,233:INFO: - Eval metrics : accuracy: 0.322 ; loss: 1.917
2020-10-07 10:35:39,334:INFO: Epoch 46/150
2020-10-07 10:36:00,944:INFO: - Train metrics: accuracy: 0.420 ; loss: 1.574
2020-10-07 10:36:03,797:INFO: - Eval metrics : accuracy: 0.318 ; loss: 1.813
2020-10-07 10:36:03,897:INFO: Epoch 47/150
2020-10-07 10:36:25,428:INFO: - Train metrics: accuracy: 0.410 ; loss: 1.631
2020-10-07 10:36:28,311:INFO: - Eval metrics : accuracy: 0.319 ; loss: 1.849
2020-10-07 10:36:28,363:INFO: Epoch 48/150
2020-10-07 12:05:22,481:INFO: Loading the datasets...
2020-10-07 12:05:24,294:INFO: - done.
2020-10-07 12:05:25,813:INFO: Starting training for 150 epoch(s)
2020-10-07 12:05:25,813:INFO: Epoch 1/150
2020-10-07 12:05:46,660:INFO: - Train metrics: accuracy: 0.301 ; loss: 1.908
2020-10-07 12:05:49,519:INFO: - Eval metrics : accuracy: 0.391 ; loss: 1.717
2020-10-07 12:05:49,544:INFO: - Found new best accuracy
2020-10-07 12:05:49,545:INFO: Epoch 2/150
2020-10-07 12:06:10,428:INFO: - Train metrics: accuracy: 0.379 ; loss: 1.733
2020-10-07 12:06:13,282:INFO: - Eval metrics : accuracy: 0.416 ; loss: 1.634
2020-10-07 12:06:13,305:INFO: - Found new best accuracy
2020-10-07 12:06:13,308:INFO: Epoch 3/150
2020-10-07 12:06:34,038:INFO: - Train metrics: accuracy: 0.434 ; loss: 1.617
2020-10-07 12:06:36,892:INFO: - Eval metrics : accuracy: 0.430 ; loss: 1.589
2020-10-07 12:06:36,910:INFO: - Found new best accuracy
2020-10-07 12:06:36,914:INFO: Epoch 4/150
2020-10-07 12:06:57,710:INFO: - Train metrics: accuracy: 0.406 ; loss: 1.686
2020-10-07 12:07:00,568:INFO: - Eval metrics : accuracy: 0.447 ; loss: 1.544
2020-10-07 12:07:00,585:INFO: - Found new best accuracy
2020-10-07 12:07:00,589:INFO: Epoch 5/150
2020-10-07 12:07:20,296:INFO: - Train metrics: accuracy: 0.451 ; loss: 1.579
2020-10-07 12:07:23,149:INFO: - Eval metrics : accuracy: 0.454 ; loss: 1.527
2020-10-07 12:07:23,210:INFO: - Found new best accuracy
2020-10-07 12:07:23,211:INFO: Epoch 6/150
2020-10-07 12:07:43,024:INFO: - Train metrics: accuracy: 0.434 ; loss: 1.557
2020-10-07 12:07:45,877:INFO: - Eval metrics : accuracy: 0.463 ; loss: 1.496
2020-10-07 12:07:45,897:INFO: - Found new best accuracy
2020-10-07 12:07:45,901:INFO: Epoch 7/150
2020-10-07 12:08:05,594:INFO: - Train metrics: accuracy: 0.416 ; loss: 1.549
2020-10-07 12:08:08,447:INFO: - Eval metrics : accuracy: 0.473 ; loss: 1.467
2020-10-07 12:08:08,464:INFO: - Found new best accuracy
2020-10-07 12:08:08,467:INFO: Epoch 8/150
2020-10-07 12:08:28,232:INFO: - Train metrics: accuracy: 0.479 ; loss: 1.453
2020-10-07 12:08:31,087:INFO: - Eval metrics : accuracy: 0.478 ; loss: 1.463
2020-10-07 12:08:31,114:INFO: - Found new best accuracy
2020-10-07 12:08:31,118:INFO: Epoch 9/150
2020-10-07 12:08:50,932:INFO: - Train metrics: accuracy: 0.467 ; loss: 1.453
2020-10-07 12:08:53,789:INFO: - Eval metrics : accuracy: 0.485 ; loss: 1.454
2020-10-07 12:08:53,814:INFO: - Found new best accuracy
2020-10-07 12:08:53,817:INFO: Epoch 10/150
2020-10-07 12:09:13,336:INFO: - Train metrics: accuracy: 0.432 ; loss: 1.547
2020-10-07 12:09:16,407:INFO: - Eval metrics : accuracy: 0.493 ; loss: 1.443
2020-10-07 12:09:16,422:INFO: - Found new best accuracy
2020-10-07 12:09:16,423:INFO: Epoch 11/150
2020-10-07 12:09:35,479:INFO: - Train metrics: accuracy: 0.469 ; loss: 1.518
2020-10-07 12:09:38,334:INFO: - Eval metrics : accuracy: 0.500 ; loss: 1.424
2020-10-07 12:09:38,395:INFO: - Found new best accuracy
2020-10-07 12:09:38,399:INFO: Epoch 12/150
2020-10-07 12:09:57,284:INFO: - Train metrics: accuracy: 0.484 ; loss: 1.459
2020-10-07 12:10:00,140:INFO: - Eval metrics : accuracy: 0.500 ; loss: 1.433
2020-10-07 12:10:00,147:INFO: Epoch 13/150
2020-10-07 12:10:19,031:INFO: - Train metrics: accuracy: 0.480 ; loss: 1.407
2020-10-07 12:10:21,886:INFO: - Eval metrics : accuracy: 0.500 ; loss: 1.419
2020-10-07 12:10:23,134:INFO: Epoch 14/150
2020-10-07 12:10:42,040:INFO: - Train metrics: accuracy: 0.451 ; loss: 1.435
2020-10-07 12:10:44,898:INFO: - Eval metrics : accuracy: 0.500 ; loss: 1.415
2020-10-07 12:10:44,905:INFO: Epoch 15/150
2020-10-07 12:11:03,800:INFO: - Train metrics: accuracy: 0.459 ; loss: 1.458
2020-10-07 12:11:06,656:INFO: - Eval metrics : accuracy: 0.509 ; loss: 1.416
2020-10-07 12:11:06,678:INFO: - Found new best accuracy
2020-10-07 12:11:06,682:INFO: Epoch 16/150
2020-10-07 12:11:25,575:INFO: - Train metrics: accuracy: 0.471 ; loss: 1.468
2020-10-07 12:11:28,440:INFO: - Eval metrics : accuracy: 0.507 ; loss: 1.412
2020-10-07 12:11:28,448:INFO: Epoch 17/150
2020-10-07 12:11:47,363:INFO: - Train metrics: accuracy: 0.471 ; loss: 1.440
2020-10-07 12:11:50,220:INFO: - Eval metrics : accuracy: 0.513 ; loss: 1.403
2020-10-07 12:11:50,237:INFO: - Found new best accuracy
2020-10-07 12:11:50,237:INFO: Epoch 18/150
2020-10-07 12:12:09,191:INFO: - Train metrics: accuracy: 0.514 ; loss: 1.371
2020-10-07 12:12:12,167:INFO: - Eval metrics : accuracy: 0.510 ; loss: 1.399
2020-10-07 12:12:12,177:INFO: Epoch 19/150
2020-10-07 12:12:31,065:INFO: - Train metrics: accuracy: 0.551 ; loss: 1.324
2020-10-07 12:12:33,919:INFO: - Eval metrics : accuracy: 0.513 ; loss: 1.401
2020-10-07 12:12:33,947:INFO: - Found new best accuracy
2020-10-07 12:12:33,950:INFO: Epoch 20/150
2020-10-07 12:12:52,807:INFO: - Train metrics: accuracy: 0.529 ; loss: 1.360
2020-10-07 12:12:55,661:INFO: - Eval metrics : accuracy: 0.514 ; loss: 1.382
2020-10-07 12:12:56,558:INFO: - Found new best accuracy
2020-10-07 12:12:56,559:INFO: Epoch 21/150
2020-10-07 12:13:15,422:INFO: - Train metrics: accuracy: 0.475 ; loss: 1.416
2020-10-07 12:13:18,276:INFO: - Eval metrics : accuracy: 0.515 ; loss: 1.393
2020-10-07 12:13:18,294:INFO: - Found new best accuracy
2020-10-07 12:13:18,297:INFO: Epoch 22/150
2020-10-07 12:13:37,164:INFO: - Train metrics: accuracy: 0.514 ; loss: 1.411
2020-10-07 12:13:40,020:INFO: - Eval metrics : accuracy: 0.521 ; loss: 1.373
2020-10-07 12:13:40,038:INFO: - Found new best accuracy
2020-10-07 12:13:40,038:INFO: Epoch 23/150
2020-10-07 12:13:58,902:INFO: - Train metrics: accuracy: 0.506 ; loss: 1.337
2020-10-07 12:14:01,757:INFO: - Eval metrics : accuracy: 0.519 ; loss: 1.382
2020-10-07 12:14:01,772:INFO: Epoch 24/150
2020-10-07 12:14:20,683:INFO: - Train metrics: accuracy: 0.498 ; loss: 1.361
2020-10-07 12:14:23,539:INFO: - Eval metrics : accuracy: 0.526 ; loss: 1.368
2020-10-07 12:14:24,942:INFO: - Found new best accuracy
2020-10-07 12:14:24,942:INFO: Epoch 25/150
2020-10-07 12:14:43,809:INFO: - Train metrics: accuracy: 0.523 ; loss: 1.363
2020-10-07 12:14:46,663:INFO: - Eval metrics : accuracy: 0.519 ; loss: 1.378
2020-10-07 12:14:46,677:INFO: Epoch 26/150
2020-10-07 12:15:05,553:INFO: - Train metrics: accuracy: 0.516 ; loss: 1.396
2020-10-07 12:15:08,410:INFO: - Eval metrics : accuracy: 0.520 ; loss: 1.376
2020-10-07 12:15:08,423:INFO: Epoch 27/150
2020-10-07 12:15:27,308:INFO: - Train metrics: accuracy: 0.539 ; loss: 1.269
2020-10-07 12:15:30,164:INFO: - Eval metrics : accuracy: 0.528 ; loss: 1.365
2020-10-07 12:15:30,190:INFO: - Found new best accuracy
2020-10-07 12:15:30,191:INFO: Epoch 28/150
2020-10-07 12:15:49,092:INFO: - Train metrics: accuracy: 0.520 ; loss: 1.329
2020-10-07 12:15:51,946:INFO: - Eval metrics : accuracy: 0.530 ; loss: 1.347
2020-10-07 12:15:51,964:INFO: - Found new best accuracy
2020-10-07 12:15:51,967:INFO: Epoch 29/150
2020-10-07 12:16:10,877:INFO: - Train metrics: accuracy: 0.547 ; loss: 1.342
2020-10-07 12:16:13,734:INFO: - Eval metrics : accuracy: 0.525 ; loss: 1.370
2020-10-07 12:16:13,744:INFO: Epoch 30/150
2020-10-07 12:16:32,624:INFO: - Train metrics: accuracy: 0.525 ; loss: 1.300
2020-10-07 12:16:35,483:INFO: - Eval metrics : accuracy: 0.533 ; loss: 1.352
2020-10-07 12:16:35,522:INFO: - Found new best accuracy
2020-10-07 12:16:35,523:INFO: Epoch 31/150
2020-10-07 12:16:54,424:INFO: - Train metrics: accuracy: 0.520 ; loss: 1.315
2020-10-07 12:16:57,280:INFO: - Eval metrics : accuracy: 0.534 ; loss: 1.352
2020-10-07 12:16:57,305:INFO: - Found new best accuracy
2020-10-07 12:16:57,308:INFO: Epoch 32/150
2020-10-07 12:17:16,201:INFO: - Train metrics: accuracy: 0.572 ; loss: 1.254
2020-10-07 12:17:19,058:INFO: - Eval metrics : accuracy: 0.526 ; loss: 1.370
2020-10-07 12:17:19,066:INFO: Epoch 33/150
2020-10-07 12:17:37,955:INFO: - Train metrics: accuracy: 0.559 ; loss: 1.310
2020-10-07 12:17:40,813:INFO: - Eval metrics : accuracy: 0.528 ; loss: 1.355
2020-10-07 12:17:40,825:INFO: Epoch 34/150
2020-10-07 12:17:59,716:INFO: - Train metrics: accuracy: 0.514 ; loss: 1.307
2020-10-07 12:18:02,572:INFO: - Eval metrics : accuracy: 0.528 ; loss: 1.361
2020-10-07 12:18:02,587:INFO: Epoch 35/150
2020-10-07 12:18:21,493:INFO: - Train metrics: accuracy: 0.525 ; loss: 1.305
2020-10-07 12:18:24,351:INFO: - Eval metrics : accuracy: 0.526 ; loss: 1.352
2020-10-07 12:18:24,361:INFO: Epoch 36/150
2020-10-07 12:18:43,247:INFO: - Train metrics: accuracy: 0.527 ; loss: 1.370
2020-10-07 12:18:46,104:INFO: - Eval metrics : accuracy: 0.530 ; loss: 1.349
2020-10-07 12:18:46,114:INFO: Epoch 37/150
2020-10-07 12:19:05,011:INFO: - Train metrics: accuracy: 0.531 ; loss: 1.290
2020-10-07 12:19:07,868:INFO: - Eval metrics : accuracy: 0.531 ; loss: 1.336
2020-10-07 12:19:07,882:INFO: Epoch 38/150
2020-10-07 12:19:26,806:INFO: - Train metrics: accuracy: 0.551 ; loss: 1.256
2020-10-07 12:19:29,666:INFO: - Eval metrics : accuracy: 0.536 ; loss: 1.338
2020-10-07 12:19:29,688:INFO: - Found new best accuracy
2020-10-07 12:19:29,688:INFO: Epoch 39/150
2020-10-07 12:19:48,609:INFO: - Train metrics: accuracy: 0.570 ; loss: 1.268
2020-10-07 12:19:51,467:INFO: - Eval metrics : accuracy: 0.540 ; loss: 1.348
2020-10-07 12:19:51,486:INFO: - Found new best accuracy
2020-10-07 12:19:51,489:INFO: Epoch 40/150
2020-10-07 12:20:10,393:INFO: - Train metrics: accuracy: 0.525 ; loss: 1.332
2020-10-07 12:20:13,250:INFO: - Eval metrics : accuracy: 0.535 ; loss: 1.332
2020-10-07 12:20:13,315:INFO: Epoch 41/150
2020-10-07 12:20:32,202:INFO: - Train metrics: accuracy: 0.551 ; loss: 1.248
2020-10-07 12:20:35,061:INFO: - Eval metrics : accuracy: 0.536 ; loss: 1.330
2020-10-07 12:20:35,072:INFO: Epoch 42/150
2020-10-07 12:20:54,021:INFO: - Train metrics: accuracy: 0.525 ; loss: 1.347
2020-10-07 12:20:56,879:INFO: - Eval metrics : accuracy: 0.541 ; loss: 1.330
2020-10-07 12:20:56,899:INFO: - Found new best accuracy
2020-10-07 12:20:56,900:INFO: Epoch 43/150
2020-10-07 12:21:15,831:INFO: - Train metrics: accuracy: 0.568 ; loss: 1.262
2020-10-07 12:21:18,694:INFO: - Eval metrics : accuracy: 0.531 ; loss: 1.350
2020-10-07 12:21:18,700:INFO: Epoch 44/150
2020-10-07 12:21:37,594:INFO: - Train metrics: accuracy: 0.561 ; loss: 1.267
2020-10-07 12:21:40,450:INFO: - Eval metrics : accuracy: 0.535 ; loss: 1.329
2020-10-07 12:21:40,466:INFO: Epoch 45/150
2020-10-07 12:21:59,342:INFO: - Train metrics: accuracy: 0.547 ; loss: 1.244
2020-10-07 12:22:02,432:INFO: - Eval metrics : accuracy: 0.534 ; loss: 1.338
2020-10-07 12:22:02,680:INFO: Epoch 46/150
2020-10-07 12:22:21,577:INFO: - Train metrics: accuracy: 0.561 ; loss: 1.299
2020-10-07 12:22:24,433:INFO: - Eval metrics : accuracy: 0.537 ; loss: 1.343
2020-10-07 12:22:24,443:INFO: Epoch 47/150
2020-10-07 12:22:43,342:INFO: - Train metrics: accuracy: 0.543 ; loss: 1.238
2020-10-07 12:22:46,199:INFO: - Eval metrics : accuracy: 0.540 ; loss: 1.328
2020-10-07 12:22:46,213:INFO: Epoch 48/150
2020-10-07 12:23:05,094:INFO: - Train metrics: accuracy: 0.502 ; loss: 1.360
2020-10-07 12:23:07,950:INFO: - Eval metrics : accuracy: 0.536 ; loss: 1.333
2020-10-07 12:23:07,959:INFO: Epoch 49/150
2020-10-07 12:23:26,877:INFO: - Train metrics: accuracy: 0.545 ; loss: 1.266
2020-10-07 12:23:29,731:INFO: - Eval metrics : accuracy: 0.542 ; loss: 1.321
2020-10-07 12:23:29,755:INFO: - Found new best accuracy
2020-10-07 12:23:29,759:INFO: Epoch 50/150
2020-10-07 12:23:48,635:INFO: - Train metrics: accuracy: 0.545 ; loss: 1.313
2020-10-07 12:23:51,494:INFO: - Eval metrics : accuracy: 0.542 ; loss: 1.325
2020-10-07 12:23:51,515:INFO: - Found new best accuracy
2020-10-07 12:23:51,518:INFO: Epoch 51/150
2020-10-07 12:24:10,434:INFO: - Train metrics: accuracy: 0.570 ; loss: 1.212
2020-10-07 12:24:13,290:INFO: - Eval metrics : accuracy: 0.534 ; loss: 1.314
2020-10-07 12:24:13,299:INFO: Epoch 52/150
2020-10-07 12:24:32,228:INFO: - Train metrics: accuracy: 0.557 ; loss: 1.206
2020-10-07 12:24:35,088:INFO: - Eval metrics : accuracy: 0.539 ; loss: 1.312
2020-10-07 12:24:35,098:INFO: Epoch 53/150
2020-10-07 12:24:54,000:INFO: - Train metrics: accuracy: 0.564 ; loss: 1.250
2020-10-07 12:24:56,866:INFO: - Eval metrics : accuracy: 0.540 ; loss: 1.316
2020-10-07 12:24:56,877:INFO: Epoch 54/150
2020-10-07 12:25:15,750:INFO: - Train metrics: accuracy: 0.551 ; loss: 1.223
2020-10-07 12:25:18,608:INFO: - Eval metrics : accuracy: 0.538 ; loss: 1.329
2020-10-07 12:25:27,154:INFO: Epoch 55/150
2020-10-07 12:25:46,448:INFO: - Train metrics: accuracy: 0.570 ; loss: 1.224
2020-10-07 12:25:49,309:INFO: - Eval metrics : accuracy: 0.543 ; loss: 1.310
2020-10-07 12:25:50,454:INFO: - Found new best accuracy
2020-10-07 12:25:50,455:INFO: Epoch 56/150
2020-10-07 12:26:10,490:INFO: - Train metrics: accuracy: 0.535 ; loss: 1.240
2020-10-07 12:26:13,346:INFO: - Eval metrics : accuracy: 0.543 ; loss: 1.321
2020-10-07 12:26:15,234:INFO: - Found new best accuracy
2020-10-07 12:26:15,234:INFO: Epoch 57/150
2020-10-07 12:26:36,051:INFO: - Train metrics: accuracy: 0.586 ; loss: 1.200
2020-10-07 12:26:38,908:INFO: - Eval metrics : accuracy: 0.547 ; loss: 1.311
2020-10-07 12:26:38,941:INFO: - Found new best accuracy
2020-10-07 12:26:38,944:INFO: Epoch 58/150
2020-10-07 12:26:59,521:INFO: - Train metrics: accuracy: 0.594 ; loss: 1.125
2020-10-07 12:27:02,383:INFO: - Eval metrics : accuracy: 0.546 ; loss: 1.315
2020-10-07 12:27:02,394:INFO: Epoch 59/150
2020-10-07 12:27:22,976:INFO: - Train metrics: accuracy: 0.580 ; loss: 1.194
2020-10-07 12:27:25,836:INFO: - Eval metrics : accuracy: 0.542 ; loss: 1.312
2020-10-07 12:27:25,850:INFO: Epoch 60/150
2020-10-07 12:27:46,194:INFO: - Train metrics: accuracy: 0.561 ; loss: 1.174
2020-10-07 12:27:49,054:INFO: - Eval metrics : accuracy: 0.548 ; loss: 1.308
2020-10-07 12:27:49,110:INFO: - Found new best accuracy
2020-10-07 12:27:49,114:INFO: Epoch 61/150
2020-10-07 12:28:08,882:INFO: - Train metrics: accuracy: 0.566 ; loss: 1.210
2020-10-07 12:28:11,749:INFO: - Eval metrics : accuracy: 0.545 ; loss: 1.315
2020-10-07 12:28:11,759:INFO: Epoch 62/150
2020-10-07 12:28:31,769:INFO: - Train metrics: accuracy: 0.566 ; loss: 1.212
2020-10-07 12:28:34,628:INFO: - Eval metrics : accuracy: 0.549 ; loss: 1.303
2020-10-07 12:28:34,651:INFO: - Found new best accuracy
2020-10-07 12:28:34,655:INFO: Epoch 63/150
2020-10-07 12:28:54,708:INFO: - Train metrics: accuracy: 0.594 ; loss: 1.189
2020-10-07 12:28:57,584:INFO: - Eval metrics : accuracy: 0.547 ; loss: 1.311
2020-10-07 12:28:57,591:INFO: Epoch 64/150
2020-10-07 12:29:18,212:INFO: - Train metrics: accuracy: 0.555 ; loss: 1.273
2020-10-07 12:29:21,073:INFO: - Eval metrics : accuracy: 0.549 ; loss: 1.307
2020-10-07 12:29:21,086:INFO: Epoch 65/150
2020-10-07 12:29:42,021:INFO: - Train metrics: accuracy: 0.572 ; loss: 1.234
2020-10-07 12:29:44,956:INFO: - Eval metrics : accuracy: 0.550 ; loss: 1.297
2020-10-07 12:29:47,506:INFO: - Found new best accuracy
2020-10-07 12:29:47,507:INFO: Epoch 66/150
2020-10-07 12:30:08,131:INFO: - Train metrics: accuracy: 0.562 ; loss: 1.188
2020-10-07 12:30:10,987:INFO: - Eval metrics : accuracy: 0.553 ; loss: 1.294
2020-10-07 12:30:11,010:INFO: - Found new best accuracy
2020-10-07 12:30:11,014:INFO: Epoch 67/150
2020-10-07 12:30:31,046:INFO: - Train metrics: accuracy: 0.547 ; loss: 1.185
2020-10-07 12:30:33,992:INFO: - Eval metrics : accuracy: 0.548 ; loss: 1.311
2020-10-07 12:30:34,003:INFO: Epoch 68/150
2020-10-07 12:30:53,891:INFO: - Train metrics: accuracy: 0.611 ; loss: 1.163
2020-10-07 12:30:56,766:INFO: - Eval metrics : accuracy: 0.546 ; loss: 1.304
2020-10-07 12:30:58,637:INFO: Epoch 69/150
2020-10-07 12:31:18,526:INFO: - Train metrics: accuracy: 0.572 ; loss: 1.213
2020-10-07 12:31:21,381:INFO: - Eval metrics : accuracy: 0.554 ; loss: 1.285
2020-10-07 12:31:21,488:INFO: - Found new best accuracy
2020-10-07 12:31:21,489:INFO: Epoch 70/150
2020-10-07 12:31:41,467:INFO: - Train metrics: accuracy: 0.547 ; loss: 1.265
2020-10-07 12:31:44,328:INFO: - Eval metrics : accuracy: 0.549 ; loss: 1.294
2020-10-07 12:31:44,340:INFO: Epoch 71/150
2020-10-07 12:32:04,219:INFO: - Train metrics: accuracy: 0.557 ; loss: 1.170
2020-10-07 12:32:07,079:INFO: - Eval metrics : accuracy: 0.552 ; loss: 1.291
2020-10-07 12:32:07,089:INFO: Epoch 72/150
2020-10-07 12:32:27,029:INFO: - Train metrics: accuracy: 0.566 ; loss: 1.225
2020-10-07 12:32:29,888:INFO: - Eval metrics : accuracy: 0.551 ; loss: 1.296
2020-10-07 12:32:29,901:INFO: Epoch 73/150
2020-10-07 12:32:50,010:INFO: - Train metrics: accuracy: 0.562 ; loss: 1.220
2020-10-07 12:32:52,871:INFO: - Eval metrics : accuracy: 0.553 ; loss: 1.294
2020-10-07 12:32:52,886:INFO: Epoch 74/150
2020-10-07 12:33:13,828:INFO: - Train metrics: accuracy: 0.592 ; loss: 1.194
2020-10-07 12:33:16,926:INFO: - Eval metrics : accuracy: 0.551 ; loss: 1.285
2020-10-07 12:33:16,940:INFO: Epoch 75/150
2020-10-07 12:33:37,680:INFO: - Train metrics: accuracy: 0.557 ; loss: 1.257
2020-10-07 12:33:40,537:INFO: - Eval metrics : accuracy: 0.556 ; loss: 1.283
2020-10-07 12:33:40,554:INFO: - Found new best accuracy
2020-10-07 12:33:40,554:INFO: Epoch 76/150
2020-10-07 12:34:01,414:INFO: - Train metrics: accuracy: 0.564 ; loss: 1.216
2020-10-07 12:34:04,327:INFO: - Eval metrics : accuracy: 0.553 ; loss: 1.293
2020-10-07 12:34:04,345:INFO: Epoch 77/150
2020-10-07 12:34:25,261:INFO: - Train metrics: accuracy: 0.594 ; loss: 1.149
2020-10-07 12:34:28,116:INFO: - Eval metrics : accuracy: 0.569 ; loss: 1.273
2020-10-07 12:34:28,143:INFO: - Found new best accuracy
2020-10-07 12:34:28,144:INFO: Epoch 78/150
2020-10-07 12:34:48,525:INFO: - Train metrics: accuracy: 0.576 ; loss: 1.206
2020-10-07 12:34:51,386:INFO: - Eval metrics : accuracy: 0.554 ; loss: 1.288
2020-10-07 12:34:51,401:INFO: Epoch 79/150
2020-10-07 12:35:12,218:INFO: - Train metrics: accuracy: 0.572 ; loss: 1.175
2020-10-07 12:35:15,076:INFO: - Eval metrics : accuracy: 0.557 ; loss: 1.284
2020-10-07 12:35:15,082:INFO: Epoch 80/150
2020-10-07 12:35:35,725:INFO: - Train metrics: accuracy: 0.562 ; loss: 1.223
2020-10-07 12:35:38,588:INFO: - Eval metrics : accuracy: 0.554 ; loss: 1.286
2020-10-07 12:35:38,599:INFO: Epoch 81/150
2020-10-07 12:35:59,536:INFO: - Train metrics: accuracy: 0.568 ; loss: 1.229
2020-10-07 12:36:02,397:INFO: - Eval metrics : accuracy: 0.554 ; loss: 1.282
2020-10-07 12:36:02,514:INFO: Epoch 82/150
2020-10-07 12:36:22,391:INFO: - Train metrics: accuracy: 0.598 ; loss: 1.160
2020-10-07 12:36:25,246:INFO: - Eval metrics : accuracy: 0.563 ; loss: 1.266
2020-10-07 12:36:25,252:INFO: Epoch 83/150
2020-10-07 12:36:45,138:INFO: - Train metrics: accuracy: 0.602 ; loss: 1.091
2020-10-07 12:36:47,995:INFO: - Eval metrics : accuracy: 0.555 ; loss: 1.281
2020-10-07 12:36:48,007:INFO: Epoch 84/150
2020-10-07 12:37:07,940:INFO: - Train metrics: accuracy: 0.594 ; loss: 1.137
2020-10-07 12:37:10,795:INFO: - Eval metrics : accuracy: 0.553 ; loss: 1.286
2020-10-07 12:37:10,808:INFO: Epoch 85/150
2020-10-07 12:37:30,505:INFO: - Train metrics: accuracy: 0.586 ; loss: 1.181
2020-10-07 12:37:33,364:INFO: - Eval metrics : accuracy: 0.556 ; loss: 1.281
2020-10-07 12:37:33,377:INFO: Epoch 86/150
2020-10-07 12:37:53,467:INFO: - Train metrics: accuracy: 0.590 ; loss: 1.127
2020-10-07 12:37:56,325:INFO: - Eval metrics : accuracy: 0.554 ; loss: 1.288
2020-10-07 12:37:56,339:INFO: Epoch 87/150
2020-10-07 12:38:16,225:INFO: - Train metrics: accuracy: 0.582 ; loss: 1.161
2020-10-07 12:38:19,082:INFO: - Eval metrics : accuracy: 0.555 ; loss: 1.281
2020-10-07 12:38:19,088:INFO: Epoch 88/150
2020-10-07 12:38:39,081:INFO: - Train metrics: accuracy: 0.598 ; loss: 1.172
2020-10-07 12:38:41,942:INFO: - Eval metrics : accuracy: 0.566 ; loss: 1.270
2020-10-07 12:38:41,953:INFO: Epoch 89/150
2020-10-07 12:39:01,981:INFO: - Train metrics: accuracy: 0.568 ; loss: 1.184
2020-10-07 12:39:04,838:INFO: - Eval metrics : accuracy: 0.566 ; loss: 1.270
2020-10-07 12:39:04,845:INFO: Epoch 90/150
2020-10-07 12:39:24,645:INFO: - Train metrics: accuracy: 0.572 ; loss: 1.198
2020-10-07 12:39:27,500:INFO: - Eval metrics : accuracy: 0.560 ; loss: 1.281
2020-10-07 12:39:27,508:INFO: Epoch 91/150
2020-10-07 12:39:47,248:INFO: - Train metrics: accuracy: 0.574 ; loss: 1.199
2020-10-07 12:39:50,103:INFO: - Eval metrics : accuracy: 0.562 ; loss: 1.271
2020-10-07 12:39:50,112:INFO: Epoch 92/150
2020-10-07 12:40:10,018:INFO: - Train metrics: accuracy: 0.580 ; loss: 1.246
2020-10-07 12:40:12,879:INFO: - Eval metrics : accuracy: 0.558 ; loss: 1.275
2020-10-07 12:40:12,886:INFO: Epoch 93/150
2020-10-07 12:40:32,824:INFO: - Train metrics: accuracy: 0.611 ; loss: 1.167
2020-10-07 12:40:35,688:INFO: - Eval metrics : accuracy: 0.564 ; loss: 1.274
2020-10-07 12:40:35,702:INFO: Epoch 94/150
2020-10-07 12:40:55,659:INFO: - Train metrics: accuracy: 0.582 ; loss: 1.147
2020-10-07 12:40:58,623:INFO: - Eval metrics : accuracy: 0.565 ; loss: 1.271
2020-10-07 12:40:58,638:INFO: Epoch 95/150
2020-10-07 12:41:18,649:INFO: - Train metrics: accuracy: 0.607 ; loss: 1.112
2020-10-07 12:41:21,519:INFO: - Eval metrics : accuracy: 0.556 ; loss: 1.291
2020-10-07 12:41:21,530:INFO: Epoch 96/150
2020-10-07 12:41:41,485:INFO: - Train metrics: accuracy: 0.613 ; loss: 1.132
2020-10-07 12:41:44,353:INFO: - Eval metrics : accuracy: 0.556 ; loss: 1.275
2020-10-07 12:41:44,365:INFO: Epoch 97/150
2020-10-07 12:42:04,343:INFO: - Train metrics: accuracy: 0.566 ; loss: 1.162
2020-10-07 12:42:07,209:INFO: - Eval metrics : accuracy: 0.565 ; loss: 1.264
2020-10-07 12:42:07,222:INFO: Epoch 98/150
2020-10-07 12:42:27,226:INFO: - Train metrics: accuracy: 0.586 ; loss: 1.156
2020-10-07 12:42:30,094:INFO: - Eval metrics : accuracy: 0.561 ; loss: 1.265
2020-10-07 12:42:30,104:INFO: Epoch 99/150
2020-10-07 12:42:50,070:INFO: - Train metrics: accuracy: 0.592 ; loss: 1.156
2020-10-07 12:42:52,932:INFO: - Eval metrics : accuracy: 0.560 ; loss: 1.271
2020-10-07 12:42:52,938:INFO: Epoch 100/150
2020-10-07 12:43:12,826:INFO: - Train metrics: accuracy: 0.566 ; loss: 1.176
2020-10-07 12:43:15,705:INFO: - Eval metrics : accuracy: 0.561 ; loss: 1.274
2020-10-07 12:43:15,716:INFO: Epoch 101/150
2020-10-07 12:43:35,729:INFO: - Train metrics: accuracy: 0.586 ; loss: 1.143
2020-10-07 12:43:38,616:INFO: - Eval metrics : accuracy: 0.564 ; loss: 1.260
2020-10-07 12:43:38,624:INFO: Epoch 102/150
2020-10-07 12:43:58,602:INFO: - Train metrics: accuracy: 0.613 ; loss: 1.134
2020-10-07 12:44:01,527:INFO: - Eval metrics : accuracy: 0.559 ; loss: 1.272
2020-10-07 12:44:01,535:INFO: Epoch 103/150
2020-10-07 12:44:21,562:INFO: - Train metrics: accuracy: 0.602 ; loss: 1.135
2020-10-07 12:44:24,421:INFO: - Eval metrics : accuracy: 0.565 ; loss: 1.273
2020-10-07 12:44:24,431:INFO: Epoch 104/150
2020-10-07 12:44:44,364:INFO: - Train metrics: accuracy: 0.580 ; loss: 1.167
2020-10-07 12:44:47,225:INFO: - Eval metrics : accuracy: 0.563 ; loss: 1.269
2020-10-07 12:44:47,233:INFO: Epoch 105/150
2020-10-07 12:45:07,097:INFO: - Train metrics: accuracy: 0.592 ; loss: 1.187
2020-10-07 12:45:09,980:INFO: - Eval metrics : accuracy: 0.561 ; loss: 1.257
2020-10-07 12:45:09,992:INFO: Epoch 106/150
2020-10-07 12:45:31,862:INFO: - Train metrics: accuracy: 0.574 ; loss: 1.111
2020-10-07 12:45:34,729:INFO: - Eval metrics : accuracy: 0.569 ; loss: 1.252
2020-10-07 12:45:34,736:INFO: Epoch 107/150
2020-10-07 12:45:54,573:INFO: - Train metrics: accuracy: 0.518 ; loss: 1.274
2020-10-07 12:45:57,440:INFO: - Eval metrics : accuracy: 0.568 ; loss: 1.256
2020-10-07 12:45:57,446:INFO: Epoch 108/150
2020-10-07 12:46:17,336:INFO: - Train metrics: accuracy: 0.598 ; loss: 1.198
2020-10-07 12:46:20,217:INFO: - Eval metrics : accuracy: 0.563 ; loss: 1.263
2020-10-07 12:46:21,561:INFO: Epoch 109/150
2020-10-07 12:46:41,608:INFO: - Train metrics: accuracy: 0.594 ; loss: 1.131
2020-10-07 12:46:44,473:INFO: - Eval metrics : accuracy: 0.561 ; loss: 1.272
2020-10-07 12:46:44,487:INFO: Epoch 110/150
2020-10-07 12:47:04,377:INFO: - Train metrics: accuracy: 0.613 ; loss: 1.134
2020-10-07 12:47:07,235:INFO: - Eval metrics : accuracy: 0.564 ; loss: 1.264
2020-10-07 12:47:07,247:INFO: Epoch 111/150
2020-10-07 12:47:27,211:INFO: - Train metrics: accuracy: 0.582 ; loss: 1.158
2020-10-07 12:47:30,069:INFO: - Eval metrics : accuracy: 0.560 ; loss: 1.271
2020-10-07 12:47:30,077:INFO: Epoch 112/150
2020-10-07 12:47:49,989:INFO: - Train metrics: accuracy: 0.578 ; loss: 1.201
2020-10-07 12:47:52,850:INFO: - Eval metrics : accuracy: 0.566 ; loss: 1.251
2020-10-07 12:47:52,863:INFO: Epoch 113/150
2020-10-07 12:48:12,910:INFO: - Train metrics: accuracy: 0.561 ; loss: 1.172
2020-10-07 12:48:15,769:INFO: - Eval metrics : accuracy: 0.566 ; loss: 1.245
2020-10-07 12:48:15,778:INFO: Epoch 114/150
2020-10-07 12:48:35,704:INFO: - Train metrics: accuracy: 0.613 ; loss: 1.151
2020-10-07 12:48:38,560:INFO: - Eval metrics : accuracy: 0.568 ; loss: 1.254
2020-10-07 12:48:39,520:INFO: Epoch 115/150
2020-10-07 12:48:59,433:INFO: - Train metrics: accuracy: 0.602 ; loss: 1.156
2020-10-07 12:49:02,292:INFO: - Eval metrics : accuracy: 0.569 ; loss: 1.248
2020-10-07 12:49:02,302:INFO: Epoch 116/150
2020-10-07 12:49:22,220:INFO: - Train metrics: accuracy: 0.607 ; loss: 1.194
2020-10-07 12:49:25,076:INFO: - Eval metrics : accuracy: 0.561 ; loss: 1.265
2020-10-07 12:49:25,087:INFO: Epoch 117/150
2020-10-07 12:49:45,094:INFO: - Train metrics: accuracy: 0.617 ; loss: 1.065
2020-10-07 12:49:47,953:INFO: - Eval metrics : accuracy: 0.565 ; loss: 1.255
2020-10-07 12:49:47,967:INFO: Epoch 118/150
