2020-10-07 06:22:38,342:INFO: Loading the datasets...
2020-10-07 06:22:39,746:INFO: - done.
2020-10-07 06:22:41,253:INFO: Starting training for 20 epoch(s)
2020-10-07 06:22:41,253:INFO: Epoch 1/20
2020-10-07 06:22:59,834:INFO: - Train metrics: accuracy: 0.221 ; loss: 3.222
2020-10-07 06:23:02,611:INFO: - Eval metrics : accuracy: 0.089 ; loss: 14.280
2020-10-07 06:23:02,704:INFO: - Found new best accuracy
2020-10-07 06:23:02,715:INFO: Epoch 2/20
2020-10-07 06:23:21,048:INFO: - Train metrics: accuracy: 0.248 ; loss: 2.937
2020-10-07 06:23:23,822:INFO: - Eval metrics : accuracy: 0.098 ; loss: 13.827
2020-10-07 06:23:23,890:INFO: - Found new best accuracy
2020-10-07 06:23:23,891:INFO: Epoch 3/20
2020-10-07 06:23:42,184:INFO: - Train metrics: accuracy: 0.271 ; loss: 3.268
2020-10-07 06:23:44,960:INFO: - Eval metrics : accuracy: 0.093 ; loss: 14.799
2020-10-07 06:23:45,021:INFO: Epoch 4/20
2020-10-07 06:24:03,298:INFO: - Train metrics: accuracy: 0.260 ; loss: 2.918
2020-10-07 06:24:06,076:INFO: - Eval metrics : accuracy: 0.092 ; loss: 18.183
2020-10-07 06:24:06,148:INFO: Epoch 5/20
2020-10-07 06:24:24,529:INFO: - Train metrics: accuracy: 0.227 ; loss: 2.875
2020-10-07 06:24:27,302:INFO: - Eval metrics : accuracy: 0.102 ; loss: 18.239
2020-10-07 06:24:27,380:INFO: - Found new best accuracy
2020-10-07 06:24:27,381:INFO: Epoch 6/20
2020-10-07 06:24:45,784:INFO: - Train metrics: accuracy: 0.262 ; loss: 3.081
2020-10-07 06:24:48,559:INFO: - Eval metrics : accuracy: 0.092 ; loss: 17.327
2020-10-07 06:24:48,623:INFO: Epoch 7/20
2020-10-07 06:25:07,116:INFO: - Train metrics: accuracy: 0.275 ; loss: 2.923
2020-10-07 06:25:09,887:INFO: - Eval metrics : accuracy: 0.108 ; loss: 15.944
2020-10-07 06:25:09,957:INFO: - Found new best accuracy
2020-10-07 06:25:09,958:INFO: Epoch 8/20
2020-10-07 06:25:28,366:INFO: - Train metrics: accuracy: 0.273 ; loss: 2.917
2020-10-07 06:25:31,139:INFO: - Eval metrics : accuracy: 0.123 ; loss: 14.808
2020-10-07 06:25:31,231:INFO: - Found new best accuracy
2020-10-07 06:25:31,233:INFO: Epoch 9/20
2020-10-07 06:25:49,680:INFO: - Train metrics: accuracy: 0.260 ; loss: 2.935
2020-10-07 06:25:52,453:INFO: - Eval metrics : accuracy: 0.112 ; loss: 15.065
2020-10-07 06:25:52,526:INFO: Epoch 10/20
2020-10-07 06:26:12,466:INFO: - Train metrics: accuracy: 0.301 ; loss: 2.698
2020-10-07 06:26:15,238:INFO: - Eval metrics : accuracy: 0.100 ; loss: 17.700
2020-10-07 06:26:15,336:INFO: Epoch 11/20
2020-10-07 06:26:33,774:INFO: - Train metrics: accuracy: 0.240 ; loss: 3.122
2020-10-07 06:26:36,559:INFO: - Eval metrics : accuracy: 0.088 ; loss: 17.368
2020-10-07 06:26:36,641:INFO: Epoch 12/20
2020-10-07 06:26:55,232:INFO: - Train metrics: accuracy: 0.293 ; loss: 2.878
2020-10-07 06:26:58,005:INFO: - Eval metrics : accuracy: 0.111 ; loss: 18.522
2020-10-07 06:26:58,085:INFO: Epoch 13/20
2020-10-07 06:27:16,600:INFO: - Train metrics: accuracy: 0.273 ; loss: 2.917
2020-10-07 06:27:19,376:INFO: - Eval metrics : accuracy: 0.104 ; loss: 18.804
2020-10-07 06:27:19,455:INFO: Epoch 14/20
2020-10-07 06:27:37,952:INFO: - Train metrics: accuracy: 0.236 ; loss: 2.807
2020-10-07 06:27:40,724:INFO: - Eval metrics : accuracy: 0.116 ; loss: 17.053
2020-10-07 06:27:40,816:INFO: Epoch 15/20
2020-10-07 06:27:59,269:INFO: - Train metrics: accuracy: 0.264 ; loss: 2.880
2020-10-07 06:28:02,041:INFO: - Eval metrics : accuracy: 0.113 ; loss: 17.668
2020-10-07 06:28:02,119:INFO: Epoch 16/20
2020-10-07 06:28:20,525:INFO: - Train metrics: accuracy: 0.254 ; loss: 2.993
2020-10-07 06:28:23,297:INFO: - Eval metrics : accuracy: 0.115 ; loss: 18.143
2020-10-07 06:28:23,346:INFO: Epoch 17/20
2020-10-07 06:28:41,781:INFO: - Train metrics: accuracy: 0.268 ; loss: 2.666
2020-10-07 06:28:44,553:INFO: - Eval metrics : accuracy: 0.112 ; loss: 17.842
2020-10-07 06:28:44,615:INFO: Epoch 18/20
2020-10-07 06:29:03,076:INFO: - Train metrics: accuracy: 0.271 ; loss: 3.134
2020-10-07 06:29:05,856:INFO: - Eval metrics : accuracy: 0.111 ; loss: 18.004
2020-10-07 06:29:05,943:INFO: Epoch 19/20
2020-10-07 06:29:24,388:INFO: - Train metrics: accuracy: 0.266 ; loss: 2.826
2020-10-07 06:29:27,164:INFO: - Eval metrics : accuracy: 0.111 ; loss: 18.761
2020-10-07 06:29:27,226:INFO: Epoch 20/20
2020-10-07 06:29:45,695:INFO: - Train metrics: accuracy: 0.279 ; loss: 2.563
2020-10-07 06:29:48,468:INFO: - Eval metrics : accuracy: 0.104 ; loss: 18.601
2020-10-07 06:45:50,865:INFO: Loading the datasets...
2020-10-07 06:45:52,270:INFO: - done.
2020-10-07 06:45:53,765:INFO: Starting training for 100 epoch(s)
2020-10-07 06:45:53,765:INFO: Epoch 1/100
2020-10-07 06:46:12,155:INFO: - Train metrics: accuracy: 0.205 ; loss: 2.882
2020-10-07 06:46:14,937:INFO: - Eval metrics : accuracy: 0.224 ; loss: 5.588
2020-10-07 06:46:14,960:INFO: - Found new best accuracy
2020-10-07 06:46:14,961:INFO: Epoch 2/100
2020-10-07 06:46:33,096:INFO: - Train metrics: accuracy: 0.230 ; loss: 2.543
2020-10-07 06:46:35,883:INFO: - Eval metrics : accuracy: 0.216 ; loss: 5.649
2020-10-07 06:46:35,893:INFO: Epoch 3/100
2020-10-07 06:46:54,060:INFO: - Train metrics: accuracy: 0.252 ; loss: 2.624
2020-10-07 06:46:56,837:INFO: - Eval metrics : accuracy: 0.216 ; loss: 5.477
2020-10-07 06:46:56,847:INFO: Epoch 4/100
2020-10-07 06:47:15,024:INFO: - Train metrics: accuracy: 0.248 ; loss: 2.640
2020-10-07 06:47:17,801:INFO: - Eval metrics : accuracy: 0.235 ; loss: 5.396
2020-10-07 06:47:17,822:INFO: - Found new best accuracy
2020-10-07 06:47:17,826:INFO: Epoch 5/100
2020-10-07 06:47:35,905:INFO: - Train metrics: accuracy: 0.268 ; loss: 2.449
2020-10-07 06:47:38,680:INFO: - Eval metrics : accuracy: 0.235 ; loss: 5.328
2020-10-07 06:47:38,690:INFO: Epoch 6/100
2020-10-07 06:47:56,810:INFO: - Train metrics: accuracy: 0.297 ; loss: 2.361
2020-10-07 06:47:59,583:INFO: - Eval metrics : accuracy: 0.240 ; loss: 5.272
2020-10-07 06:47:59,605:INFO: - Found new best accuracy
2020-10-07 06:47:59,609:INFO: Epoch 7/100
2020-10-07 06:48:17,734:INFO: - Train metrics: accuracy: 0.279 ; loss: 2.388
2020-10-07 06:48:20,510:INFO: - Eval metrics : accuracy: 0.234 ; loss: 5.193
2020-10-07 06:48:20,515:INFO: Epoch 8/100
2020-10-07 06:48:38,708:INFO: - Train metrics: accuracy: 0.285 ; loss: 2.252
2020-10-07 06:48:41,484:INFO: - Eval metrics : accuracy: 0.245 ; loss: 5.176
2020-10-07 06:48:41,512:INFO: - Found new best accuracy
2020-10-07 06:48:41,515:INFO: Epoch 9/100
2020-10-07 06:48:59,689:INFO: - Train metrics: accuracy: 0.258 ; loss: 2.495
2020-10-07 06:49:02,466:INFO: - Eval metrics : accuracy: 0.250 ; loss: 5.048
2020-10-07 06:49:02,481:INFO: - Found new best accuracy
2020-10-07 06:49:02,485:INFO: Epoch 10/100
2020-10-07 06:49:20,643:INFO: - Train metrics: accuracy: 0.311 ; loss: 2.259
2020-10-07 06:49:23,421:INFO: - Eval metrics : accuracy: 0.233 ; loss: 5.011
2020-10-07 06:49:23,426:INFO: Epoch 11/100
2020-10-07 06:49:41,659:INFO: - Train metrics: accuracy: 0.275 ; loss: 2.515
2020-10-07 06:49:44,435:INFO: - Eval metrics : accuracy: 0.248 ; loss: 4.926
2020-10-07 06:49:44,448:INFO: Epoch 12/100
2020-10-07 06:50:02,635:INFO: - Train metrics: accuracy: 0.248 ; loss: 2.542
2020-10-07 06:50:05,415:INFO: - Eval metrics : accuracy: 0.260 ; loss: 4.974
2020-10-07 06:50:05,445:INFO: - Found new best accuracy
2020-10-07 06:50:05,449:INFO: Epoch 13/100
2020-10-07 06:50:23,606:INFO: - Train metrics: accuracy: 0.250 ; loss: 2.477
2020-10-07 06:50:26,384:INFO: - Eval metrics : accuracy: 0.253 ; loss: 4.920
2020-10-07 06:50:26,394:INFO: Epoch 14/100
2020-10-07 06:50:44,483:INFO: - Train metrics: accuracy: 0.250 ; loss: 2.526
2020-10-07 06:50:47,260:INFO: - Eval metrics : accuracy: 0.262 ; loss: 4.884
2020-10-07 06:50:47,283:INFO: - Found new best accuracy
2020-10-07 06:50:47,287:INFO: Epoch 15/100
2020-10-07 06:51:05,439:INFO: - Train metrics: accuracy: 0.258 ; loss: 2.542
2020-10-07 06:51:08,217:INFO: - Eval metrics : accuracy: 0.255 ; loss: 4.814
2020-10-07 06:51:08,230:INFO: Epoch 16/100
2020-10-07 06:51:26,483:INFO: - Train metrics: accuracy: 0.281 ; loss: 2.262
2020-10-07 06:51:29,263:INFO: - Eval metrics : accuracy: 0.251 ; loss: 4.908
2020-10-07 06:51:29,272:INFO: Epoch 17/100
2020-10-07 06:51:48,044:INFO: - Train metrics: accuracy: 0.271 ; loss: 2.369
2020-10-07 06:51:50,823:INFO: - Eval metrics : accuracy: 0.264 ; loss: 4.732
2020-10-07 06:51:50,845:INFO: - Found new best accuracy
2020-10-07 06:51:50,848:INFO: Epoch 18/100
2020-10-07 06:52:09,045:INFO: - Train metrics: accuracy: 0.271 ; loss: 2.360
2020-10-07 06:52:11,823:INFO: - Eval metrics : accuracy: 0.252 ; loss: 4.676
2020-10-07 06:52:11,839:INFO: Epoch 19/100
2020-10-07 06:52:30,035:INFO: - Train metrics: accuracy: 0.254 ; loss: 2.535
2020-10-07 06:52:32,812:INFO: - Eval metrics : accuracy: 0.243 ; loss: 4.742
2020-10-07 06:52:32,828:INFO: Epoch 20/100
2020-10-07 06:52:51,064:INFO: - Train metrics: accuracy: 0.262 ; loss: 2.263
2020-10-07 06:52:53,844:INFO: - Eval metrics : accuracy: 0.265 ; loss: 4.654
2020-10-07 06:52:53,867:INFO: - Found new best accuracy
2020-10-07 06:52:53,870:INFO: Epoch 21/100
2020-10-07 06:53:12,044:INFO: - Train metrics: accuracy: 0.273 ; loss: 2.397
2020-10-07 06:53:14,826:INFO: - Eval metrics : accuracy: 0.262 ; loss: 4.706
2020-10-07 06:53:14,838:INFO: Epoch 22/100
2020-10-07 06:53:32,932:INFO: - Train metrics: accuracy: 0.270 ; loss: 2.517
2020-10-07 06:53:35,712:INFO: - Eval metrics : accuracy: 0.268 ; loss: 4.551
2020-10-07 06:53:35,736:INFO: - Found new best accuracy
2020-10-07 06:53:35,736:INFO: Epoch 23/100
2020-10-07 06:53:53,942:INFO: - Train metrics: accuracy: 0.268 ; loss: 2.349
2020-10-07 06:53:56,721:INFO: - Eval metrics : accuracy: 0.253 ; loss: 4.581
2020-10-07 06:53:56,727:INFO: Epoch 24/100
2020-10-07 06:54:14,763:INFO: - Train metrics: accuracy: 0.254 ; loss: 2.389
2020-10-07 06:54:17,541:INFO: - Eval metrics : accuracy: 0.267 ; loss: 4.490
2020-10-07 06:54:17,551:INFO: Epoch 25/100
2020-10-07 06:54:35,669:INFO: - Train metrics: accuracy: 0.248 ; loss: 2.416
2020-10-07 06:54:38,449:INFO: - Eval metrics : accuracy: 0.265 ; loss: 4.623
2020-10-07 06:54:38,458:INFO: Epoch 26/100
2020-10-07 06:54:56,586:INFO: - Train metrics: accuracy: 0.295 ; loss: 2.292
2020-10-07 06:54:59,364:INFO: - Eval metrics : accuracy: 0.257 ; loss: 4.627
2020-10-07 06:54:59,373:INFO: Epoch 27/100
2020-10-07 06:55:17,641:INFO: - Train metrics: accuracy: 0.254 ; loss: 2.428
2020-10-07 06:55:20,424:INFO: - Eval metrics : accuracy: 0.267 ; loss: 4.564
2020-10-07 06:55:20,430:INFO: Epoch 28/100
2020-10-07 06:55:39,112:INFO: - Train metrics: accuracy: 0.289 ; loss: 2.365
2020-10-07 06:55:41,890:INFO: - Eval metrics : accuracy: 0.275 ; loss: 4.518
2020-10-07 06:55:41,914:INFO: - Found new best accuracy
2020-10-07 06:55:41,915:INFO: Epoch 29/100
2020-10-07 06:56:00,026:INFO: - Train metrics: accuracy: 0.266 ; loss: 2.424
2020-10-07 06:56:02,805:INFO: - Eval metrics : accuracy: 0.264 ; loss: 4.402
2020-10-07 06:56:02,818:INFO: Epoch 30/100
2020-10-07 06:56:20,952:INFO: - Train metrics: accuracy: 0.242 ; loss: 2.618
2020-10-07 06:56:23,730:INFO: - Eval metrics : accuracy: 0.263 ; loss: 4.449
2020-10-07 06:56:23,740:INFO: Epoch 31/100
2020-10-07 06:56:41,899:INFO: - Train metrics: accuracy: 0.291 ; loss: 2.464
2020-10-07 06:56:44,678:INFO: - Eval metrics : accuracy: 0.242 ; loss: 4.535
2020-10-07 06:56:44,693:INFO: Epoch 32/100
2020-10-07 06:57:02,843:INFO: - Train metrics: accuracy: 0.273 ; loss: 2.376
2020-10-07 06:57:05,623:INFO: - Eval metrics : accuracy: 0.278 ; loss: 4.465
2020-10-07 06:57:05,642:INFO: - Found new best accuracy
2020-10-07 06:57:05,643:INFO: Epoch 33/100
2020-10-07 06:57:23,751:INFO: - Train metrics: accuracy: 0.258 ; loss: 2.587
2020-10-07 06:57:26,530:INFO: - Eval metrics : accuracy: 0.252 ; loss: 4.472
2020-10-07 06:57:26,539:INFO: Epoch 34/100
2020-10-07 06:57:44,584:INFO: - Train metrics: accuracy: 0.281 ; loss: 2.362
2020-10-07 06:57:47,364:INFO: - Eval metrics : accuracy: 0.268 ; loss: 4.340
2020-10-07 06:57:47,378:INFO: Epoch 35/100
2020-10-07 06:58:05,475:INFO: - Train metrics: accuracy: 0.279 ; loss: 2.319
2020-10-07 06:58:08,257:INFO: - Eval metrics : accuracy: 0.269 ; loss: 4.299
2020-10-07 06:58:08,273:INFO: Epoch 36/100
2020-10-07 06:58:26,272:INFO: - Train metrics: accuracy: 0.258 ; loss: 2.404
2020-10-07 06:58:29,051:INFO: - Eval metrics : accuracy: 0.267 ; loss: 4.364
2020-10-07 06:58:29,061:INFO: Epoch 37/100
2020-10-07 06:58:47,481:INFO: - Train metrics: accuracy: 0.256 ; loss: 2.424
2020-10-07 06:58:50,260:INFO: - Eval metrics : accuracy: 0.273 ; loss: 4.324
2020-10-07 06:58:50,269:INFO: Epoch 38/100
2020-10-07 06:59:08,966:INFO: - Train metrics: accuracy: 0.299 ; loss: 2.357
2020-10-07 06:59:11,742:INFO: - Eval metrics : accuracy: 0.272 ; loss: 4.239
2020-10-07 06:59:11,758:INFO: Epoch 39/100
2020-10-07 06:59:30,655:INFO: - Train metrics: accuracy: 0.254 ; loss: 2.547
2020-10-07 06:59:33,435:INFO: - Eval metrics : accuracy: 0.270 ; loss: 4.401
2020-10-07 06:59:33,440:INFO: Epoch 40/100
2020-10-07 06:59:52,188:INFO: - Train metrics: accuracy: 0.260 ; loss: 2.417
2020-10-07 06:59:54,966:INFO: - Eval metrics : accuracy: 0.275 ; loss: 4.277
2020-10-07 06:59:54,976:INFO: Epoch 41/100
2020-10-07 07:00:13,018:INFO: - Train metrics: accuracy: 0.271 ; loss: 2.396
2020-10-07 07:00:15,799:INFO: - Eval metrics : accuracy: 0.264 ; loss: 4.301
2020-10-07 07:00:15,814:INFO: Epoch 42/100
2020-10-07 07:00:34,005:INFO: - Train metrics: accuracy: 0.277 ; loss: 2.361
2020-10-07 07:00:36,789:INFO: - Eval metrics : accuracy: 0.283 ; loss: 4.218
2020-10-07 07:00:36,813:INFO: - Found new best accuracy
2020-10-07 07:00:36,814:INFO: Epoch 43/100
2020-10-07 07:00:54,924:INFO: - Train metrics: accuracy: 0.270 ; loss: 2.386
2020-10-07 07:00:57,704:INFO: - Eval metrics : accuracy: 0.259 ; loss: 4.352
2020-10-07 07:00:57,715:INFO: Epoch 44/100
2020-10-07 07:01:15,857:INFO: - Train metrics: accuracy: 0.238 ; loss: 2.411
2020-10-07 07:01:18,633:INFO: - Eval metrics : accuracy: 0.288 ; loss: 4.113
2020-10-07 07:01:18,653:INFO: - Found new best accuracy
2020-10-07 07:01:18,657:INFO: Epoch 45/100
2020-10-07 07:01:36,629:INFO: - Train metrics: accuracy: 0.283 ; loss: 2.447
2020-10-07 07:01:39,410:INFO: - Eval metrics : accuracy: 0.285 ; loss: 4.158
2020-10-07 07:01:39,421:INFO: Epoch 46/100
2020-10-07 07:01:57,452:INFO: - Train metrics: accuracy: 0.250 ; loss: 2.379
2020-10-07 07:02:00,230:INFO: - Eval metrics : accuracy: 0.276 ; loss: 4.140
2020-10-07 07:02:00,239:INFO: Epoch 47/100
2020-10-07 07:02:20,424:INFO: - Train metrics: accuracy: 0.264 ; loss: 2.411
2020-10-07 07:02:23,606:INFO: - Eval metrics : accuracy: 0.275 ; loss: 4.073
2020-10-07 07:02:23,616:INFO: Epoch 48/100
2020-10-07 07:02:43,254:INFO: - Train metrics: accuracy: 0.277 ; loss: 2.398
2020-10-07 07:02:46,039:INFO: - Eval metrics : accuracy: 0.249 ; loss: 4.289
2020-10-07 07:02:46,053:INFO: Epoch 49/100
2020-10-07 07:03:03,750:INFO: - Train metrics: accuracy: 0.285 ; loss: 2.399
2020-10-07 07:03:06,540:INFO: - Eval metrics : accuracy: 0.291 ; loss: 4.076
2020-10-07 07:03:06,565:INFO: - Found new best accuracy
2020-10-07 07:03:06,569:INFO: Epoch 50/100
2020-10-07 07:03:24,108:INFO: - Train metrics: accuracy: 0.250 ; loss: 2.319
2020-10-07 07:03:26,893:INFO: - Eval metrics : accuracy: 0.286 ; loss: 4.060
2020-10-07 07:03:26,903:INFO: Epoch 51/100
2020-10-07 07:03:44,424:INFO: - Train metrics: accuracy: 0.275 ; loss: 2.386
2020-10-07 07:03:47,206:INFO: - Eval metrics : accuracy: 0.269 ; loss: 4.140
2020-10-07 07:03:47,225:INFO: Epoch 52/100
2020-10-07 07:04:05,161:INFO: - Train metrics: accuracy: 0.273 ; loss: 2.386
2020-10-07 07:04:07,943:INFO: - Eval metrics : accuracy: 0.270 ; loss: 4.111
2020-10-07 07:04:07,959:INFO: Epoch 53/100
2020-10-07 07:04:25,769:INFO: - Train metrics: accuracy: 0.256 ; loss: 2.423
2020-10-07 07:04:28,551:INFO: - Eval metrics : accuracy: 0.288 ; loss: 4.023
2020-10-07 07:04:28,556:INFO: Epoch 54/100
2020-10-07 07:04:46,447:INFO: - Train metrics: accuracy: 0.293 ; loss: 2.295
2020-10-07 07:04:49,225:INFO: - Eval metrics : accuracy: 0.264 ; loss: 4.170
2020-10-07 07:04:49,235:INFO: Epoch 55/100
2020-10-07 07:05:07,171:INFO: - Train metrics: accuracy: 0.248 ; loss: 2.375
2020-10-07 07:05:09,949:INFO: - Eval metrics : accuracy: 0.274 ; loss: 4.088
2020-10-07 07:05:09,961:INFO: Epoch 56/100
2020-10-07 07:05:27,665:INFO: - Train metrics: accuracy: 0.258 ; loss: 2.567
2020-10-07 07:05:30,443:INFO: - Eval metrics : accuracy: 0.287 ; loss: 3.992
2020-10-07 07:05:30,453:INFO: Epoch 57/100
2020-10-07 07:05:48,142:INFO: - Train metrics: accuracy: 0.232 ; loss: 2.495
2020-10-07 07:05:50,924:INFO: - Eval metrics : accuracy: 0.283 ; loss: 3.956
2020-10-07 07:05:50,934:INFO: Epoch 58/100
2020-10-07 07:06:08,588:INFO: - Train metrics: accuracy: 0.260 ; loss: 2.391
2020-10-07 07:06:11,366:INFO: - Eval metrics : accuracy: 0.286 ; loss: 4.044
2020-10-07 07:06:11,382:INFO: Epoch 59/100
2020-10-07 07:06:29,043:INFO: - Train metrics: accuracy: 0.273 ; loss: 2.342
2020-10-07 07:06:31,822:INFO: - Eval metrics : accuracy: 0.285 ; loss: 3.884
2020-10-07 07:06:31,831:INFO: Epoch 60/100
2020-10-07 07:06:49,534:INFO: - Train metrics: accuracy: 0.256 ; loss: 2.319
2020-10-07 07:06:52,313:INFO: - Eval metrics : accuracy: 0.293 ; loss: 3.868
2020-10-07 07:06:52,330:INFO: - Found new best accuracy
2020-10-07 07:06:52,331:INFO: Epoch 61/100
2020-10-07 07:07:09,991:INFO: - Train metrics: accuracy: 0.307 ; loss: 2.253
2020-10-07 07:07:12,769:INFO: - Eval metrics : accuracy: 0.276 ; loss: 3.986
2020-10-07 07:07:12,784:INFO: Epoch 62/100
2020-10-07 07:07:30,456:INFO: - Train metrics: accuracy: 0.275 ; loss: 2.316
2020-10-07 07:07:33,233:INFO: - Eval metrics : accuracy: 0.282 ; loss: 3.930
2020-10-07 07:07:33,244:INFO: Epoch 63/100
2020-10-07 07:07:50,899:INFO: - Train metrics: accuracy: 0.283 ; loss: 2.304
2020-10-07 07:07:53,677:INFO: - Eval metrics : accuracy: 0.292 ; loss: 3.831
2020-10-07 07:07:53,687:INFO: Epoch 64/100
2020-10-07 07:08:11,380:INFO: - Train metrics: accuracy: 0.266 ; loss: 2.399
2020-10-07 07:08:14,158:INFO: - Eval metrics : accuracy: 0.293 ; loss: 3.826
2020-10-07 07:08:14,184:INFO: - Found new best accuracy
2020-10-07 07:08:14,188:INFO: Epoch 65/100
2020-10-07 07:08:31,908:INFO: - Train metrics: accuracy: 0.268 ; loss: 2.399
2020-10-07 07:08:34,688:INFO: - Eval metrics : accuracy: 0.290 ; loss: 3.872
2020-10-07 07:08:34,704:INFO: Epoch 66/100
2020-10-07 07:08:52,356:INFO: - Train metrics: accuracy: 0.275 ; loss: 2.430
2020-10-07 07:08:55,137:INFO: - Eval metrics : accuracy: 0.304 ; loss: 3.815
2020-10-07 07:08:55,159:INFO: - Found new best accuracy
2020-10-07 07:08:55,163:INFO: Epoch 67/100
2020-10-07 07:09:12,878:INFO: - Train metrics: accuracy: 0.289 ; loss: 2.293
2020-10-07 07:09:15,657:INFO: - Eval metrics : accuracy: 0.301 ; loss: 3.745
2020-10-07 07:09:15,671:INFO: Epoch 68/100
2020-10-07 07:09:33,323:INFO: - Train metrics: accuracy: 0.293 ; loss: 2.300
2020-10-07 07:09:36,102:INFO: - Eval metrics : accuracy: 0.301 ; loss: 3.824
2020-10-07 07:09:36,118:INFO: Epoch 69/100
2020-10-07 07:09:53,741:INFO: - Train metrics: accuracy: 0.254 ; loss: 2.475
2020-10-07 07:09:56,522:INFO: - Eval metrics : accuracy: 0.282 ; loss: 3.854
2020-10-07 07:09:56,532:INFO: Epoch 70/100
2020-10-07 07:10:14,085:INFO: - Train metrics: accuracy: 0.252 ; loss: 2.483
2020-10-07 07:10:16,864:INFO: - Eval metrics : accuracy: 0.279 ; loss: 3.845
2020-10-07 07:10:16,880:INFO: Epoch 71/100
2020-10-07 07:10:34,458:INFO: - Train metrics: accuracy: 0.279 ; loss: 2.273
2020-10-07 07:10:37,243:INFO: - Eval metrics : accuracy: 0.295 ; loss: 3.750
2020-10-07 07:10:37,259:INFO: Epoch 72/100
2020-10-07 07:10:54,814:INFO: - Train metrics: accuracy: 0.283 ; loss: 2.351
2020-10-07 07:10:57,593:INFO: - Eval metrics : accuracy: 0.290 ; loss: 3.724
2020-10-07 07:10:57,603:INFO: Epoch 73/100
2020-10-07 07:11:15,162:INFO: - Train metrics: accuracy: 0.270 ; loss: 2.403
2020-10-07 07:11:17,940:INFO: - Eval metrics : accuracy: 0.270 ; loss: 3.848
2020-10-07 07:11:17,956:INFO: Epoch 74/100
2020-10-07 07:11:35,511:INFO: - Train metrics: accuracy: 0.258 ; loss: 2.420
2020-10-07 07:11:38,294:INFO: - Eval metrics : accuracy: 0.285 ; loss: 3.816
2020-10-07 07:11:38,311:INFO: Epoch 75/100
2020-10-07 07:11:55,871:INFO: - Train metrics: accuracy: 0.305 ; loss: 2.365
2020-10-07 07:11:58,656:INFO: - Eval metrics : accuracy: 0.289 ; loss: 3.765
2020-10-07 07:11:58,666:INFO: Epoch 76/100
2020-10-07 07:12:16,330:INFO: - Train metrics: accuracy: 0.275 ; loss: 2.463
2020-10-07 07:12:19,107:INFO: - Eval metrics : accuracy: 0.297 ; loss: 3.707
2020-10-07 07:12:19,116:INFO: Epoch 77/100
2020-10-07 07:12:36,688:INFO: - Train metrics: accuracy: 0.238 ; loss: 2.554
2020-10-07 07:12:39,463:INFO: - Eval metrics : accuracy: 0.300 ; loss: 3.655
2020-10-07 07:12:39,479:INFO: Epoch 78/100
2020-10-07 07:12:57,042:INFO: - Train metrics: accuracy: 0.316 ; loss: 2.302
2020-10-07 07:12:59,819:INFO: - Eval metrics : accuracy: 0.283 ; loss: 3.834
2020-10-07 07:12:59,829:INFO: Epoch 79/100
2020-10-07 07:13:17,464:INFO: - Train metrics: accuracy: 0.258 ; loss: 2.433
2020-10-07 07:13:20,240:INFO: - Eval metrics : accuracy: 0.299 ; loss: 3.594
2020-10-07 07:13:20,246:INFO: Epoch 80/100
2020-10-07 07:13:37,812:INFO: - Train metrics: accuracy: 0.240 ; loss: 2.490
2020-10-07 07:13:40,591:INFO: - Eval metrics : accuracy: 0.298 ; loss: 3.627
2020-10-07 07:13:40,604:INFO: Epoch 81/100
2020-10-07 07:13:58,174:INFO: - Train metrics: accuracy: 0.281 ; loss: 2.386
2020-10-07 07:14:00,957:INFO: - Eval metrics : accuracy: 0.307 ; loss: 3.622
2020-10-07 07:14:00,978:INFO: - Found new best accuracy
2020-10-07 07:14:00,981:INFO: Epoch 82/100
2020-10-07 07:14:18,559:INFO: - Train metrics: accuracy: 0.256 ; loss: 2.426
2020-10-07 07:14:21,335:INFO: - Eval metrics : accuracy: 0.274 ; loss: 3.724
2020-10-07 07:14:21,344:INFO: Epoch 83/100
2020-10-07 07:14:38,896:INFO: - Train metrics: accuracy: 0.293 ; loss: 2.382
2020-10-07 07:14:41,672:INFO: - Eval metrics : accuracy: 0.288 ; loss: 3.684
2020-10-07 07:14:41,684:INFO: Epoch 84/100
2020-10-07 07:14:59,234:INFO: - Train metrics: accuracy: 0.271 ; loss: 2.347
2020-10-07 07:15:02,011:INFO: - Eval metrics : accuracy: 0.281 ; loss: 3.672
2020-10-07 07:15:02,021:INFO: Epoch 85/100
2020-10-07 07:15:19,573:INFO: - Train metrics: accuracy: 0.258 ; loss: 2.456
2020-10-07 07:15:22,349:INFO: - Eval metrics : accuracy: 0.295 ; loss: 3.562
2020-10-07 07:15:22,359:INFO: Epoch 86/100
2020-10-07 07:15:39,939:INFO: - Train metrics: accuracy: 0.291 ; loss: 2.355
2020-10-07 07:15:42,717:INFO: - Eval metrics : accuracy: 0.301 ; loss: 3.595
2020-10-07 07:15:42,732:INFO: Epoch 87/100
2020-10-07 07:16:00,388:INFO: - Train metrics: accuracy: 0.246 ; loss: 2.330
2020-10-07 07:16:03,169:INFO: - Eval metrics : accuracy: 0.284 ; loss: 3.602
2020-10-07 07:16:03,178:INFO: Epoch 88/100
2020-10-07 07:16:20,721:INFO: - Train metrics: accuracy: 0.270 ; loss: 2.399
2020-10-07 07:16:23,498:INFO: - Eval metrics : accuracy: 0.289 ; loss: 3.666
2020-10-07 07:16:23,508:INFO: Epoch 89/100
2020-10-07 07:16:41,121:INFO: - Train metrics: accuracy: 0.273 ; loss: 2.302
2020-10-07 07:16:43,897:INFO: - Eval metrics : accuracy: 0.312 ; loss: 3.507
2020-10-07 07:16:43,922:INFO: - Found new best accuracy
2020-10-07 07:16:43,924:INFO: Epoch 90/100
2020-10-07 07:17:01,466:INFO: - Train metrics: accuracy: 0.250 ; loss: 2.427
2020-10-07 07:17:04,242:INFO: - Eval metrics : accuracy: 0.287 ; loss: 3.571
2020-10-07 07:17:04,251:INFO: Epoch 91/100
2020-10-07 07:17:21,813:INFO: - Train metrics: accuracy: 0.254 ; loss: 2.308
2020-10-07 07:17:24,592:INFO: - Eval metrics : accuracy: 0.296 ; loss: 3.588
2020-10-07 07:17:24,602:INFO: Epoch 92/100
2020-10-07 07:17:42,158:INFO: - Train metrics: accuracy: 0.273 ; loss: 2.361
2020-10-07 07:17:44,933:INFO: - Eval metrics : accuracy: 0.285 ; loss: 3.574
2020-10-07 07:17:44,946:INFO: Epoch 93/100
2020-10-07 07:18:02,507:INFO: - Train metrics: accuracy: 0.258 ; loss: 2.467
2020-10-07 07:18:05,286:INFO: - Eval metrics : accuracy: 0.314 ; loss: 3.491
2020-10-07 07:18:05,310:INFO: - Found new best accuracy
2020-10-07 07:18:05,312:INFO: Epoch 94/100
2020-10-07 07:18:22,891:INFO: - Train metrics: accuracy: 0.258 ; loss: 2.287
2020-10-07 07:18:25,671:INFO: - Eval metrics : accuracy: 0.286 ; loss: 3.572
2020-10-07 07:18:25,677:INFO: Epoch 95/100
2020-10-07 07:18:43,258:INFO: - Train metrics: accuracy: 0.246 ; loss: 2.361
2020-10-07 07:18:46,038:INFO: - Eval metrics : accuracy: 0.299 ; loss: 3.507
2020-10-07 07:18:46,052:INFO: Epoch 96/100
2020-10-07 07:19:03,639:INFO: - Train metrics: accuracy: 0.283 ; loss: 2.384
2020-10-07 07:19:06,417:INFO: - Eval metrics : accuracy: 0.298 ; loss: 3.488
2020-10-07 07:19:06,438:INFO: Epoch 97/100
2020-10-07 07:19:24,026:INFO: - Train metrics: accuracy: 0.240 ; loss: 2.380
2020-10-07 07:19:26,803:INFO: - Eval metrics : accuracy: 0.302 ; loss: 3.498
2020-10-07 07:19:26,813:INFO: Epoch 98/100
2020-10-07 07:19:44,521:INFO: - Train metrics: accuracy: 0.254 ; loss: 2.328
2020-10-07 07:19:47,298:INFO: - Eval metrics : accuracy: 0.308 ; loss: 3.422
2020-10-07 07:19:47,313:INFO: Epoch 99/100
2020-10-07 07:20:04,825:INFO: - Train metrics: accuracy: 0.252 ; loss: 2.449
2020-10-07 07:20:07,605:INFO: - Eval metrics : accuracy: 0.295 ; loss: 3.557
2020-10-07 07:20:07,615:INFO: Epoch 100/100
2020-10-07 07:20:25,128:INFO: - Train metrics: accuracy: 0.256 ; loss: 2.420
2020-10-07 07:20:27,906:INFO: - Eval metrics : accuracy: 0.280 ; loss: 3.511
