2020-10-06 11:38:08,863:INFO: Loading the datasets...
2020-10-06 11:38:10,372:INFO: - done.
2020-10-06 11:38:12,075:INFO: Starting training for 200 epoch(s)
2020-10-06 11:38:12,075:INFO: Epoch 1/200
2020-10-06 11:38:48,175:INFO: - Train metrics: accuracy: 0.191 ; loss: 2.127
2020-10-06 11:38:52,032:INFO: - Eval metrics : accuracy: 0.213 ; loss: 1.993
2020-10-06 11:38:52,202:INFO: - Found new best accuracy
2020-10-06 11:38:52,211:INFO: Epoch 2/200
2020-10-06 11:39:27,148:INFO: - Train metrics: accuracy: 0.273 ; loss: 1.774
2020-10-06 11:39:30,980:INFO: - Eval metrics : accuracy: 0.294 ; loss: 1.897
2020-10-06 11:39:31,175:INFO: - Found new best accuracy
2020-10-06 11:39:31,178:INFO: Epoch 3/200
2020-10-06 11:40:06,071:INFO: - Train metrics: accuracy: 0.436 ; loss: 1.518
2020-10-06 11:40:09,919:INFO: - Eval metrics : accuracy: 0.491 ; loss: 1.391
2020-10-06 11:40:10,087:INFO: - Found new best accuracy
2020-10-06 11:40:10,091:INFO: Epoch 4/200
2020-10-06 11:40:45,043:INFO: - Train metrics: accuracy: 0.561 ; loss: 1.175
2020-10-06 11:40:48,871:INFO: - Eval metrics : accuracy: 0.567 ; loss: 1.274
2020-10-06 11:40:49,078:INFO: - Found new best accuracy
2020-10-06 11:40:49,082:INFO: Epoch 5/200
2020-10-06 11:41:23,952:INFO: - Train metrics: accuracy: 0.637 ; loss: 1.085
2020-10-06 11:41:27,802:INFO: - Eval metrics : accuracy: 0.571 ; loss: 1.272
2020-10-06 11:41:27,983:INFO: - Found new best accuracy
2020-10-06 11:41:27,984:INFO: Epoch 6/200
2020-10-06 11:42:03,014:INFO: - Train metrics: accuracy: 0.615 ; loss: 1.136
2020-10-06 11:42:06,842:INFO: - Eval metrics : accuracy: 0.576 ; loss: 1.215
2020-10-06 11:42:07,087:INFO: - Found new best accuracy
2020-10-06 11:42:07,087:INFO: Epoch 7/200
2020-10-06 11:42:43,753:INFO: - Train metrics: accuracy: 0.730 ; loss: 0.861
2020-10-06 11:42:47,601:INFO: - Eval metrics : accuracy: 0.439 ; loss: 2.032
2020-10-06 11:42:47,696:INFO: Epoch 8/200
2020-10-06 11:43:22,717:INFO: - Train metrics: accuracy: 0.682 ; loss: 0.971
2020-10-06 11:43:26,547:INFO: - Eval metrics : accuracy: 0.515 ; loss: 1.593
2020-10-06 11:43:26,648:INFO: Epoch 9/200
2020-10-06 11:44:01,616:INFO: - Train metrics: accuracy: 0.699 ; loss: 0.958
2020-10-06 11:44:05,467:INFO: - Eval metrics : accuracy: 0.662 ; loss: 1.058
2020-10-06 11:44:05,707:INFO: - Found new best accuracy
2020-10-06 11:44:05,707:INFO: Epoch 10/200
2020-10-06 11:44:40,817:INFO: - Train metrics: accuracy: 0.727 ; loss: 0.881
2020-10-06 11:44:44,642:INFO: - Eval metrics : accuracy: 0.512 ; loss: 1.536
2020-10-06 11:44:44,754:INFO: Epoch 11/200
2020-10-06 11:45:19,837:INFO: - Train metrics: accuracy: 0.689 ; loss: 0.972
2020-10-06 11:45:23,685:INFO: - Eval metrics : accuracy: 0.653 ; loss: 1.025
2020-10-06 11:45:23,809:INFO: Epoch 12/200
2020-10-06 11:45:58,936:INFO: - Train metrics: accuracy: 0.701 ; loss: 0.924
2020-10-06 11:46:02,764:INFO: - Eval metrics : accuracy: 0.738 ; loss: 0.801
2020-10-06 11:46:02,970:INFO: - Found new best accuracy
2020-10-06 11:46:02,971:INFO: Epoch 13/200
2020-10-06 11:46:39,787:INFO: - Train metrics: accuracy: 0.742 ; loss: 0.817
2020-10-06 11:46:43,662:INFO: - Eval metrics : accuracy: 0.622 ; loss: 1.177
2020-10-06 11:46:43,921:INFO: Epoch 14/200
2020-10-06 11:47:18,765:INFO: - Train metrics: accuracy: 0.746 ; loss: 0.771
2020-10-06 11:47:22,591:INFO: - Eval metrics : accuracy: 0.606 ; loss: 1.403
2020-10-06 11:47:22,706:INFO: Epoch 15/200
2020-10-06 11:47:59,454:INFO: - Train metrics: accuracy: 0.719 ; loss: 0.869
2020-10-06 11:48:03,305:INFO: - Eval metrics : accuracy: 0.681 ; loss: 0.919
2020-10-06 11:48:03,405:INFO: Epoch 16/200
2020-10-06 11:48:38,334:INFO: - Train metrics: accuracy: 0.732 ; loss: 0.833
2020-10-06 11:48:42,163:INFO: - Eval metrics : accuracy: 0.615 ; loss: 1.121
2020-10-06 11:48:42,256:INFO: Epoch 17/200
2020-10-06 11:49:17,158:INFO: - Train metrics: accuracy: 0.719 ; loss: 0.871
2020-10-06 11:49:21,011:INFO: - Eval metrics : accuracy: 0.618 ; loss: 1.196
2020-10-06 11:49:21,117:INFO: Epoch 18/200
2020-10-06 11:49:56,070:INFO: - Train metrics: accuracy: 0.732 ; loss: 0.766
2020-10-06 11:49:59,900:INFO: - Eval metrics : accuracy: 0.654 ; loss: 1.066
2020-10-06 11:49:59,996:INFO: Epoch 19/200
2020-10-06 11:50:34,930:INFO: - Train metrics: accuracy: 0.742 ; loss: 0.762
2020-10-06 11:50:38,776:INFO: - Eval metrics : accuracy: 0.608 ; loss: 1.354
2020-10-06 11:50:38,865:INFO: Epoch 20/200
2020-10-06 11:51:13,773:INFO: - Train metrics: accuracy: 0.746 ; loss: 0.817
2020-10-06 11:51:17,600:INFO: - Eval metrics : accuracy: 0.747 ; loss: 0.804
2020-10-06 11:51:17,799:INFO: - Found new best accuracy
2020-10-06 11:51:17,799:INFO: Epoch 21/200
2020-10-06 11:51:52,724:INFO: - Train metrics: accuracy: 0.736 ; loss: 0.786
2020-10-06 11:51:56,572:INFO: - Eval metrics : accuracy: 0.697 ; loss: 0.940
2020-10-06 11:51:56,689:INFO: Epoch 22/200
2020-10-06 11:52:31,526:INFO: - Train metrics: accuracy: 0.748 ; loss: 0.737
2020-10-06 11:52:35,382:INFO: - Eval metrics : accuracy: 0.707 ; loss: 0.915
2020-10-06 11:52:35,501:INFO: Epoch 23/200
2020-10-06 11:53:10,509:INFO: - Train metrics: accuracy: 0.756 ; loss: 0.783
2020-10-06 11:53:14,358:INFO: - Eval metrics : accuracy: 0.638 ; loss: 1.103
2020-10-06 11:53:14,463:INFO: Epoch 24/200
2020-10-06 11:53:49,536:INFO: - Train metrics: accuracy: 0.760 ; loss: 0.736
2020-10-06 11:53:53,366:INFO: - Eval metrics : accuracy: 0.693 ; loss: 0.962
2020-10-06 11:53:53,463:INFO: Epoch 25/200
2020-10-06 11:54:28,498:INFO: - Train metrics: accuracy: 0.738 ; loss: 0.755
2020-10-06 11:54:32,352:INFO: - Eval metrics : accuracy: 0.604 ; loss: 1.375
2020-10-06 11:54:32,446:INFO: Epoch 26/200
2020-10-06 11:55:07,477:INFO: - Train metrics: accuracy: 0.721 ; loss: 0.896
2020-10-06 11:55:11,380:INFO: - Eval metrics : accuracy: 0.663 ; loss: 1.025
2020-10-06 11:55:11,478:INFO: Epoch 27/200
2020-10-06 11:55:46,520:INFO: - Train metrics: accuracy: 0.750 ; loss: 0.743
2020-10-06 11:55:50,372:INFO: - Eval metrics : accuracy: 0.680 ; loss: 0.993
2020-10-06 11:55:50,492:INFO: Epoch 28/200
2020-10-06 11:56:25,537:INFO: - Train metrics: accuracy: 0.703 ; loss: 0.873
2020-10-06 11:56:29,368:INFO: - Eval metrics : accuracy: 0.675 ; loss: 1.070
2020-10-06 11:56:29,477:INFO: Epoch 29/200
2020-10-06 11:57:04,514:INFO: - Train metrics: accuracy: 0.756 ; loss: 0.724
2020-10-06 11:57:08,368:INFO: - Eval metrics : accuracy: 0.738 ; loss: 0.773
2020-10-06 11:57:08,461:INFO: Epoch 30/200
2020-10-06 11:57:43,464:INFO: - Train metrics: accuracy: 0.748 ; loss: 0.837
2020-10-06 11:57:47,295:INFO: - Eval metrics : accuracy: 0.717 ; loss: 0.857
2020-10-06 11:57:47,376:INFO: Epoch 31/200
2020-10-06 11:58:22,384:INFO: - Train metrics: accuracy: 0.773 ; loss: 0.714
2020-10-06 11:58:26,232:INFO: - Eval metrics : accuracy: 0.661 ; loss: 1.092
2020-10-06 11:58:26,325:INFO: Epoch 32/200
2020-10-06 11:59:01,359:INFO: - Train metrics: accuracy: 0.734 ; loss: 0.801
2020-10-06 11:59:05,191:INFO: - Eval metrics : accuracy: 0.594 ; loss: 1.239
2020-10-06 11:59:05,302:INFO: Epoch 33/200
2020-10-06 11:59:40,368:INFO: - Train metrics: accuracy: 0.738 ; loss: 0.815
2020-10-06 11:59:44,219:INFO: - Eval metrics : accuracy: 0.645 ; loss: 1.145
2020-10-06 11:59:44,322:INFO: Epoch 34/200
2020-10-06 12:00:19,354:INFO: - Train metrics: accuracy: 0.756 ; loss: 0.754
2020-10-06 12:00:23,185:INFO: - Eval metrics : accuracy: 0.638 ; loss: 1.103
2020-10-06 12:00:23,275:INFO: Epoch 35/200
2020-10-06 12:00:58,291:INFO: - Train metrics: accuracy: 0.775 ; loss: 0.715
2020-10-06 12:01:02,161:INFO: - Eval metrics : accuracy: 0.676 ; loss: 0.968
2020-10-06 12:01:02,242:INFO: Epoch 36/200
2020-10-06 12:01:37,232:INFO: - Train metrics: accuracy: 0.750 ; loss: 0.802
2020-10-06 12:01:41,064:INFO: - Eval metrics : accuracy: 0.680 ; loss: 1.050
2020-10-06 12:01:41,172:INFO: Epoch 37/200
2020-10-06 12:02:17,086:INFO: - Train metrics: accuracy: 0.752 ; loss: 0.738
2020-10-06 12:02:21,346:INFO: - Eval metrics : accuracy: 0.715 ; loss: 0.920
2020-10-06 12:02:21,445:INFO: Epoch 38/200
2020-10-06 12:02:57,354:INFO: - Train metrics: accuracy: 0.764 ; loss: 0.708
2020-10-06 12:03:01,190:INFO: - Eval metrics : accuracy: 0.722 ; loss: 0.855
2020-10-06 12:03:01,296:INFO: Epoch 39/200
2020-10-06 12:03:36,230:INFO: - Train metrics: accuracy: 0.789 ; loss: 0.688
2020-10-06 12:03:40,084:INFO: - Eval metrics : accuracy: 0.650 ; loss: 1.135
2020-10-06 12:03:40,191:INFO: Epoch 40/200
2020-10-06 12:04:14,939:INFO: - Train metrics: accuracy: 0.781 ; loss: 0.738
2020-10-06 12:04:18,768:INFO: - Eval metrics : accuracy: 0.646 ; loss: 1.090
2020-10-06 12:04:18,903:INFO: Epoch 41/200
2020-10-06 12:04:53,853:INFO: - Train metrics: accuracy: 0.721 ; loss: 0.848
2020-10-06 12:04:57,706:INFO: - Eval metrics : accuracy: 0.650 ; loss: 1.090
2020-10-06 12:04:57,807:INFO: Epoch 42/200
2020-10-06 12:05:32,736:INFO: - Train metrics: accuracy: 0.732 ; loss: 0.816
2020-10-06 12:05:36,566:INFO: - Eval metrics : accuracy: 0.671 ; loss: 1.012
2020-10-06 12:05:36,693:INFO: Epoch 43/200
2020-10-06 12:06:11,597:INFO: - Train metrics: accuracy: 0.740 ; loss: 0.765
2020-10-06 12:06:15,446:INFO: - Eval metrics : accuracy: 0.695 ; loss: 0.933
2020-10-06 12:06:15,537:INFO: Epoch 44/200
2020-10-06 12:06:50,487:INFO: - Train metrics: accuracy: 0.744 ; loss: 0.752
2020-10-06 12:06:54,318:INFO: - Eval metrics : accuracy: 0.699 ; loss: 0.896
2020-10-06 12:06:54,436:INFO: Epoch 45/200
2020-10-06 12:07:29,385:INFO: - Train metrics: accuracy: 0.777 ; loss: 0.706
2020-10-06 12:07:33,238:INFO: - Eval metrics : accuracy: 0.691 ; loss: 0.996
2020-10-06 12:07:33,352:INFO: Epoch 46/200
2020-10-06 12:08:08,288:INFO: - Train metrics: accuracy: 0.756 ; loss: 0.748
2020-10-06 12:08:12,120:INFO: - Eval metrics : accuracy: 0.705 ; loss: 0.927
2020-10-06 12:08:12,241:INFO: Epoch 47/200
2020-10-06 12:08:47,185:INFO: - Train metrics: accuracy: 0.736 ; loss: 0.846
2020-10-06 12:08:51,036:INFO: - Eval metrics : accuracy: 0.632 ; loss: 1.180
2020-10-06 12:08:51,133:INFO: Epoch 48/200
2020-10-06 12:09:26,069:INFO: - Train metrics: accuracy: 0.738 ; loss: 0.791
2020-10-06 12:09:29,898:INFO: - Eval metrics : accuracy: 0.715 ; loss: 0.872
2020-10-06 12:09:30,020:INFO: Epoch 49/200
2020-10-06 12:10:04,961:INFO: - Train metrics: accuracy: 0.783 ; loss: 0.759
2020-10-06 12:10:08,809:INFO: - Eval metrics : accuracy: 0.585 ; loss: 1.355
2020-10-06 12:10:08,914:INFO: Epoch 50/200
2020-10-06 12:10:43,869:INFO: - Train metrics: accuracy: 0.730 ; loss: 0.848
2020-10-06 12:10:47,702:INFO: - Eval metrics : accuracy: 0.679 ; loss: 1.039
2020-10-06 12:10:47,795:INFO: Epoch 51/200
2020-10-06 12:11:22,686:INFO: - Train metrics: accuracy: 0.746 ; loss: 0.775
2020-10-06 12:11:26,537:INFO: - Eval metrics : accuracy: 0.585 ; loss: 1.358
2020-10-06 12:11:26,631:INFO: Epoch 52/200
2020-10-06 12:12:01,309:INFO: - Train metrics: accuracy: 0.729 ; loss: 0.830
2020-10-06 12:12:05,135:INFO: - Eval metrics : accuracy: 0.678 ; loss: 1.000
2020-10-06 12:12:05,251:INFO: Epoch 53/200
2020-10-06 12:12:40,186:INFO: - Train metrics: accuracy: 0.758 ; loss: 0.769
2020-10-06 12:12:44,035:INFO: - Eval metrics : accuracy: 0.707 ; loss: 0.945
2020-10-06 12:12:44,133:INFO: Epoch 54/200
2020-10-06 12:13:19,024:INFO: - Train metrics: accuracy: 0.740 ; loss: 0.779
2020-10-06 12:13:22,851:INFO: - Eval metrics : accuracy: 0.720 ; loss: 0.862
2020-10-06 12:13:22,945:INFO: Epoch 55/200
2020-10-06 12:13:57,864:INFO: - Train metrics: accuracy: 0.754 ; loss: 0.711
2020-10-06 12:14:01,718:INFO: - Eval metrics : accuracy: 0.644 ; loss: 1.182
2020-10-06 12:14:01,838:INFO: Epoch 56/200
2020-10-06 12:14:36,759:INFO: - Train metrics: accuracy: 0.775 ; loss: 0.729
2020-10-06 12:14:40,589:INFO: - Eval metrics : accuracy: 0.698 ; loss: 0.978
2020-10-06 12:14:40,678:INFO: Epoch 57/200
2020-10-06 12:15:15,570:INFO: - Train metrics: accuracy: 0.758 ; loss: 0.742
2020-10-06 12:15:19,425:INFO: - Eval metrics : accuracy: 0.697 ; loss: 0.979
2020-10-06 12:15:19,525:INFO: Epoch 58/200
2020-10-06 12:15:54,480:INFO: - Train metrics: accuracy: 0.783 ; loss: 0.696
2020-10-06 12:15:58,309:INFO: - Eval metrics : accuracy: 0.634 ; loss: 1.233
2020-10-06 12:15:58,419:INFO: Epoch 59/200
2020-10-06 12:16:33,327:INFO: - Train metrics: accuracy: 0.732 ; loss: 0.760
2020-10-06 12:16:37,175:INFO: - Eval metrics : accuracy: 0.711 ; loss: 0.885
2020-10-06 12:16:37,282:INFO: Epoch 60/200
2020-10-06 12:17:12,208:INFO: - Train metrics: accuracy: 0.775 ; loss: 0.687
2020-10-06 12:17:16,037:INFO: - Eval metrics : accuracy: 0.726 ; loss: 0.849
2020-10-06 12:17:16,135:INFO: Epoch 61/200
2020-10-06 12:17:51,042:INFO: - Train metrics: accuracy: 0.766 ; loss: 0.709
2020-10-06 12:17:54,893:INFO: - Eval metrics : accuracy: 0.704 ; loss: 0.894
2020-10-06 12:17:55,011:INFO: Epoch 62/200
2020-10-06 12:18:29,925:INFO: - Train metrics: accuracy: 0.770 ; loss: 0.735
2020-10-06 12:18:33,757:INFO: - Eval metrics : accuracy: 0.629 ; loss: 1.263
2020-10-06 12:18:33,844:INFO: Epoch 63/200
2020-10-06 12:19:08,762:INFO: - Train metrics: accuracy: 0.721 ; loss: 0.838
2020-10-06 12:19:12,607:INFO: - Eval metrics : accuracy: 0.730 ; loss: 0.805
2020-10-06 12:19:12,697:INFO: Epoch 64/200
2020-10-06 12:19:47,677:INFO: - Train metrics: accuracy: 0.750 ; loss: 0.798
2020-10-06 12:19:51,504:INFO: - Eval metrics : accuracy: 0.730 ; loss: 0.847
2020-10-06 12:19:51,595:INFO: Epoch 65/200
2020-10-06 12:20:26,730:INFO: - Train metrics: accuracy: 0.781 ; loss: 0.690
2020-10-06 12:20:30,580:INFO: - Eval metrics : accuracy: 0.732 ; loss: 0.818
2020-10-06 12:20:30,697:INFO: Epoch 66/200
2020-10-06 12:21:05,595:INFO: - Train metrics: accuracy: 0.744 ; loss: 0.768
2020-10-06 12:21:09,424:INFO: - Eval metrics : accuracy: 0.594 ; loss: 1.384
2020-10-06 12:21:09,536:INFO: Epoch 67/200
2020-10-06 12:21:44,410:INFO: - Train metrics: accuracy: 0.787 ; loss: 0.680
2020-10-06 12:21:48,258:INFO: - Eval metrics : accuracy: 0.686 ; loss: 1.041
2020-10-06 12:21:48,354:INFO: Epoch 68/200
2020-10-06 12:22:23,664:INFO: - Train metrics: accuracy: 0.789 ; loss: 0.682
2020-10-06 12:22:27,492:INFO: - Eval metrics : accuracy: 0.585 ; loss: 1.458
2020-10-06 12:22:27,615:INFO: Epoch 69/200
2020-10-06 12:23:02,553:INFO: - Train metrics: accuracy: 0.775 ; loss: 0.674
2020-10-06 12:23:06,405:INFO: - Eval metrics : accuracy: 0.695 ; loss: 0.952
2020-10-06 12:23:06,508:INFO: Epoch 70/200
2020-10-06 12:23:41,454:INFO: - Train metrics: accuracy: 0.756 ; loss: 0.735
2020-10-06 12:23:45,789:INFO: - Eval metrics : accuracy: 0.616 ; loss: 1.344
2020-10-06 12:23:45,876:INFO: Epoch 71/200
2020-10-06 12:24:20,817:INFO: - Train metrics: accuracy: 0.775 ; loss: 0.700
2020-10-06 12:24:24,665:INFO: - Eval metrics : accuracy: 0.701 ; loss: 0.953
2020-10-06 12:24:24,797:INFO: Epoch 72/200
2020-10-06 12:24:59,741:INFO: - Train metrics: accuracy: 0.738 ; loss: 0.765
2020-10-06 12:25:03,572:INFO: - Eval metrics : accuracy: 0.642 ; loss: 1.143
2020-10-06 12:25:03,672:INFO: Epoch 73/200
2020-10-06 12:25:38,698:INFO: - Train metrics: accuracy: 0.748 ; loss: 0.760
2020-10-06 12:25:42,554:INFO: - Eval metrics : accuracy: 0.727 ; loss: 0.832
2020-10-06 12:25:42,642:INFO: Epoch 74/200
2020-10-06 12:26:17,611:INFO: - Train metrics: accuracy: 0.771 ; loss: 0.719
2020-10-06 12:26:21,443:INFO: - Eval metrics : accuracy: 0.734 ; loss: 0.839
2020-10-06 12:26:21,539:INFO: Epoch 75/200
2020-10-06 12:26:56,473:INFO: - Train metrics: accuracy: 0.748 ; loss: 0.789
2020-10-06 12:27:00,322:INFO: - Eval metrics : accuracy: 0.730 ; loss: 0.859
2020-10-06 12:27:00,517:INFO: Epoch 76/200
2020-10-06 12:27:35,439:INFO: - Train metrics: accuracy: 0.775 ; loss: 0.682
2020-10-06 12:27:39,267:INFO: - Eval metrics : accuracy: 0.693 ; loss: 0.966
2020-10-06 12:27:39,525:INFO: Epoch 77/200
2020-10-06 12:28:14,480:INFO: - Train metrics: accuracy: 0.760 ; loss: 0.698
2020-10-06 12:28:18,329:INFO: - Eval metrics : accuracy: 0.687 ; loss: 0.922
2020-10-06 12:28:18,467:INFO: Epoch 78/200
2020-10-06 12:28:53,364:INFO: - Train metrics: accuracy: 0.725 ; loss: 0.891
2020-10-06 12:28:57,195:INFO: - Eval metrics : accuracy: 0.665 ; loss: 1.097
2020-10-06 12:28:57,325:INFO: Epoch 79/200
2020-10-06 12:29:32,341:INFO: - Train metrics: accuracy: 0.768 ; loss: 0.757
2020-10-06 12:29:36,191:INFO: - Eval metrics : accuracy: 0.692 ; loss: 0.974
2020-10-06 12:29:36,292:INFO: Epoch 80/200
2020-10-06 12:30:11,302:INFO: - Train metrics: accuracy: 0.758 ; loss: 0.721
2020-10-06 12:30:15,132:INFO: - Eval metrics : accuracy: 0.702 ; loss: 0.908
2020-10-06 12:30:15,258:INFO: Epoch 81/200
2020-10-06 12:30:50,215:INFO: - Train metrics: accuracy: 0.732 ; loss: 0.761
2020-10-06 12:30:54,067:INFO: - Eval metrics : accuracy: 0.708 ; loss: 0.970
2020-10-06 12:30:54,175:INFO: Epoch 82/200
2020-10-06 12:31:29,049:INFO: - Train metrics: accuracy: 0.754 ; loss: 0.800
2020-10-06 12:31:32,881:INFO: - Eval metrics : accuracy: 0.715 ; loss: 0.867
2020-10-06 12:31:32,985:INFO: Epoch 83/200
2020-10-06 12:32:07,974:INFO: - Train metrics: accuracy: 0.760 ; loss: 0.721
2020-10-06 12:32:11,824:INFO: - Eval metrics : accuracy: 0.690 ; loss: 0.971
2020-10-06 12:32:11,935:INFO: Epoch 84/200
2020-10-06 12:32:46,826:INFO: - Train metrics: accuracy: 0.758 ; loss: 0.763
2020-10-06 12:32:50,656:INFO: - Eval metrics : accuracy: 0.702 ; loss: 0.928
2020-10-06 12:32:50,746:INFO: Epoch 85/200
2020-10-06 12:33:25,640:INFO: - Train metrics: accuracy: 0.762 ; loss: 0.763
2020-10-06 12:33:29,492:INFO: - Eval metrics : accuracy: 0.682 ; loss: 0.985
2020-10-06 12:33:29,577:INFO: Epoch 86/200
2020-10-06 12:34:04,606:INFO: - Train metrics: accuracy: 0.740 ; loss: 0.773
2020-10-06 12:34:08,438:INFO: - Eval metrics : accuracy: 0.736 ; loss: 0.807
2020-10-06 12:34:08,562:INFO: Epoch 87/200
2020-10-06 12:34:43,556:INFO: - Train metrics: accuracy: 0.750 ; loss: 0.754
2020-10-06 12:34:47,407:INFO: - Eval metrics : accuracy: 0.687 ; loss: 0.977
2020-10-06 12:34:47,534:INFO: Epoch 88/200
2020-10-06 12:35:22,505:INFO: - Train metrics: accuracy: 0.715 ; loss: 0.863
2020-10-06 12:35:26,333:INFO: - Eval metrics : accuracy: 0.694 ; loss: 0.958
2020-10-06 12:35:26,438:INFO: Epoch 89/200
2020-10-06 12:36:01,456:INFO: - Train metrics: accuracy: 0.746 ; loss: 0.718
2020-10-06 12:36:05,308:INFO: - Eval metrics : accuracy: 0.697 ; loss: 1.033
2020-10-06 12:36:05,407:INFO: Epoch 90/200
2020-10-06 12:36:40,397:INFO: - Train metrics: accuracy: 0.730 ; loss: 0.814
2020-10-06 12:36:44,228:INFO: - Eval metrics : accuracy: 0.665 ; loss: 1.086
2020-10-06 12:36:44,323:INFO: Epoch 91/200
2020-10-06 12:37:19,328:INFO: - Train metrics: accuracy: 0.766 ; loss: 0.714
2020-10-06 12:37:23,179:INFO: - Eval metrics : accuracy: 0.713 ; loss: 0.866
2020-10-06 12:37:23,282:INFO: Epoch 92/200
2020-10-06 12:37:58,283:INFO: - Train metrics: accuracy: 0.770 ; loss: 0.708
2020-10-06 12:38:02,114:INFO: - Eval metrics : accuracy: 0.625 ; loss: 1.233
2020-10-06 12:38:02,221:INFO: Epoch 93/200
2020-10-06 12:38:37,255:INFO: - Train metrics: accuracy: 0.766 ; loss: 0.695
2020-10-06 12:38:41,106:INFO: - Eval metrics : accuracy: 0.719 ; loss: 0.861
2020-10-06 12:38:41,199:INFO: Epoch 94/200
2020-10-06 12:39:16,164:INFO: - Train metrics: accuracy: 0.770 ; loss: 0.766
2020-10-06 12:39:20,032:INFO: - Eval metrics : accuracy: 0.645 ; loss: 1.088
2020-10-06 12:39:20,132:INFO: Epoch 95/200
2020-10-06 12:39:55,048:INFO: - Train metrics: accuracy: 0.771 ; loss: 0.667
