2020-10-06 06:56:28,822:INFO: Loading the datasets...
2020-10-06 06:57:22,395:INFO: Loading the datasets...
2020-10-06 06:57:25,029:INFO: - done.
2020-10-06 06:57:26,537:INFO: Starting training for 5 epoch(s)
2020-10-06 06:57:26,537:INFO: Epoch 1/5
2020-10-06 06:57:41,601:INFO: - Train metrics: accuracy: 0.890 ; loss: 0.316
2020-10-06 06:57:50,454:INFO: - Eval metrics : accuracy: 0.973 ; loss: 0.085
2020-10-06 06:57:50,470:INFO: - Found new best accuracy
2020-10-06 06:57:50,478:INFO: Epoch 2/5
2020-10-06 06:58:05,969:INFO: Loading the datasets...
2020-10-06 06:58:05,998:INFO: - done.
2020-10-06 06:58:07,484:INFO: Starting training for 5 epoch(s)
2020-10-06 06:58:07,484:INFO: Epoch 1/5
2020-10-06 06:58:22,310:INFO: - Train metrics: accuracy: 0.890 ; loss: 0.322
2020-10-06 06:58:23,775:INFO: - Eval metrics : accuracy: 0.976 ; loss: 0.079
2020-10-06 06:58:23,786:INFO: - Found new best accuracy
2020-10-06 06:58:23,787:INFO: Epoch 2/5
2020-10-06 06:58:37,550:INFO: - Train metrics: accuracy: 0.984 ; loss: 0.043
2020-10-06 06:58:39,013:INFO: - Eval metrics : accuracy: 0.982 ; loss: 0.056
2020-10-06 06:58:39,019:INFO: - Found new best accuracy
2020-10-06 06:58:39,020:INFO: Epoch 3/5
2020-10-06 06:58:52,608:INFO: - Train metrics: accuracy: 0.979 ; loss: 0.055
2020-10-06 06:58:54,069:INFO: - Eval metrics : accuracy: 0.980 ; loss: 0.062
2020-10-06 06:58:54,075:INFO: Epoch 4/5
2020-10-06 06:59:07,900:INFO: - Train metrics: accuracy: 0.988 ; loss: 0.035
2020-10-06 06:59:09,477:INFO: - Eval metrics : accuracy: 0.980 ; loss: 0.069
2020-10-06 06:59:09,487:INFO: Epoch 5/5
2020-10-06 06:59:23,210:INFO: - Train metrics: accuracy: 0.985 ; loss: 0.050
2020-10-06 06:59:24,672:INFO: - Eval metrics : accuracy: 0.987 ; loss: 0.038
2020-10-06 06:59:24,690:INFO: - Found new best accuracy
2020-10-07 11:27:35,908:INFO: Loading the datasets...
2020-10-07 11:27:36,025:INFO: - done.
2020-10-07 11:28:44,490:INFO: Loading the datasets...
2020-10-07 11:28:44,523:INFO: - done.
2020-10-07 11:28:46,034:INFO: Starting training for 100 epoch(s)
2020-10-07 11:28:46,034:INFO: Epoch 1/100
2020-10-07 11:29:14,041:INFO: - Train metrics: accuracy: 0.885 ; loss: 0.323
2020-10-07 11:29:15,541:INFO: - Eval metrics : accuracy: 0.973 ; loss: 0.085
2020-10-07 11:29:17,528:INFO: - Found new best accuracy
2020-10-07 11:29:17,533:INFO: Epoch 2/100
2020-10-07 11:29:31,524:INFO: - Train metrics: accuracy: 0.979 ; loss: 0.060
2020-10-07 11:29:33,004:INFO: - Eval metrics : accuracy: 0.982 ; loss: 0.058
2020-10-07 11:29:33,009:INFO: - Found new best accuracy
2020-10-07 11:29:33,011:INFO: Epoch 3/100
2020-10-07 11:29:47,057:INFO: - Train metrics: accuracy: 0.984 ; loss: 0.054
2020-10-07 11:29:48,537:INFO: - Eval metrics : accuracy: 0.978 ; loss: 0.068
2020-10-07 11:29:48,546:INFO: Epoch 4/100
2020-10-07 11:30:02,755:INFO: - Train metrics: accuracy: 0.992 ; loss: 0.029
2020-10-07 11:30:04,236:INFO: - Eval metrics : accuracy: 0.982 ; loss: 0.052
2020-10-07 11:30:04,251:INFO: - Found new best accuracy
2020-10-07 11:30:04,251:INFO: Epoch 5/100
2020-10-07 11:30:18,198:INFO: - Train metrics: accuracy: 0.988 ; loss: 0.041
2020-10-07 11:30:19,676:INFO: - Eval metrics : accuracy: 0.991 ; loss: 0.031
2020-10-07 11:30:19,681:INFO: - Found new best accuracy
2020-10-07 11:30:19,681:INFO: Epoch 6/100
2020-10-07 11:30:33,787:INFO: - Train metrics: accuracy: 0.988 ; loss: 0.034
2020-10-07 11:30:35,264:INFO: - Eval metrics : accuracy: 0.988 ; loss: 0.041
2020-10-07 11:30:35,269:INFO: Epoch 7/100
2020-10-07 11:30:49,246:INFO: - Train metrics: accuracy: 0.992 ; loss: 0.029
2020-10-07 11:30:50,723:INFO: - Eval metrics : accuracy: 0.987 ; loss: 0.041
2020-10-07 11:30:50,728:INFO: Epoch 8/100
2020-10-07 11:31:04,682:INFO: - Train metrics: accuracy: 0.988 ; loss: 0.035
2020-10-07 11:31:06,159:INFO: - Eval metrics : accuracy: 0.985 ; loss: 0.046
2020-10-07 11:31:06,168:INFO: Epoch 9/100
2020-10-07 11:31:20,281:INFO: - Train metrics: accuracy: 0.993 ; loss: 0.012
2020-10-07 11:31:21,760:INFO: - Eval metrics : accuracy: 0.990 ; loss: 0.036
2020-10-07 11:31:21,766:INFO: Epoch 10/100
2020-10-07 11:31:35,924:INFO: - Train metrics: accuracy: 0.995 ; loss: 0.016
2020-10-07 11:31:37,403:INFO: - Eval metrics : accuracy: 0.989 ; loss: 0.039
2020-10-07 11:31:37,413:INFO: Epoch 11/100
2020-10-07 11:31:51,371:INFO: - Train metrics: accuracy: 0.995 ; loss: 0.016
2020-10-07 11:31:52,851:INFO: - Eval metrics : accuracy: 0.990 ; loss: 0.041
2020-10-07 11:31:52,855:INFO: Epoch 12/100
2020-10-07 11:32:06,829:INFO: - Train metrics: accuracy: 0.993 ; loss: 0.010
2020-10-07 11:32:08,307:INFO: - Eval metrics : accuracy: 0.988 ; loss: 0.049
2020-10-07 11:32:08,967:INFO: Epoch 13/100
2020-10-07 11:32:22,868:INFO: - Train metrics: accuracy: 0.997 ; loss: 0.006
2020-10-07 11:32:24,346:INFO: - Eval metrics : accuracy: 0.986 ; loss: 0.052
2020-10-07 11:32:24,350:INFO: Epoch 14/100
2020-10-07 11:32:38,209:INFO: - Train metrics: accuracy: 0.998 ; loss: 0.005
2020-10-07 11:32:39,684:INFO: - Eval metrics : accuracy: 0.985 ; loss: 0.068
2020-10-07 11:32:40,609:INFO: Epoch 15/100
2020-10-07 11:32:54,687:INFO: - Train metrics: accuracy: 0.993 ; loss: 0.017
2020-10-07 11:32:56,168:INFO: - Eval metrics : accuracy: 0.987 ; loss: 0.058
2020-10-07 11:32:56,173:INFO: Epoch 16/100
2020-10-07 11:33:10,088:INFO: - Train metrics: accuracy: 0.997 ; loss: 0.005
2020-10-07 11:33:11,567:INFO: - Eval metrics : accuracy: 0.990 ; loss: 0.044
2020-10-07 11:33:11,577:INFO: Epoch 17/100
2020-10-07 11:33:25,473:INFO: - Train metrics: accuracy: 0.997 ; loss: 0.020
2020-10-07 11:33:26,952:INFO: - Eval metrics : accuracy: 0.987 ; loss: 0.055
2020-10-07 11:33:26,957:INFO: Epoch 18/100
2020-10-07 11:33:40,851:INFO: - Train metrics: accuracy: 0.997 ; loss: 0.011
2020-10-07 11:33:42,328:INFO: - Eval metrics : accuracy: 0.986 ; loss: 0.066
2020-10-07 11:33:42,335:INFO: Epoch 19/100
2020-10-07 11:40:01,236:INFO: - Train metrics: accuracy: 0.993 ; loss: 0.027
2020-10-07 11:40:02,717:INFO: - Eval metrics : accuracy: 0.991 ; loss: 0.045
2020-10-07 11:40:04,680:INFO: - Found new best accuracy
2020-10-07 11:40:04,684:INFO: Epoch 20/100
2020-10-07 11:40:18,772:INFO: - Train metrics: accuracy: 0.997 ; loss: 0.004
2020-10-07 11:40:20,252:INFO: - Eval metrics : accuracy: 0.989 ; loss: 0.063
2020-10-07 11:40:20,256:INFO: Epoch 21/100
2020-10-07 11:40:34,127:INFO: - Train metrics: accuracy: 0.998 ; loss: 0.004
2020-10-07 11:40:35,606:INFO: - Eval metrics : accuracy: 0.989 ; loss: 0.057
2020-10-07 11:40:35,611:INFO: Epoch 22/100
2020-10-07 11:40:49,460:INFO: - Train metrics: accuracy: 0.995 ; loss: 0.005
2020-10-07 11:40:50,937:INFO: - Eval metrics : accuracy: 0.987 ; loss: 0.074
2020-10-07 11:40:50,943:INFO: Epoch 23/100
2020-10-07 11:41:04,811:INFO: - Train metrics: accuracy: 0.998 ; loss: 0.009
2020-10-07 11:41:06,292:INFO: - Eval metrics : accuracy: 0.989 ; loss: 0.053
2020-10-07 11:41:06,301:INFO: Epoch 24/100
2020-10-07 11:41:20,174:INFO: - Train metrics: accuracy: 1.000 ; loss: 0.002
2020-10-07 11:41:21,653:INFO: - Eval metrics : accuracy: 0.990 ; loss: 0.055
2020-10-07 11:41:21,658:INFO: Epoch 25/100
2020-10-07 11:41:35,520:INFO: - Train metrics: accuracy: 1.000 ; loss: 0.001
2020-10-07 11:41:37,000:INFO: - Eval metrics : accuracy: 0.987 ; loss: 0.070
2020-10-07 11:41:37,008:INFO: Epoch 26/100
2020-10-07 11:41:50,863:INFO: - Train metrics: accuracy: 0.998 ; loss: 0.002
2020-10-07 11:41:52,338:INFO: - Eval metrics : accuracy: 0.989 ; loss: 0.056
2020-10-07 11:41:52,343:INFO: Epoch 27/100
2020-10-07 11:42:06,218:INFO: - Train metrics: accuracy: 1.000 ; loss: 0.002
2020-10-07 11:42:07,695:INFO: - Eval metrics : accuracy: 0.987 ; loss: 0.075
2020-10-07 11:42:07,710:INFO: Epoch 28/100
2020-10-07 11:42:21,561:INFO: - Train metrics: accuracy: 1.000 ; loss: 0.001
2020-10-07 11:42:23,038:INFO: - Eval metrics : accuracy: 0.988 ; loss: 0.069
2020-10-07 11:42:23,047:INFO: Epoch 29/100
2020-10-07 11:42:36,867:INFO: - Train metrics: accuracy: 0.995 ; loss: 0.006
2020-10-07 11:42:38,345:INFO: - Eval metrics : accuracy: 0.988 ; loss: 0.065
2020-10-07 11:42:38,354:INFO: Epoch 30/100
2020-10-07 11:42:52,176:INFO: - Train metrics: accuracy: 1.000 ; loss: 0.001
2020-10-07 11:42:53,653:INFO: - Eval metrics : accuracy: 0.988 ; loss: 0.080
2020-10-07 11:42:53,662:INFO: Epoch 31/100
2020-10-07 11:43:07,733:INFO: - Train metrics: accuracy: 0.998 ; loss: 0.002
2020-10-07 11:43:09,215:INFO: - Eval metrics : accuracy: 0.987 ; loss: 0.090
2020-10-07 11:43:09,228:INFO: Epoch 32/100
2020-10-07 11:43:23,125:INFO: - Train metrics: accuracy: 0.997 ; loss: 0.014
2020-10-07 11:43:24,604:INFO: - Eval metrics : accuracy: 0.989 ; loss: 0.066
2020-10-07 11:43:24,612:INFO: Epoch 33/100
2020-10-07 11:43:38,509:INFO: - Train metrics: accuracy: 0.997 ; loss: 0.018
2020-10-07 11:43:39,988:INFO: - Eval metrics : accuracy: 0.987 ; loss: 0.078
2020-10-07 11:43:40,004:INFO: Epoch 34/100
2020-10-07 11:43:53,898:INFO: - Train metrics: accuracy: 0.995 ; loss: 0.013
2020-10-07 11:43:55,375:INFO: - Eval metrics : accuracy: 0.986 ; loss: 0.081
2020-10-07 11:43:55,385:INFO: Epoch 35/100
2020-10-07 11:44:09,172:INFO: - Train metrics: accuracy: 0.998 ; loss: 0.004
2020-10-07 11:44:10,649:INFO: - Eval metrics : accuracy: 0.987 ; loss: 0.084
2020-10-07 11:44:10,663:INFO: Epoch 36/100
2020-10-07 11:44:24,474:INFO: - Train metrics: accuracy: 0.998 ; loss: 0.020
2020-10-07 11:44:25,965:INFO: - Eval metrics : accuracy: 0.987 ; loss: 0.090
2020-10-07 11:44:25,973:INFO: Epoch 37/100
2020-10-07 11:44:39,849:INFO: - Train metrics: accuracy: 0.995 ; loss: 0.024
2020-10-07 11:44:41,326:INFO: - Eval metrics : accuracy: 0.988 ; loss: 0.091
2020-10-07 11:44:41,338:INFO: Epoch 38/100
2020-10-07 11:44:59,414:INFO: - Train metrics: accuracy: 0.998 ; loss: 0.002
2020-10-07 11:45:00,939:INFO: - Eval metrics : accuracy: 0.987 ; loss: 0.093
2020-10-07 11:45:00,944:INFO: Epoch 39/100
2020-10-07 11:48:52,147:INFO: - Train metrics: accuracy: 1.000 ; loss: 0.000
2020-10-07 11:48:53,625:INFO: - Eval metrics : accuracy: 0.988 ; loss: 0.076
2020-10-07 11:48:53,631:INFO: Epoch 40/100
2020-10-07 11:49:07,783:INFO: - Train metrics: accuracy: 1.000 ; loss: 0.000
2020-10-07 11:49:09,262:INFO: - Eval metrics : accuracy: 0.990 ; loss: 0.074
2020-10-07 11:49:09,267:INFO: Epoch 41/100
2020-10-07 11:49:38,798:INFO: - Train metrics: accuracy: 0.997 ; loss: 0.016
2020-10-07 11:49:40,277:INFO: - Eval metrics : accuracy: 0.989 ; loss: 0.074
2020-10-07 11:49:40,281:INFO: Epoch 42/100
2020-10-07 11:50:10,640:INFO: - Train metrics: accuracy: 0.997 ; loss: 0.008
2020-10-07 11:50:12,118:INFO: - Eval metrics : accuracy: 0.988 ; loss: 0.075
2020-10-07 11:50:12,415:INFO: Epoch 43/100
2020-10-07 11:50:37,711:INFO: - Train metrics: accuracy: 1.000 ; loss: 0.000
2020-10-07 11:50:39,189:INFO: - Eval metrics : accuracy: 0.988 ; loss: 0.078
2020-10-07 11:50:39,198:INFO: Epoch 44/100
2020-10-07 11:54:52,342:INFO: - Train metrics: accuracy: 0.997 ; loss: 0.008
2020-10-07 11:54:53,820:INFO: - Eval metrics : accuracy: 0.989 ; loss: 0.080
2020-10-07 11:54:53,827:INFO: Epoch 45/100
2020-10-07 11:55:07,953:INFO: - Train metrics: accuracy: 1.000 ; loss: 0.000
2020-10-07 11:55:09,431:INFO: - Eval metrics : accuracy: 0.987 ; loss: 0.093
2020-10-07 11:55:09,436:INFO: Epoch 46/100
2020-10-07 11:55:23,411:INFO: - Train metrics: accuracy: 0.998 ; loss: 0.004
2020-10-07 11:55:24,890:INFO: - Eval metrics : accuracy: 0.989 ; loss: 0.078
2020-10-07 11:55:24,900:INFO: Epoch 47/100
2020-10-07 11:56:45,914:INFO: - Train metrics: accuracy: 0.997 ; loss: 0.005
2020-10-07 11:56:47,399:INFO: - Eval metrics : accuracy: 0.988 ; loss: 0.084
2020-10-07 11:56:47,409:INFO: Epoch 48/100
2020-10-07 11:57:23,253:INFO: - Train metrics: accuracy: 1.000 ; loss: 0.001
2020-10-07 11:57:24,733:INFO: - Eval metrics : accuracy: 0.987 ; loss: 0.108
2020-10-07 11:57:24,742:INFO: Epoch 49/100
2020-10-07 11:57:40,775:INFO: - Train metrics: accuracy: 0.998 ; loss: 0.002
2020-10-07 11:57:42,253:INFO: - Eval metrics : accuracy: 0.990 ; loss: 0.078
2020-10-07 11:57:42,262:INFO: Epoch 50/100
2020-10-07 11:58:03,555:INFO: - Train metrics: accuracy: 0.998 ; loss: 0.002
2020-10-07 11:58:05,032:INFO: - Eval metrics : accuracy: 0.988 ; loss: 0.093
2020-10-07 11:58:05,037:INFO: Epoch 51/100
2020-10-07 11:58:25,697:INFO: - Train metrics: accuracy: 0.995 ; loss: 0.035
2020-10-07 11:58:27,207:INFO: - Eval metrics : accuracy: 0.990 ; loss: 0.084
2020-10-07 11:58:27,212:INFO: Epoch 52/100
2020-10-07 11:58:42,814:INFO: - Train metrics: accuracy: 0.998 ; loss: 0.002
2020-10-07 11:58:44,290:INFO: - Eval metrics : accuracy: 0.989 ; loss: 0.090
2020-10-07 11:58:44,299:INFO: Epoch 53/100
2020-10-07 11:58:59,924:INFO: - Train metrics: accuracy: 0.998 ; loss: 0.004
2020-10-07 11:59:01,411:INFO: - Eval metrics : accuracy: 0.989 ; loss: 0.093
2020-10-07 11:59:01,418:INFO: Epoch 54/100
2020-10-07 11:59:16,282:INFO: - Train metrics: accuracy: 1.000 ; loss: 0.001
2020-10-07 11:59:17,781:INFO: - Eval metrics : accuracy: 0.988 ; loss: 0.081
2020-10-07 11:59:17,789:INFO: Epoch 55/100
